<?xml version="1.0" encoding="UTF-8"?>
<testsuite xmlns:xsi="http://www.w3.org/2001/XMLSchema-instance" xsi:noNamespaceSchemaLocation="https://maven.apache.org/surefire/maven-surefire-plugin/xsd/surefire-test-report-3.0.xsd" version="3.0" name="com.ecommerce.admin.AdminApplicationTests" time="5.579" tests="1" errors="0" skipped="0" failures="0">
  <properties>
    <property name="java.specification.version" value="17"/>
    <property name="sun.jnu.encoding" value="UTF-8"/>
    <property name="java.class.path" value="/Users/apple/Documents/aws/Vnilusso/Admin/target/test-classes:/Users/apple/Documents/aws/Vnilusso/Admin/target/classes:/Users/apple/.m2/repository/org/springframework/boot/spring-boot-starter-data-jpa/3.1.4/spring-boot-starter-data-jpa-3.1.4.jar:/Users/apple/.m2/repository/org/springframework/boot/spring-boot-starter-aop/3.1.4/spring-boot-starter-aop-3.1.4.jar:/Users/apple/.m2/repository/org/aspectj/aspectjweaver/1.9.20/aspectjweaver-1.9.20.jar:/Users/apple/.m2/repository/org/springframework/boot/spring-boot-starter-jdbc/3.1.4/spring-boot-starter-jdbc-3.1.4.jar:/Users/apple/.m2/repository/com/zaxxer/HikariCP/5.0.1/HikariCP-5.0.1.jar:/Users/apple/.m2/repository/org/springframework/spring-jdbc/6.0.12/spring-jdbc-6.0.12.jar:/Users/apple/.m2/repository/org/hibernate/orm/hibernate-core/6.2.9.Final/hibernate-core-6.2.9.Final.jar:/Users/apple/.m2/repository/jakarta/persistence/jakarta.persistence-api/3.1.0/jakarta.persistence-api-3.1.0.jar:/Users/apple/.m2/repository/jakarta/transaction/jakarta.transaction-api/2.0.1/jakarta.transaction-api-2.0.1.jar:/Users/apple/.m2/repository/org/jboss/logging/jboss-logging/3.5.3.Final/jboss-logging-3.5.3.Final.jar:/Users/apple/.m2/repository/org/hibernate/common/hibernate-commons-annotations/6.0.6.Final/hibernate-commons-annotations-6.0.6.Final.jar:/Users/apple/.m2/repository/io/smallrye/jandex/3.0.5/jandex-3.0.5.jar:/Users/apple/.m2/repository/com/fasterxml/classmate/1.5.1/classmate-1.5.1.jar:/Users/apple/.m2/repository/net/bytebuddy/byte-buddy/1.14.8/byte-buddy-1.14.8.jar:/Users/apple/.m2/repository/org/glassfish/jaxb/jaxb-runtime/4.0.3/jaxb-runtime-4.0.3.jar:/Users/apple/.m2/repository/org/glassfish/jaxb/jaxb-core/4.0.3/jaxb-core-4.0.3.jar:/Users/apple/.m2/repository/org/glassfish/jaxb/txw2/4.0.3/txw2-4.0.3.jar:/Users/apple/.m2/repository/com/sun/istack/istack-commons-runtime/4.1.2/istack-commons-runtime-4.1.2.jar:/Users/apple/.m2/repository/jakarta/inject/jakarta.inject-api/2.0.1/jakarta.inject-api-2.0.1.jar:/Users/apple/.m2/repository/org/antlr/antlr4-runtime/4.10.1/antlr4-runtime-4.10.1.jar:/Users/apple/.m2/repository/org/springframework/data/spring-data-jpa/3.1.4/spring-data-jpa-3.1.4.jar:/Users/apple/.m2/repository/org/springframework/data/spring-data-commons/3.1.4/spring-data-commons-3.1.4.jar:/Users/apple/.m2/repository/org/springframework/spring-orm/6.0.12/spring-orm-6.0.12.jar:/Users/apple/.m2/repository/org/springframework/spring-context/6.0.12/spring-context-6.0.12.jar:/Users/apple/.m2/repository/org/springframework/spring-tx/6.0.12/spring-tx-6.0.12.jar:/Users/apple/.m2/repository/org/springframework/spring-beans/6.0.12/spring-beans-6.0.12.jar:/Users/apple/.m2/repository/jakarta/annotation/jakarta.annotation-api/2.1.1/jakarta.annotation-api-2.1.1.jar:/Users/apple/.m2/repository/org/springframework/spring-aspects/6.0.12/spring-aspects-6.0.12.jar:/Users/apple/.m2/repository/org/springframework/boot/spring-boot-starter-thymeleaf/3.1.4/spring-boot-starter-thymeleaf-3.1.4.jar:/Users/apple/.m2/repository/org/springframework/boot/spring-boot-starter/3.1.4/spring-boot-starter-3.1.4.jar:/Users/apple/.m2/repository/org/springframework/boot/spring-boot-starter-logging/3.1.4/spring-boot-starter-logging-3.1.4.jar:/Users/apple/.m2/repository/ch/qos/logback/logback-classic/1.4.11/logback-classic-1.4.11.jar:/Users/apple/.m2/repository/ch/qos/logback/logback-core/1.4.11/logback-core-1.4.11.jar:/Users/apple/.m2/repository/org/apache/logging/log4j/log4j-to-slf4j/2.20.0/log4j-to-slf4j-2.20.0.jar:/Users/apple/.m2/repository/org/slf4j/jul-to-slf4j/2.0.9/jul-to-slf4j-2.0.9.jar:/Users/apple/.m2/repository/org/yaml/snakeyaml/1.33/snakeyaml-1.33.jar:/Users/apple/.m2/repository/org/thymeleaf/thymeleaf-spring6/3.1.2.RELEASE/thymeleaf-spring6-3.1.2.RELEASE.jar:/Users/apple/.m2/repository/org/thymeleaf/thymeleaf/3.1.2.RELEASE/thymeleaf-3.1.2.RELEASE.jar:/Users/apple/.m2/repository/org/attoparser/attoparser/2.0.7.RELEASE/attoparser-2.0.7.RELEASE.jar:/Users/apple/.m2/repository/org/unbescape/unbescape/1.1.6.RELEASE/unbescape-1.1.6.RELEASE.jar:/Users/apple/.m2/repository/org/thymeleaf/extras/thymeleaf-extras-springsecurity6/3.1.2.RELEASE/thymeleaf-extras-springsecurity6-3.1.2.RELEASE.jar:/Users/apple/.m2/repository/org/slf4j/slf4j-api/2.0.9/slf4j-api-2.0.9.jar:/Users/apple/.m2/repository/org/springframework/boot/spring-boot-devtools/3.1.4/spring-boot-devtools-3.1.4.jar:/Users/apple/.m2/repository/org/springframework/boot/spring-boot/3.1.4/spring-boot-3.1.4.jar:/Users/apple/.m2/repository/org/springframework/boot/spring-boot-autoconfigure/3.1.4/spring-boot-autoconfigure-3.1.4.jar:/Users/apple/.m2/repository/org/springframework/boot/spring-boot-starter-mail/3.1.4/spring-boot-starter-mail-3.1.4.jar:/Users/apple/.m2/repository/org/springframework/spring-context-support/6.0.12/spring-context-support-6.0.12.jar:/Users/apple/.m2/repository/org/eclipse/angus/jakarta.mail/1.1.0/jakarta.mail-1.1.0.jar:/Users/apple/.m2/repository/jakarta/activation/jakarta.activation-api/2.1.2/jakarta.activation-api-2.1.2.jar:/Users/apple/.m2/repository/org/eclipse/angus/angus-activation/2.0.1/angus-activation-2.0.1.jar:/Users/apple/.m2/repository/org/springframework/boot/spring-boot-starter-oauth2-client/3.1.4/spring-boot-starter-oauth2-client-3.1.4.jar:/Users/apple/.m2/repository/org/springframework/security/spring-security-config/6.1.4/spring-security-config-6.1.4.jar:/Users/apple/.m2/repository/org/springframework/security/spring-security-core/6.1.4/spring-security-core-6.1.4.jar:/Users/apple/.m2/repository/org/springframework/security/spring-security-crypto/6.1.4/spring-security-crypto-6.1.4.jar:/Users/apple/.m2/repository/org/springframework/spring-expression/6.0.12/spring-expression-6.0.12.jar:/Users/apple/.m2/repository/io/micrometer/micrometer-observation/1.11.4/micrometer-observation-1.11.4.jar:/Users/apple/.m2/repository/io/micrometer/micrometer-commons/1.11.4/micrometer-commons-1.11.4.jar:/Users/apple/.m2/repository/org/springframework/security/spring-security-oauth2-client/6.1.4/spring-security-oauth2-client-6.1.4.jar:/Users/apple/.m2/repository/org/springframework/security/spring-security-oauth2-core/6.1.4/spring-security-oauth2-core-6.1.4.jar:/Users/apple/.m2/repository/com/nimbusds/oauth2-oidc-sdk/9.43.3/oauth2-oidc-sdk-9.43.3.jar:/Users/apple/.m2/repository/com/github/stephenc/jcip/jcip-annotations/1.0-1/jcip-annotations-1.0-1.jar:/Users/apple/.m2/repository/com/nimbusds/content-type/2.2/content-type-2.2.jar:/Users/apple/.m2/repository/com/nimbusds/lang-tag/1.7/lang-tag-1.7.jar:/Users/apple/.m2/repository/org/springframework/security/spring-security-oauth2-jose/6.1.4/spring-security-oauth2-jose-6.1.4.jar:/Users/apple/.m2/repository/com/nimbusds/nimbus-jose-jwt/9.31/nimbus-jose-jwt-9.31.jar:/Users/apple/.m2/repository/org/springframework/boot/spring-boot-starter-security/3.1.4/spring-boot-starter-security-3.1.4.jar:/Users/apple/.m2/repository/org/springframework/spring-aop/6.0.12/spring-aop-6.0.12.jar:/Users/apple/.m2/repository/org/springframework/security/spring-security-web/6.1.4/spring-security-web-6.1.4.jar:/Users/apple/.m2/repository/org/springframework/boot/spring-boot-starter-validation/3.1.4/spring-boot-starter-validation-3.1.4.jar:/Users/apple/.m2/repository/org/apache/tomcat/embed/tomcat-embed-el/10.1.13/tomcat-embed-el-10.1.13.jar:/Users/apple/.m2/repository/org/hibernate/validator/hibernate-validator/8.0.1.Final/hibernate-validator-8.0.1.Final.jar:/Users/apple/.m2/repository/jakarta/validation/jakarta.validation-api/3.0.2/jakarta.validation-api-3.0.2.jar:/Users/apple/.m2/repository/org/springframework/boot/spring-boot-starter-web/3.1.4/spring-boot-starter-web-3.1.4.jar:/Users/apple/.m2/repository/org/springframework/boot/spring-boot-starter-json/3.1.4/spring-boot-starter-json-3.1.4.jar:/Users/apple/.m2/repository/com/fasterxml/jackson/core/jackson-databind/2.15.2/jackson-databind-2.15.2.jar:/Users/apple/.m2/repository/com/fasterxml/jackson/core/jackson-annotations/2.15.2/jackson-annotations-2.15.2.jar:/Users/apple/.m2/repository/com/fasterxml/jackson/core/jackson-core/2.15.2/jackson-core-2.15.2.jar:/Users/apple/.m2/repository/com/fasterxml/jackson/datatype/jackson-datatype-jdk8/2.15.2/jackson-datatype-jdk8-2.15.2.jar:/Users/apple/.m2/repository/com/fasterxml/jackson/datatype/jackson-datatype-jsr310/2.15.2/jackson-datatype-jsr310-2.15.2.jar:/Users/apple/.m2/repository/com/fasterxml/jackson/module/jackson-module-parameter-names/2.15.2/jackson-module-parameter-names-2.15.2.jar:/Users/apple/.m2/repository/org/springframework/boot/spring-boot-starter-tomcat/3.1.4/spring-boot-starter-tomcat-3.1.4.jar:/Users/apple/.m2/repository/org/apache/tomcat/embed/tomcat-embed-websocket/10.1.13/tomcat-embed-websocket-10.1.13.jar:/Users/apple/.m2/repository/org/springframework/spring-web/6.0.12/spring-web-6.0.12.jar:/Users/apple/.m2/repository/org/springframework/spring-webmvc/6.0.12/spring-webmvc-6.0.12.jar:/Users/apple/.m2/repository/org/postgresql/postgresql/42.6.0/postgresql-42.6.0.jar:/Users/apple/.m2/repository/org/checkerframework/checker-qual/3.31.0/checker-qual-3.31.0.jar:/Users/apple/.m2/repository/org/projectlombok/lombok/1.18.30/lombok-1.18.30.jar:/Users/apple/.m2/repository/org/springframework/boot/spring-boot-starter-test/3.1.4/spring-boot-starter-test-3.1.4.jar:/Users/apple/.m2/repository/org/springframework/boot/spring-boot-test/3.1.4/spring-boot-test-3.1.4.jar:/Users/apple/.m2/repository/org/springframework/boot/spring-boot-test-autoconfigure/3.1.4/spring-boot-test-autoconfigure-3.1.4.jar:/Users/apple/.m2/repository/com/jayway/jsonpath/json-path/2.8.0/json-path-2.8.0.jar:/Users/apple/.m2/repository/jakarta/xml/bind/jakarta.xml.bind-api/4.0.1/jakarta.xml.bind-api-4.0.1.jar:/Users/apple/.m2/repository/net/minidev/json-smart/2.4.11/json-smart-2.4.11.jar:/Users/apple/.m2/repository/net/minidev/accessors-smart/2.4.11/accessors-smart-2.4.11.jar:/Users/apple/.m2/repository/org/ow2/asm/asm/9.3/asm-9.3.jar:/Users/apple/.m2/repository/org/assertj/assertj-core/3.24.2/assertj-core-3.24.2.jar:/Users/apple/.m2/repository/org/hamcrest/hamcrest/2.2/hamcrest-2.2.jar:/Users/apple/.m2/repository/org/junit/jupiter/junit-jupiter/5.9.3/junit-jupiter-5.9.3.jar:/Users/apple/.m2/repository/org/junit/jupiter/junit-jupiter-api/5.9.3/junit-jupiter-api-5.9.3.jar:/Users/apple/.m2/repository/org/opentest4j/opentest4j/1.2.0/opentest4j-1.2.0.jar:/Users/apple/.m2/repository/org/junit/platform/junit-platform-commons/1.9.3/junit-platform-commons-1.9.3.jar:/Users/apple/.m2/repository/org/apiguardian/apiguardian-api/1.1.2/apiguardian-api-1.1.2.jar:/Users/apple/.m2/repository/org/junit/jupiter/junit-jupiter-params/5.9.3/junit-jupiter-params-5.9.3.jar:/Users/apple/.m2/repository/org/junit/jupiter/junit-jupiter-engine/5.9.3/junit-jupiter-engine-5.9.3.jar:/Users/apple/.m2/repository/org/junit/platform/junit-platform-engine/1.9.3/junit-platform-engine-1.9.3.jar:/Users/apple/.m2/repository/org/mockito/mockito-core/5.3.1/mockito-core-5.3.1.jar:/Users/apple/.m2/repository/net/bytebuddy/byte-buddy-agent/1.14.8/byte-buddy-agent-1.14.8.jar:/Users/apple/.m2/repository/org/objenesis/objenesis/3.3/objenesis-3.3.jar:/Users/apple/.m2/repository/org/mockito/mockito-junit-jupiter/5.3.1/mockito-junit-jupiter-5.3.1.jar:/Users/apple/.m2/repository/org/skyscreamer/jsonassert/1.5.1/jsonassert-1.5.1.jar:/Users/apple/.m2/repository/com/vaadin/external/google/android-json/0.0.20131108.vaadin1/android-json-0.0.20131108.vaadin1.jar:/Users/apple/.m2/repository/org/springframework/spring-core/6.0.12/spring-core-6.0.12.jar:/Users/apple/.m2/repository/org/springframework/spring-jcl/6.0.12/spring-jcl-6.0.12.jar:/Users/apple/.m2/repository/org/springframework/spring-test/6.0.12/spring-test-6.0.12.jar:/Users/apple/.m2/repository/org/xmlunit/xmlunit-core/2.9.1/xmlunit-core-2.9.1.jar:/Users/apple/.m2/repository/org/springframework/security/spring-security-test/6.1.4/spring-security-test-6.1.4.jar:/Users/apple/Documents/aws/Vnilusso/Library/target/Library-0.0.1-SNAPSHOT.jar:/Users/apple/.m2/repository/org/apache/tomcat/embed/tomcat-embed-core/10.1.13/tomcat-embed-core-10.1.13.jar:/Users/apple/.m2/repository/org/apache/tomcat/tomcat-annotations-api/10.1.13/tomcat-annotations-api-10.1.13.jar:/Users/apple/.m2/repository/com/razorpay/razorpay-java/1.4.4/razorpay-java-1.4.4.jar:/Users/apple/.m2/repository/org/json/json/20180130/json-20180130.jar:/Users/apple/.m2/repository/com/squareup/okhttp3/okhttp/4.10.0/okhttp-4.10.0.jar:/Users/apple/.m2/repository/com/squareup/okio/okio-jvm/3.0.0/okio-jvm-3.0.0.jar:/Users/apple/.m2/repository/org/jetbrains/kotlin/kotlin-stdlib-common/1.8.22/kotlin-stdlib-common-1.8.22.jar:/Users/apple/.m2/repository/org/jetbrains/kotlin/kotlin-stdlib/1.8.22/kotlin-stdlib-1.8.22.jar:/Users/apple/.m2/repository/org/jetbrains/annotations/13.0/annotations-13.0.jar:/Users/apple/.m2/repository/com/squareup/okhttp3/logging-interceptor/4.10.0/logging-interceptor-4.10.0.jar:/Users/apple/.m2/repository/org/jetbrains/kotlin/kotlin-stdlib-jdk8/1.8.22/kotlin-stdlib-jdk8-1.8.22.jar:/Users/apple/.m2/repository/org/jetbrains/kotlin/kotlin-stdlib-jdk7/1.8.22/kotlin-stdlib-jdk7-1.8.22.jar:/Users/apple/.m2/repository/commons-codec/commons-codec/1.15/commons-codec-1.15.jar:/Users/apple/.m2/repository/org/apache/commons/commons-text/1.3/commons-text-1.3.jar:/Users/apple/.m2/repository/org/apache/commons/commons-lang3/3.12.0/commons-lang3-3.12.0.jar:/Users/apple/.m2/repository/com/github/librepdf/openpdf/1.3.30/openpdf-1.3.30.jar:/Users/apple/.m2/repository/com/google/code/findbugs/jsr305/3.0.2/jsr305-3.0.2.jar:/Users/apple/.m2/repository/org/apache/poi/poi/5.2.3/poi-5.2.3.jar:/Users/apple/.m2/repository/org/apache/commons/commons-collections4/4.4/commons-collections4-4.4.jar:/Users/apple/.m2/repository/org/apache/commons/commons-math3/3.6.1/commons-math3-3.6.1.jar:/Users/apple/.m2/repository/commons-io/commons-io/2.11.0/commons-io-2.11.0.jar:/Users/apple/.m2/repository/com/zaxxer/SparseBitSet/1.2/SparseBitSet-1.2.jar:/Users/apple/.m2/repository/org/apache/logging/log4j/log4j-api/2.20.0/log4j-api-2.20.0.jar:"/>
    <property name="java.vm.vendor" value="Amazon.com Inc."/>
    <property name="sun.arch.data.model" value="64"/>
    <property name="java.vendor.url" value="https://aws.amazon.com/corretto/"/>
    <property name="user.timezone" value="Asia/Kolkata"/>
    <property name="org.jboss.logging.provider" value="slf4j"/>
    <property name="os.name" value="Mac OS X"/>
    <property name="java.vm.specification.version" value="17"/>
    <property name="sun.java.launcher" value="SUN_STANDARD"/>
    <property name="user.country" value="IN"/>
    <property name="sun.boot.library.path" value="/Users/apple/Library/Java/JavaVirtualMachines/corretto-17.0.8.1/Contents/Home/lib"/>
    <property name="sun.java.command" value="/Users/apple/Documents/aws/Vnilusso/Admin/target/surefire/surefirebooter-20231115172005710_11.jar /Users/apple/Documents/aws/Vnilusso/Admin/target/surefire 2023-11-15T17-19-48_500-jvmRun1 surefire-20231115172005710_9tmp surefire_2-20231115172005710_10tmp"/>
    <property name="http.nonProxyHosts" value="local|*.local|169.254/16|*.169.254/16"/>
    <property name="jdk.debug" value="release"/>
    <property name="surefire.test.class.path" value="/Users/apple/Documents/aws/Vnilusso/Admin/target/test-classes:/Users/apple/Documents/aws/Vnilusso/Admin/target/classes:/Users/apple/.m2/repository/org/springframework/boot/spring-boot-starter-data-jpa/3.1.4/spring-boot-starter-data-jpa-3.1.4.jar:/Users/apple/.m2/repository/org/springframework/boot/spring-boot-starter-aop/3.1.4/spring-boot-starter-aop-3.1.4.jar:/Users/apple/.m2/repository/org/aspectj/aspectjweaver/1.9.20/aspectjweaver-1.9.20.jar:/Users/apple/.m2/repository/org/springframework/boot/spring-boot-starter-jdbc/3.1.4/spring-boot-starter-jdbc-3.1.4.jar:/Users/apple/.m2/repository/com/zaxxer/HikariCP/5.0.1/HikariCP-5.0.1.jar:/Users/apple/.m2/repository/org/springframework/spring-jdbc/6.0.12/spring-jdbc-6.0.12.jar:/Users/apple/.m2/repository/org/hibernate/orm/hibernate-core/6.2.9.Final/hibernate-core-6.2.9.Final.jar:/Users/apple/.m2/repository/jakarta/persistence/jakarta.persistence-api/3.1.0/jakarta.persistence-api-3.1.0.jar:/Users/apple/.m2/repository/jakarta/transaction/jakarta.transaction-api/2.0.1/jakarta.transaction-api-2.0.1.jar:/Users/apple/.m2/repository/org/jboss/logging/jboss-logging/3.5.3.Final/jboss-logging-3.5.3.Final.jar:/Users/apple/.m2/repository/org/hibernate/common/hibernate-commons-annotations/6.0.6.Final/hibernate-commons-annotations-6.0.6.Final.jar:/Users/apple/.m2/repository/io/smallrye/jandex/3.0.5/jandex-3.0.5.jar:/Users/apple/.m2/repository/com/fasterxml/classmate/1.5.1/classmate-1.5.1.jar:/Users/apple/.m2/repository/net/bytebuddy/byte-buddy/1.14.8/byte-buddy-1.14.8.jar:/Users/apple/.m2/repository/org/glassfish/jaxb/jaxb-runtime/4.0.3/jaxb-runtime-4.0.3.jar:/Users/apple/.m2/repository/org/glassfish/jaxb/jaxb-core/4.0.3/jaxb-core-4.0.3.jar:/Users/apple/.m2/repository/org/glassfish/jaxb/txw2/4.0.3/txw2-4.0.3.jar:/Users/apple/.m2/repository/com/sun/istack/istack-commons-runtime/4.1.2/istack-commons-runtime-4.1.2.jar:/Users/apple/.m2/repository/jakarta/inject/jakarta.inject-api/2.0.1/jakarta.inject-api-2.0.1.jar:/Users/apple/.m2/repository/org/antlr/antlr4-runtime/4.10.1/antlr4-runtime-4.10.1.jar:/Users/apple/.m2/repository/org/springframework/data/spring-data-jpa/3.1.4/spring-data-jpa-3.1.4.jar:/Users/apple/.m2/repository/org/springframework/data/spring-data-commons/3.1.4/spring-data-commons-3.1.4.jar:/Users/apple/.m2/repository/org/springframework/spring-orm/6.0.12/spring-orm-6.0.12.jar:/Users/apple/.m2/repository/org/springframework/spring-context/6.0.12/spring-context-6.0.12.jar:/Users/apple/.m2/repository/org/springframework/spring-tx/6.0.12/spring-tx-6.0.12.jar:/Users/apple/.m2/repository/org/springframework/spring-beans/6.0.12/spring-beans-6.0.12.jar:/Users/apple/.m2/repository/jakarta/annotation/jakarta.annotation-api/2.1.1/jakarta.annotation-api-2.1.1.jar:/Users/apple/.m2/repository/org/springframework/spring-aspects/6.0.12/spring-aspects-6.0.12.jar:/Users/apple/.m2/repository/org/springframework/boot/spring-boot-starter-thymeleaf/3.1.4/spring-boot-starter-thymeleaf-3.1.4.jar:/Users/apple/.m2/repository/org/springframework/boot/spring-boot-starter/3.1.4/spring-boot-starter-3.1.4.jar:/Users/apple/.m2/repository/org/springframework/boot/spring-boot-starter-logging/3.1.4/spring-boot-starter-logging-3.1.4.jar:/Users/apple/.m2/repository/ch/qos/logback/logback-classic/1.4.11/logback-classic-1.4.11.jar:/Users/apple/.m2/repository/ch/qos/logback/logback-core/1.4.11/logback-core-1.4.11.jar:/Users/apple/.m2/repository/org/apache/logging/log4j/log4j-to-slf4j/2.20.0/log4j-to-slf4j-2.20.0.jar:/Users/apple/.m2/repository/org/slf4j/jul-to-slf4j/2.0.9/jul-to-slf4j-2.0.9.jar:/Users/apple/.m2/repository/org/yaml/snakeyaml/1.33/snakeyaml-1.33.jar:/Users/apple/.m2/repository/org/thymeleaf/thymeleaf-spring6/3.1.2.RELEASE/thymeleaf-spring6-3.1.2.RELEASE.jar:/Users/apple/.m2/repository/org/thymeleaf/thymeleaf/3.1.2.RELEASE/thymeleaf-3.1.2.RELEASE.jar:/Users/apple/.m2/repository/org/attoparser/attoparser/2.0.7.RELEASE/attoparser-2.0.7.RELEASE.jar:/Users/apple/.m2/repository/org/unbescape/unbescape/1.1.6.RELEASE/unbescape-1.1.6.RELEASE.jar:/Users/apple/.m2/repository/org/thymeleaf/extras/thymeleaf-extras-springsecurity6/3.1.2.RELEASE/thymeleaf-extras-springsecurity6-3.1.2.RELEASE.jar:/Users/apple/.m2/repository/org/slf4j/slf4j-api/2.0.9/slf4j-api-2.0.9.jar:/Users/apple/.m2/repository/org/springframework/boot/spring-boot-devtools/3.1.4/spring-boot-devtools-3.1.4.jar:/Users/apple/.m2/repository/org/springframework/boot/spring-boot/3.1.4/spring-boot-3.1.4.jar:/Users/apple/.m2/repository/org/springframework/boot/spring-boot-autoconfigure/3.1.4/spring-boot-autoconfigure-3.1.4.jar:/Users/apple/.m2/repository/org/springframework/boot/spring-boot-starter-mail/3.1.4/spring-boot-starter-mail-3.1.4.jar:/Users/apple/.m2/repository/org/springframework/spring-context-support/6.0.12/spring-context-support-6.0.12.jar:/Users/apple/.m2/repository/org/eclipse/angus/jakarta.mail/1.1.0/jakarta.mail-1.1.0.jar:/Users/apple/.m2/repository/jakarta/activation/jakarta.activation-api/2.1.2/jakarta.activation-api-2.1.2.jar:/Users/apple/.m2/repository/org/eclipse/angus/angus-activation/2.0.1/angus-activation-2.0.1.jar:/Users/apple/.m2/repository/org/springframework/boot/spring-boot-starter-oauth2-client/3.1.4/spring-boot-starter-oauth2-client-3.1.4.jar:/Users/apple/.m2/repository/org/springframework/security/spring-security-config/6.1.4/spring-security-config-6.1.4.jar:/Users/apple/.m2/repository/org/springframework/security/spring-security-core/6.1.4/spring-security-core-6.1.4.jar:/Users/apple/.m2/repository/org/springframework/security/spring-security-crypto/6.1.4/spring-security-crypto-6.1.4.jar:/Users/apple/.m2/repository/org/springframework/spring-expression/6.0.12/spring-expression-6.0.12.jar:/Users/apple/.m2/repository/io/micrometer/micrometer-observation/1.11.4/micrometer-observation-1.11.4.jar:/Users/apple/.m2/repository/io/micrometer/micrometer-commons/1.11.4/micrometer-commons-1.11.4.jar:/Users/apple/.m2/repository/org/springframework/security/spring-security-oauth2-client/6.1.4/spring-security-oauth2-client-6.1.4.jar:/Users/apple/.m2/repository/org/springframework/security/spring-security-oauth2-core/6.1.4/spring-security-oauth2-core-6.1.4.jar:/Users/apple/.m2/repository/com/nimbusds/oauth2-oidc-sdk/9.43.3/oauth2-oidc-sdk-9.43.3.jar:/Users/apple/.m2/repository/com/github/stephenc/jcip/jcip-annotations/1.0-1/jcip-annotations-1.0-1.jar:/Users/apple/.m2/repository/com/nimbusds/content-type/2.2/content-type-2.2.jar:/Users/apple/.m2/repository/com/nimbusds/lang-tag/1.7/lang-tag-1.7.jar:/Users/apple/.m2/repository/org/springframework/security/spring-security-oauth2-jose/6.1.4/spring-security-oauth2-jose-6.1.4.jar:/Users/apple/.m2/repository/com/nimbusds/nimbus-jose-jwt/9.31/nimbus-jose-jwt-9.31.jar:/Users/apple/.m2/repository/org/springframework/boot/spring-boot-starter-security/3.1.4/spring-boot-starter-security-3.1.4.jar:/Users/apple/.m2/repository/org/springframework/spring-aop/6.0.12/spring-aop-6.0.12.jar:/Users/apple/.m2/repository/org/springframework/security/spring-security-web/6.1.4/spring-security-web-6.1.4.jar:/Users/apple/.m2/repository/org/springframework/boot/spring-boot-starter-validation/3.1.4/spring-boot-starter-validation-3.1.4.jar:/Users/apple/.m2/repository/org/apache/tomcat/embed/tomcat-embed-el/10.1.13/tomcat-embed-el-10.1.13.jar:/Users/apple/.m2/repository/org/hibernate/validator/hibernate-validator/8.0.1.Final/hibernate-validator-8.0.1.Final.jar:/Users/apple/.m2/repository/jakarta/validation/jakarta.validation-api/3.0.2/jakarta.validation-api-3.0.2.jar:/Users/apple/.m2/repository/org/springframework/boot/spring-boot-starter-web/3.1.4/spring-boot-starter-web-3.1.4.jar:/Users/apple/.m2/repository/org/springframework/boot/spring-boot-starter-json/3.1.4/spring-boot-starter-json-3.1.4.jar:/Users/apple/.m2/repository/com/fasterxml/jackson/core/jackson-databind/2.15.2/jackson-databind-2.15.2.jar:/Users/apple/.m2/repository/com/fasterxml/jackson/core/jackson-annotations/2.15.2/jackson-annotations-2.15.2.jar:/Users/apple/.m2/repository/com/fasterxml/jackson/core/jackson-core/2.15.2/jackson-core-2.15.2.jar:/Users/apple/.m2/repository/com/fasterxml/jackson/datatype/jackson-datatype-jdk8/2.15.2/jackson-datatype-jdk8-2.15.2.jar:/Users/apple/.m2/repository/com/fasterxml/jackson/datatype/jackson-datatype-jsr310/2.15.2/jackson-datatype-jsr310-2.15.2.jar:/Users/apple/.m2/repository/com/fasterxml/jackson/module/jackson-module-parameter-names/2.15.2/jackson-module-parameter-names-2.15.2.jar:/Users/apple/.m2/repository/org/springframework/boot/spring-boot-starter-tomcat/3.1.4/spring-boot-starter-tomcat-3.1.4.jar:/Users/apple/.m2/repository/org/apache/tomcat/embed/tomcat-embed-websocket/10.1.13/tomcat-embed-websocket-10.1.13.jar:/Users/apple/.m2/repository/org/springframework/spring-web/6.0.12/spring-web-6.0.12.jar:/Users/apple/.m2/repository/org/springframework/spring-webmvc/6.0.12/spring-webmvc-6.0.12.jar:/Users/apple/.m2/repository/org/postgresql/postgresql/42.6.0/postgresql-42.6.0.jar:/Users/apple/.m2/repository/org/checkerframework/checker-qual/3.31.0/checker-qual-3.31.0.jar:/Users/apple/.m2/repository/org/projectlombok/lombok/1.18.30/lombok-1.18.30.jar:/Users/apple/.m2/repository/org/springframework/boot/spring-boot-starter-test/3.1.4/spring-boot-starter-test-3.1.4.jar:/Users/apple/.m2/repository/org/springframework/boot/spring-boot-test/3.1.4/spring-boot-test-3.1.4.jar:/Users/apple/.m2/repository/org/springframework/boot/spring-boot-test-autoconfigure/3.1.4/spring-boot-test-autoconfigure-3.1.4.jar:/Users/apple/.m2/repository/com/jayway/jsonpath/json-path/2.8.0/json-path-2.8.0.jar:/Users/apple/.m2/repository/jakarta/xml/bind/jakarta.xml.bind-api/4.0.1/jakarta.xml.bind-api-4.0.1.jar:/Users/apple/.m2/repository/net/minidev/json-smart/2.4.11/json-smart-2.4.11.jar:/Users/apple/.m2/repository/net/minidev/accessors-smart/2.4.11/accessors-smart-2.4.11.jar:/Users/apple/.m2/repository/org/ow2/asm/asm/9.3/asm-9.3.jar:/Users/apple/.m2/repository/org/assertj/assertj-core/3.24.2/assertj-core-3.24.2.jar:/Users/apple/.m2/repository/org/hamcrest/hamcrest/2.2/hamcrest-2.2.jar:/Users/apple/.m2/repository/org/junit/jupiter/junit-jupiter/5.9.3/junit-jupiter-5.9.3.jar:/Users/apple/.m2/repository/org/junit/jupiter/junit-jupiter-api/5.9.3/junit-jupiter-api-5.9.3.jar:/Users/apple/.m2/repository/org/opentest4j/opentest4j/1.2.0/opentest4j-1.2.0.jar:/Users/apple/.m2/repository/org/junit/platform/junit-platform-commons/1.9.3/junit-platform-commons-1.9.3.jar:/Users/apple/.m2/repository/org/apiguardian/apiguardian-api/1.1.2/apiguardian-api-1.1.2.jar:/Users/apple/.m2/repository/org/junit/jupiter/junit-jupiter-params/5.9.3/junit-jupiter-params-5.9.3.jar:/Users/apple/.m2/repository/org/junit/jupiter/junit-jupiter-engine/5.9.3/junit-jupiter-engine-5.9.3.jar:/Users/apple/.m2/repository/org/junit/platform/junit-platform-engine/1.9.3/junit-platform-engine-1.9.3.jar:/Users/apple/.m2/repository/org/mockito/mockito-core/5.3.1/mockito-core-5.3.1.jar:/Users/apple/.m2/repository/net/bytebuddy/byte-buddy-agent/1.14.8/byte-buddy-agent-1.14.8.jar:/Users/apple/.m2/repository/org/objenesis/objenesis/3.3/objenesis-3.3.jar:/Users/apple/.m2/repository/org/mockito/mockito-junit-jupiter/5.3.1/mockito-junit-jupiter-5.3.1.jar:/Users/apple/.m2/repository/org/skyscreamer/jsonassert/1.5.1/jsonassert-1.5.1.jar:/Users/apple/.m2/repository/com/vaadin/external/google/android-json/0.0.20131108.vaadin1/android-json-0.0.20131108.vaadin1.jar:/Users/apple/.m2/repository/org/springframework/spring-core/6.0.12/spring-core-6.0.12.jar:/Users/apple/.m2/repository/org/springframework/spring-jcl/6.0.12/spring-jcl-6.0.12.jar:/Users/apple/.m2/repository/org/springframework/spring-test/6.0.12/spring-test-6.0.12.jar:/Users/apple/.m2/repository/org/xmlunit/xmlunit-core/2.9.1/xmlunit-core-2.9.1.jar:/Users/apple/.m2/repository/org/springframework/security/spring-security-test/6.1.4/spring-security-test-6.1.4.jar:/Users/apple/Documents/aws/Vnilusso/Library/target/Library-0.0.1-SNAPSHOT.jar:/Users/apple/.m2/repository/org/apache/tomcat/embed/tomcat-embed-core/10.1.13/tomcat-embed-core-10.1.13.jar:/Users/apple/.m2/repository/org/apache/tomcat/tomcat-annotations-api/10.1.13/tomcat-annotations-api-10.1.13.jar:/Users/apple/.m2/repository/com/razorpay/razorpay-java/1.4.4/razorpay-java-1.4.4.jar:/Users/apple/.m2/repository/org/json/json/20180130/json-20180130.jar:/Users/apple/.m2/repository/com/squareup/okhttp3/okhttp/4.10.0/okhttp-4.10.0.jar:/Users/apple/.m2/repository/com/squareup/okio/okio-jvm/3.0.0/okio-jvm-3.0.0.jar:/Users/apple/.m2/repository/org/jetbrains/kotlin/kotlin-stdlib-common/1.8.22/kotlin-stdlib-common-1.8.22.jar:/Users/apple/.m2/repository/org/jetbrains/kotlin/kotlin-stdlib/1.8.22/kotlin-stdlib-1.8.22.jar:/Users/apple/.m2/repository/org/jetbrains/annotations/13.0/annotations-13.0.jar:/Users/apple/.m2/repository/com/squareup/okhttp3/logging-interceptor/4.10.0/logging-interceptor-4.10.0.jar:/Users/apple/.m2/repository/org/jetbrains/kotlin/kotlin-stdlib-jdk8/1.8.22/kotlin-stdlib-jdk8-1.8.22.jar:/Users/apple/.m2/repository/org/jetbrains/kotlin/kotlin-stdlib-jdk7/1.8.22/kotlin-stdlib-jdk7-1.8.22.jar:/Users/apple/.m2/repository/commons-codec/commons-codec/1.15/commons-codec-1.15.jar:/Users/apple/.m2/repository/org/apache/commons/commons-text/1.3/commons-text-1.3.jar:/Users/apple/.m2/repository/org/apache/commons/commons-lang3/3.12.0/commons-lang3-3.12.0.jar:/Users/apple/.m2/repository/com/github/librepdf/openpdf/1.3.30/openpdf-1.3.30.jar:/Users/apple/.m2/repository/com/google/code/findbugs/jsr305/3.0.2/jsr305-3.0.2.jar:/Users/apple/.m2/repository/org/apache/poi/poi/5.2.3/poi-5.2.3.jar:/Users/apple/.m2/repository/org/apache/commons/commons-collections4/4.4/commons-collections4-4.4.jar:/Users/apple/.m2/repository/org/apache/commons/commons-math3/3.6.1/commons-math3-3.6.1.jar:/Users/apple/.m2/repository/commons-io/commons-io/2.11.0/commons-io-2.11.0.jar:/Users/apple/.m2/repository/com/zaxxer/SparseBitSet/1.2/SparseBitSet-1.2.jar:/Users/apple/.m2/repository/org/apache/logging/log4j/log4j-api/2.20.0/log4j-api-2.20.0.jar:"/>
    <property name="sun.cpu.endian" value="little"/>
    <property name="user.home" value="/Users/apple"/>
    <property name="user.language" value="en"/>
    <property name="java.specification.vendor" value="Oracle Corporation"/>
    <property name="java.version.date" value="2023-08-22"/>
    <property name="java.home" value="/Users/apple/Library/Java/JavaVirtualMachines/corretto-17.0.8.1/Contents/Home"/>
    <property name="file.separator" value="/"/>
    <property name="basedir" value="/Users/apple/Documents/aws/Vnilusso/Admin"/>
    <property name="java.vm.compressedOopsMode" value="Zero based"/>
    <property name="line.separator" value="&#10;"/>
    <property name="java.vm.specification.vendor" value="Oracle Corporation"/>
    <property name="java.specification.name" value="Java Platform API Specification"/>
    <property name="FILE_LOG_CHARSET" value="US-ASCII"/>
    <property name="java.awt.headless" value="true"/>
    <property name="surefire.real.class.path" value="/Users/apple/Documents/aws/Vnilusso/Admin/target/surefire/surefirebooter-20231115172005710_11.jar"/>
    <property name="sun.management.compiler" value="HotSpot 64-Bit Tiered Compilers"/>
    <property name="ftp.nonProxyHosts" value="local|*.local|169.254/16|*.169.254/16"/>
    <property name="java.runtime.version" value="17.0.8.1+8-LTS"/>
    <property name="user.name" value="apple"/>
    <property name="path.separator" value=":"/>
    <property name="os.version" value="13.5.2"/>
    <property name="java.runtime.name" value="OpenJDK Runtime Environment"/>
    <property name="file.encoding" value="US-ASCII"/>
    <property name="java.vm.name" value="OpenJDK 64-Bit Server VM"/>
    <property name="java.vendor.version" value="Corretto-17.0.8.8.1"/>
    <property name="localRepository" value="/Users/apple/.m2/repository"/>
    <property name="java.vendor.url.bug" value="https://github.com/corretto/corretto-17/issues/"/>
    <property name="java.io.tmpdir" value="/var/folders/k4/hs3gn24936xb5rnznnc0yln80000gp/T/"/>
    <property name="idea.version" value="2023.2.1"/>
    <property name="com.zaxxer.hikari.pool_number" value="1"/>
    <property name="java.version" value="17.0.8.1"/>
    <property name="user.dir" value="/Users/apple/Documents/aws/Vnilusso/Admin"/>
    <property name="os.arch" value="aarch64"/>
    <property name="java.vm.specification.name" value="Java Virtual Machine Specification"/>
    <property name="PID" value="7395"/>
    <property name="CONSOLE_LOG_CHARSET" value="US-ASCII"/>
    <property name="native.encoding" value="US-ASCII"/>
    <property name="java.library.path" value="/Users/apple/Library/Java/Extensions:/Library/Java/Extensions:/Network/Library/Java/Extensions:/System/Library/Java/Extensions:/usr/lib/java:."/>
    <property name="java.vm.info" value="mixed mode, sharing"/>
    <property name="java.vendor" value="Amazon.com Inc."/>
    <property name="java.vm.version" value="17.0.8.1+8-LTS"/>
    <property name="sun.io.unicode.encoding" value="UnicodeBig"/>
    <property name="socksNonProxyHosts" value="local|*.local|169.254/16|*.169.254/16"/>
    <property name="java.class.version" value="61.0"/>
  </properties>
  <testcase name="contextLoads" classname="com.ecommerce.admin.AdminApplicationTests" time="0.353">
    <system-out><![CDATA[17:20:06.155 [main] INFO org.springframework.test.context.support.AnnotationConfigContextLoaderUtils -- Could not detect default configuration classes for test class [com.ecommerce.admin.AdminApplicationTests]: AdminApplicationTests does not declare any static, non-private, non-final, nested classes annotated with @Configuration.
17:20:06.215 [main] INFO org.springframework.boot.test.context.SpringBootTestContextBootstrapper -- Found @SpringBootConfiguration com.ecommerce.admin.AdminApplication for test class com.ecommerce.admin.AdminApplicationTests

  .   ____          _            __ _ _
 /\\ / ___'_ __ _ _(_)_ __  __ _ \ \ \ \
( ( )\___ | '_ | '_| | '_ \/ _` | \ \ \ \
 \\/  ___)| |_)| | | | | || (_| |  ) ) ) )
  '  |____| .__|_| |_|_| |_\__, | / / / /
 =========|_|==============|___/=/_/_/_/
 :: Spring Boot ::                (v3.1.4)

2023-11-15T17:20:06.434+05:30  WARN 7395 --- [           main] ory$DuplicateJsonObjectContextCustomizer : 

Found multiple occurrences of org.json.JSONObject on the class path:

	jar:file:/Users/apple/.m2/repository/com/vaadin/external/google/android-json/0.0.20131108.vaadin1/android-json-0.0.20131108.vaadin1.jar!/org/json/JSONObject.class
	jar:file:/Users/apple/.m2/repository/org/json/json/20180130/json-20180130.jar!/org/json/JSONObject.class

You may wish to exclude one of them to ensure predictable runtime behavior

2023-11-15T17:20:06.448+05:30  INFO 7395 --- [           main] c.ecommerce.admin.AdminApplicationTests  : Starting AdminApplicationTests using Java 17.0.8.1 with PID 7395 (started by apple in /Users/apple/Documents/aws/Vnilusso/Admin)
2023-11-15T17:20:06.449+05:30  INFO 7395 --- [           main] c.ecommerce.admin.AdminApplicationTests  : No active profile set, falling back to 1 default profile: "default"
2023-11-15T17:20:06.449+05:30 DEBUG 7395 --- [           main] o.s.boot.SpringApplication               : Loading source class com.ecommerce.admin.AdminApplication
2023-11-15T17:20:06.470+05:30 DEBUG 7395 --- [           main] o.s.w.c.s.GenericWebApplicationContext   : Refreshing org.springframework.web.context.support.GenericWebApplicationContext@37cd92d6
2023-11-15T17:20:06.482+05:30 DEBUG 7395 --- [           main] o.s.b.f.s.DefaultListableBeanFactory     : Creating shared instance of singleton bean 'org.springframework.context.annotation.internalConfigurationAnnotationProcessor'
2023-11-15T17:20:06.490+05:30 DEBUG 7395 --- [           main] o.s.b.f.s.DefaultListableBeanFactory     : Creating shared instance of singleton bean 'org.springframework.boot.autoconfigure.internalCachingMetadataReaderFactory'
2023-11-15T17:20:06.510+05:30 DEBUG 7395 --- [           main] o.s.c.a.ClassPathBeanDefinitionScanner   : Ignored because not a concrete top-level class: URL [jar:file:/Users/apple/Documents/aws/Vnilusso/Library/target/Library-0.0.1-SNAPSHOT.jar!/com/ecommerce/library/Repository/UtilRepos/TokenRepo.class]
2023-11-15T17:20:06.512+05:30 DEBUG 7395 --- [           main] o.s.c.a.ClassPathBeanDefinitionScanner   : Ignored because not a concrete top-level class: URL [jar:file:/Users/apple/Documents/aws/Vnilusso/Library/target/Library-0.0.1-SNAPSHOT.jar!/com/ecommerce/library/Repository/UtilRepos/OtpRepo.class]
2023-11-15T17:20:06.512+05:30 DEBUG 7395 --- [           main] o.s.c.a.ClassPathBeanDefinitionScanner   : Ignored because not a concrete top-level class: URL [jar:file:/Users/apple/Documents/aws/Vnilusso/Library/target/Library-0.0.1-SNAPSHOT.jar!/com/ecommerce/library/Repository/UserRepos/OrderRepo.class]
2023-11-15T17:20:06.513+05:30 DEBUG 7395 --- [           main] o.s.c.a.ClassPathBeanDefinitionScanner   : Ignored because not a concrete top-level class: URL [jar:file:/Users/apple/Documents/aws/Vnilusso/Library/target/Library-0.0.1-SNAPSHOT.jar!/com/ecommerce/library/Repository/UserRepos/CouponRepo.class]
2023-11-15T17:20:06.513+05:30 DEBUG 7395 --- [           main] o.s.c.a.ClassPathBeanDefinitionScanner   : Ignored because not a concrete top-level class: URL [jar:file:/Users/apple/Documents/aws/Vnilusso/Library/target/Library-0.0.1-SNAPSHOT.jar!/com/ecommerce/library/Repository/UserRepos/CartRepo.class]
2023-11-15T17:20:06.514+05:30 DEBUG 7395 --- [           main] o.s.c.a.ClassPathBeanDefinitionScanner   : Ignored because not a concrete top-level class: URL [jar:file:/Users/apple/Documents/aws/Vnilusso/Library/target/Library-0.0.1-SNAPSHOT.jar!/com/ecommerce/library/Repository/UserRepos/WalletRepo.class]
2023-11-15T17:20:06.514+05:30 DEBUG 7395 --- [           main] o.s.c.a.ClassPathBeanDefinitionScanner   : Ignored because not a concrete top-level class: URL [jar:file:/Users/apple/Documents/aws/Vnilusso/Library/target/Library-0.0.1-SNAPSHOT.jar!/com/ecommerce/library/Repository/UserRepos/AdminRepository.class]
2023-11-15T17:20:06.515+05:30 DEBUG 7395 --- [           main] o.s.c.a.ClassPathBeanDefinitionScanner   : Ignored because not a concrete top-level class: URL [jar:file:/Users/apple/Documents/aws/Vnilusso/Library/target/Library-0.0.1-SNAPSHOT.jar!/com/ecommerce/library/Repository/UserRepos/CartItemRepo.class]
2023-11-15T17:20:06.515+05:30 DEBUG 7395 --- [           main] o.s.c.a.ClassPathBeanDefinitionScanner   : Ignored because not a concrete top-level class: URL [jar:file:/Users/apple/Documents/aws/Vnilusso/Library/target/Library-0.0.1-SNAPSHOT.jar!/com/ecommerce/library/Repository/UserRepos/WishlistRepo.class]
2023-11-15T17:20:06.515+05:30 DEBUG 7395 --- [           main] o.s.c.a.ClassPathBeanDefinitionScanner   : Ignored because not a concrete top-level class: URL [jar:file:/Users/apple/Documents/aws/Vnilusso/Library/target/Library-0.0.1-SNAPSHOT.jar!/com/ecommerce/library/Repository/UserRepos/AddressRepo.class]
2023-11-15T17:20:06.516+05:30 DEBUG 7395 --- [           main] o.s.c.a.ClassPathBeanDefinitionScanner   : Ignored because not a concrete top-level class: URL [jar:file:/Users/apple/Documents/aws/Vnilusso/Library/target/Library-0.0.1-SNAPSHOT.jar!/com/ecommerce/library/Repository/UserRepos/OrderAddressRepo.class]
2023-11-15T17:20:06.516+05:30 DEBUG 7395 --- [           main] o.s.c.a.ClassPathBeanDefinitionScanner   : Ignored because not a concrete top-level class: URL [jar:file:/Users/apple/Documents/aws/Vnilusso/Library/target/Library-0.0.1-SNAPSHOT.jar!/com/ecommerce/library/Repository/UserRepos/TaskOffersRepo.class]
2023-11-15T17:20:06.516+05:30 DEBUG 7395 --- [           main] o.s.c.a.ClassPathBeanDefinitionScanner   : Ignored because not a concrete top-level class: URL [jar:file:/Users/apple/Documents/aws/Vnilusso/Library/target/Library-0.0.1-SNAPSHOT.jar!/com/ecommerce/library/Repository/UserRepos/RoleRepository.class]
2023-11-15T17:20:06.517+05:30 DEBUG 7395 --- [           main] o.s.c.a.ClassPathBeanDefinitionScanner   : Ignored because not a concrete top-level class: URL [jar:file:/Users/apple/Documents/aws/Vnilusso/Library/target/Library-0.0.1-SNAPSHOT.jar!/com/ecommerce/library/Repository/UserRepos/CustomerRepository.class]
2023-11-15T17:20:06.517+05:30 DEBUG 7395 --- [           main] o.s.c.a.ClassPathBeanDefinitionScanner   : Ignored because not a concrete top-level class: URL [jar:file:/Users/apple/Documents/aws/Vnilusso/Library/target/Library-0.0.1-SNAPSHOT.jar!/com/ecommerce/library/Repository/UserRepos/OrderItemRepo.class]
2023-11-15T17:20:06.517+05:30 DEBUG 7395 --- [           main] o.s.c.a.ClassPathBeanDefinitionScanner   : Ignored because not a concrete top-level class: URL [jar:file:/Users/apple/Documents/aws/Vnilusso/Library/target/Library-0.0.1-SNAPSHOT.jar!/com/ecommerce/library/Repository/UserRepos/PaymentRepo.class]
2023-11-15T17:20:06.518+05:30 DEBUG 7395 --- [           main] o.s.c.a.ClassPathBeanDefinitionScanner   : Ignored because not a concrete top-level class: URL [jar:file:/Users/apple/Documents/aws/Vnilusso/Library/target/Library-0.0.1-SNAPSHOT.jar!/com/ecommerce/library/Repository/UserRepos/ProductRepo.class]
2023-11-15T17:20:06.518+05:30 DEBUG 7395 --- [           main] o.s.c.a.ClassPathBeanDefinitionScanner   : Ignored because not a concrete top-level class: URL [jar:file:/Users/apple/Documents/aws/Vnilusso/Library/target/Library-0.0.1-SNAPSHOT.jar!/com/ecommerce/library/Repository/UserRepos/CategoryRepo.class]
2023-11-15T17:20:06.519+05:30 DEBUG 7395 --- [           main] o.s.c.a.ClassPathBeanDefinitionScanner   : Ignored because not a concrete top-level class: URL [jar:file:/Users/apple/Documents/aws/Vnilusso/Library/target/Library-0.0.1-SNAPSHOT.jar!/com/ecommerce/library/Repository/UserRepos/ReturnRequestRepo.class]
2023-11-15T17:20:06.520+05:30 DEBUG 7395 --- [           main] o.s.c.a.ClassPathBeanDefinitionScanner   : Identified candidate component class: URL [jar:file:/Users/apple/Documents/aws/Vnilusso/Library/target/Library-0.0.1-SNAPSHOT.jar!/com/ecommerce/library/ProductsService/Impl/OrderServiceImpl.class]
2023-11-15T17:20:06.521+05:30 DEBUG 7395 --- [           main] o.s.c.a.ClassPathBeanDefinitionScanner   : Identified candidate component class: URL [jar:file:/Users/apple/Documents/aws/Vnilusso/Library/target/Library-0.0.1-SNAPSHOT.jar!/com/ecommerce/library/ProductsService/Impl/StatisticsServiceImpl.class]
2023-11-15T17:20:06.521+05:30 DEBUG 7395 --- [           main] o.s.c.a.ClassPathBeanDefinitionScanner   : Identified candidate component class: URL [jar:file:/Users/apple/Documents/aws/Vnilusso/Library/target/Library-0.0.1-SNAPSHOT.jar!/com/ecommerce/library/ProductsService/Impl/WishlistServiceImpl.class]
2023-11-15T17:20:06.522+05:30 DEBUG 7395 --- [           main] o.s.c.a.ClassPathBeanDefinitionScanner   : Identified candidate component class: URL [jar:file:/Users/apple/Documents/aws/Vnilusso/Library/target/Library-0.0.1-SNAPSHOT.jar!/com/ecommerce/library/ProductsService/Impl/CategoryServiceImpl.class]
2023-11-15T17:20:06.522+05:30 DEBUG 7395 --- [           main] o.s.c.a.ClassPathBeanDefinitionScanner   : Identified candidate component class: URL [jar:file:/Users/apple/Documents/aws/Vnilusso/Library/target/Library-0.0.1-SNAPSHOT.jar!/com/ecommerce/library/ProductsService/Impl/ProductServiceImpl.class]
2023-11-15T17:20:06.523+05:30 DEBUG 7395 --- [           main] o.s.c.a.ClassPathBeanDefinitionScanner   : Identified candidate component class: URL [jar:file:/Users/apple/Documents/aws/Vnilusso/Library/target/Library-0.0.1-SNAPSHOT.jar!/com/ecommerce/library/ProductsService/Impl/CartServiceImpl.class]
2023-11-15T17:20:06.523+05:30 DEBUG 7395 --- [           main] o.s.c.a.ClassPathBeanDefinitionScanner   : Identified candidate component class: URL [jar:file:/Users/apple/Documents/aws/Vnilusso/Library/target/Library-0.0.1-SNAPSHOT.jar!/com/ecommerce/library/ProductsService/Impl/RazorpayOrderServiceImpl.class]
2023-11-15T17:20:06.524+05:30 DEBUG 7395 --- [           main] o.s.c.a.ClassPathBeanDefinitionScanner   : Identified candidate component class: URL [jar:file:/Users/apple/Documents/aws/Vnilusso/Library/target/Library-0.0.1-SNAPSHOT.jar!/com/ecommerce/library/ProductsService/Impl/TaskOfferServiceImpl.class]
2023-11-15T17:20:06.524+05:30 DEBUG 7395 --- [           main] o.s.c.a.ClassPathBeanDefinitionScanner   : Identified candidate component class: URL [jar:file:/Users/apple/Documents/aws/Vnilusso/Library/target/Library-0.0.1-SNAPSHOT.jar!/com/ecommerce/library/ProductsService/Impl/CouponServiceImpl.class]
2023-11-15T17:20:06.525+05:30 DEBUG 7395 --- [           main] o.s.c.a.ClassPathBeanDefinitionScanner   : Identified candidate component class: URL [jar:file:/Users/apple/Documents/aws/Vnilusso/Library/target/Library-0.0.1-SNAPSHOT.jar!/com/ecommerce/library/ProductsService/Impl/AddressServiceImpl.class]
2023-11-15T17:20:06.525+05:30 DEBUG 7395 --- [           main] o.s.c.a.ClassPathBeanDefinitionScanner   : Identified candidate component class: URL [jar:file:/Users/apple/Documents/aws/Vnilusso/Library/target/Library-0.0.1-SNAPSHOT.jar!/com/ecommerce/library/ProductsService/Impl/WalletServiceImpl.class]
2023-11-15T17:20:06.527+05:30 DEBUG 7395 --- [           main] o.s.c.a.ClassPathBeanDefinitionScanner   : Identified candidate component class: URL [jar:file:/Users/apple/Documents/aws/Vnilusso/Library/target/Library-0.0.1-SNAPSHOT.jar!/com/ecommerce/library/Utils/FileUtil.class]
2023-11-15T17:20:06.538+05:30 DEBUG 7395 --- [           main] o.s.c.a.ClassPathBeanDefinitionScanner   : Identified candidate component class: URL [jar:file:/Users/apple/Documents/aws/Vnilusso/Library/target/Library-0.0.1-SNAPSHOT.jar!/com/ecommerce/library/Configs/EmailConfig.class]
2023-11-15T17:20:06.538+05:30 DEBUG 7395 --- [           main] o.s.c.a.ClassPathBeanDefinitionScanner   : Identified candidate component class: URL [jar:file:/Users/apple/Documents/aws/Vnilusso/Library/target/Library-0.0.1-SNAPSHOT.jar!/com/ecommerce/library/Configs/CommonBeansConfig.class]
2023-11-15T17:20:06.544+05:30 DEBUG 7395 --- [           main] o.s.c.a.ClassPathBeanDefinitionScanner   : Identified candidate component class: URL [jar:file:/Users/apple/Documents/aws/Vnilusso/Library/target/Library-0.0.1-SNAPSHOT.jar!/com/ecommerce/library/Service/Impl/TokenServiceImpl.class]
2023-11-15T17:20:06.544+05:30 DEBUG 7395 --- [           main] o.s.c.a.ClassPathBeanDefinitionScanner   : Identified candidate component class: URL [jar:file:/Users/apple/Documents/aws/Vnilusso/Library/target/Library-0.0.1-SNAPSHOT.jar!/com/ecommerce/library/Service/Impl/CustomerServiceImpl.class]
2023-11-15T17:20:06.545+05:30 DEBUG 7395 --- [           main] o.s.c.a.ClassPathBeanDefinitionScanner   : Identified candidate component class: URL [jar:file:/Users/apple/Documents/aws/Vnilusso/Library/target/Library-0.0.1-SNAPSHOT.jar!/com/ecommerce/library/Service/Impl/ExcelServiceImpl.class]
2023-11-15T17:20:06.545+05:30 DEBUG 7395 --- [           main] o.s.c.a.ClassPathBeanDefinitionScanner   : Identified candidate component class: URL [jar:file:/Users/apple/Documents/aws/Vnilusso/Library/target/Library-0.0.1-SNAPSHOT.jar!/com/ecommerce/library/Service/Impl/PdfServiceImpl.class]
2023-11-15T17:20:06.545+05:30 DEBUG 7395 --- [           main] o.s.c.a.ClassPathBeanDefinitionScanner   : Identified candidate component class: URL [jar:file:/Users/apple/Documents/aws/Vnilusso/Library/target/Library-0.0.1-SNAPSHOT.jar!/com/ecommerce/library/Service/Impl/OtpServiceImpl.class]
2023-11-15T17:20:06.546+05:30 DEBUG 7395 --- [           main] o.s.c.a.ClassPathBeanDefinitionScanner   : Identified candidate component class: URL [jar:file:/Users/apple/Documents/aws/Vnilusso/Library/target/Library-0.0.1-SNAPSHOT.jar!/com/ecommerce/library/Service/Impl/AdminServiceImpl.class]
2023-11-15T17:20:06.546+05:30 DEBUG 7395 --- [           main] o.s.c.a.ClassPathBeanDefinitionScanner   : Identified candidate component class: URL [jar:file:/Users/apple/Documents/aws/Vnilusso/Library/target/Library-0.0.1-SNAPSHOT.jar!/com/ecommerce/library/Service/Impl/MailServiceImpl.class]
2023-11-15T17:20:06.551+05:30 DEBUG 7395 --- [           main] o.s.c.a.ClassPathBeanDefinitionScanner   : Identified candidate component class: URL [jar:file:/Users/apple/Documents/aws/Vnilusso/Library/target/Library-0.0.1-SNAPSHOT.jar!/com/ecommerce/library/ExceptionHandler/CartExceptionHandler.class]
2023-11-15T17:20:06.551+05:30 DEBUG 7395 --- [           main] o.s.c.a.ClassPathBeanDefinitionScanner   : Identified candidate component class: URL [jar:file:/Users/apple/Documents/aws/Vnilusso/Library/target/Library-0.0.1-SNAPSHOT.jar!/com/ecommerce/library/ExceptionHandler/ProductExceptionHandler.class]
2023-11-15T17:20:06.552+05:30 DEBUG 7395 --- [           main] o.s.c.a.ClassPathBeanDefinitionScanner   : Identified candidate component class: URL [jar:file:/Users/apple/Documents/aws/Vnilusso/Library/target/Library-0.0.1-SNAPSHOT.jar!/com/ecommerce/library/ExceptionHandler/UtilExceptionHandler.class]
2023-11-15T17:20:06.552+05:30 DEBUG 7395 --- [           main] o.s.c.a.ClassPathBeanDefinitionScanner   : Identified candidate component class: URL [jar:file:/Users/apple/Documents/aws/Vnilusso/Library/target/Library-0.0.1-SNAPSHOT.jar!/com/ecommerce/library/ExceptionHandler/OrderExceptionHandler.class]
2023-11-15T17:20:06.552+05:30 DEBUG 7395 --- [           main] o.s.c.a.ClassPathBeanDefinitionScanner   : Identified candidate component class: URL [jar:file:/Users/apple/Documents/aws/Vnilusso/Library/target/Library-0.0.1-SNAPSHOT.jar!/com/ecommerce/library/ExceptionHandler/AuthExceptionHandler.class]
2023-11-15T17:20:06.558+05:30 DEBUG 7395 --- [           main] o.s.c.a.ClassPathBeanDefinitionScanner   : Identified candidate component class: file [/Users/apple/Documents/aws/Vnilusso/Admin/target/classes/com/ecommerce/admin/Auth/CustomAuthenticationDetailsSource.class]
2023-11-15T17:20:06.558+05:30 DEBUG 7395 --- [           main] o.s.c.a.ClassPathBeanDefinitionScanner   : Identified candidate component class: file [/Users/apple/Documents/aws/Vnilusso/Admin/target/classes/com/ecommerce/admin/Auth/CustomAuthenticationProvider.class]
2023-11-15T17:20:06.561+05:30 DEBUG 7395 --- [           main] o.s.c.a.ClassPathBeanDefinitionScanner   : Identified candidate component class: file [/Users/apple/Documents/aws/Vnilusso/Admin/target/classes/com/ecommerce/admin/Config/AdminSecurityConfiguration.class]
2023-11-15T17:20:06.561+05:30 DEBUG 7395 --- [           main] o.s.c.a.ClassPathBeanDefinitionScanner   : Identified candidate component class: file [/Users/apple/Documents/aws/Vnilusso/Admin/target/classes/com/ecommerce/admin/Config/MvcConfig.class]
2023-11-15T17:20:06.561+05:30 DEBUG 7395 --- [           main] o.s.c.a.ClassPathBeanDefinitionScanner   : Identified candidate component class: file [/Users/apple/Documents/aws/Vnilusso/Admin/target/classes/com/ecommerce/admin/Config/ThymeleafConfig.class]
2023-11-15T17:20:06.564+05:30 DEBUG 7395 --- [           main] o.s.c.a.ClassPathBeanDefinitionScanner   : Identified candidate component class: file [/Users/apple/Documents/aws/Vnilusso/Admin/target/classes/com/ecommerce/admin/Controller/CategoriesController.class]
2023-11-15T17:20:06.565+05:30 DEBUG 7395 --- [           main] o.s.c.a.ClassPathBeanDefinitionScanner   : Identified candidate component class: file [/Users/apple/Documents/aws/Vnilusso/Admin/target/classes/com/ecommerce/admin/Controller/CouponController.class]
2023-11-15T17:20:06.566+05:30 DEBUG 7395 --- [           main] o.s.c.a.ClassPathBeanDefinitionScanner   : Identified candidate component class: file [/Users/apple/Documents/aws/Vnilusso/Admin/target/classes/com/ecommerce/admin/Controller/CreateAdminController.class]
2023-11-15T17:20:06.566+05:30 DEBUG 7395 --- [           main] o.s.c.a.ClassPathBeanDefinitionScanner   : Identified candidate component class: file [/Users/apple/Documents/aws/Vnilusso/Admin/target/classes/com/ecommerce/admin/Controller/CustomerController.class]
2023-11-15T17:20:06.566+05:30 DEBUG 7395 --- [           main] o.s.c.a.ClassPathBeanDefinitionScanner   : Identified candidate component class: file [/Users/apple/Documents/aws/Vnilusso/Admin/target/classes/com/ecommerce/admin/Controller/DashboardController.class]
2023-11-15T17:20:06.568+05:30 DEBUG 7395 --- [           main] o.s.c.a.ClassPathBeanDefinitionScanner   : Identified candidate component class: file [/Users/apple/Documents/aws/Vnilusso/Admin/target/classes/com/ecommerce/admin/Controller/DownloadController.class]
2023-11-15T17:20:06.569+05:30 DEBUG 7395 --- [           main] o.s.c.a.ClassPathBeanDefinitionScanner   : Identified candidate component class: file [/Users/apple/Documents/aws/Vnilusso/Admin/target/classes/com/ecommerce/admin/Controller/LoginController.class]
2023-11-15T17:20:06.569+05:30 DEBUG 7395 --- [           main] o.s.c.a.ClassPathBeanDefinitionScanner   : Identified candidate component class: file [/Users/apple/Documents/aws/Vnilusso/Admin/target/classes/com/ecommerce/admin/Controller/OrderController.class]
2023-11-15T17:20:06.570+05:30 DEBUG 7395 --- [           main] o.s.c.a.ClassPathBeanDefinitionScanner   : Identified candidate component class: file [/Users/apple/Documents/aws/Vnilusso/Admin/target/classes/com/ecommerce/admin/Controller/ProductController.class]
2023-11-15T17:20:06.570+05:30 DEBUG 7395 --- [           main] o.s.c.a.ClassPathBeanDefinitionScanner   : Identified candidate component class: file [/Users/apple/Documents/aws/Vnilusso/Admin/target/classes/com/ecommerce/admin/Controller/ProductUploadController.class]
2023-11-15T17:20:06.571+05:30 DEBUG 7395 --- [           main] o.s.c.a.ClassPathBeanDefinitionScanner   : Identified candidate component class: file [/Users/apple/Documents/aws/Vnilusso/Admin/target/classes/com/ecommerce/admin/Controller/StatisticsController.class]
2023-11-15T17:20:06.571+05:30 DEBUG 7395 --- [           main] o.s.c.a.ClassPathBeanDefinitionScanner   : Identified candidate component class: file [/Users/apple/Documents/aws/Vnilusso/Admin/target/classes/com/ecommerce/admin/Handler/CustomSuccessHandler.class]
2023-11-15T17:20:06.571+05:30 DEBUG 7395 --- [           main] o.s.c.a.ClassPathBeanDefinitionScanner   : Identified candidate component class: file [/Users/apple/Documents/aws/Vnilusso/Admin/target/classes/com/ecommerce/admin/Security/AdminDetailsService.class]
2023-11-15T17:20:06.949+05:30  INFO 7395 --- [           main] .s.d.r.c.RepositoryConfigurationDelegate : Bootstrapping Spring Data JPA repositories in DEFAULT mode.
2023-11-15T17:20:06.955+05:30 DEBUG 7395 --- [           main] .s.d.r.c.RepositoryConfigurationDelegate : Scanning for JPA repositories in packages com.ecommerce.library.Repository.*.
2023-11-15T17:20:06.961+05:30 DEBUG 7395 --- [           main] o.s.d.r.c.RepositoryComponentProvider    : Identified candidate component class: URL [jar:file:/Users/apple/Documents/aws/Vnilusso/Library/target/Library-0.0.1-SNAPSHOT.jar!/com/ecommerce/library/Repository/UtilRepos/TokenRepo.class]
2023-11-15T17:20:06.961+05:30 DEBUG 7395 --- [           main] o.s.d.r.c.RepositoryComponentProvider    : Identified candidate component class: URL [jar:file:/Users/apple/Documents/aws/Vnilusso/Library/target/Library-0.0.1-SNAPSHOT.jar!/com/ecommerce/library/Repository/UtilRepos/OtpRepo.class]
2023-11-15T17:20:06.961+05:30 DEBUG 7395 --- [           main] o.s.d.r.c.RepositoryComponentProvider    : Identified candidate component class: URL [jar:file:/Users/apple/Documents/aws/Vnilusso/Library/target/Library-0.0.1-SNAPSHOT.jar!/com/ecommerce/library/Repository/UserRepos/OrderRepo.class]
2023-11-15T17:20:06.961+05:30 DEBUG 7395 --- [           main] o.s.d.r.c.RepositoryComponentProvider    : Identified candidate component class: URL [jar:file:/Users/apple/Documents/aws/Vnilusso/Library/target/Library-0.0.1-SNAPSHOT.jar!/com/ecommerce/library/Repository/UserRepos/CouponRepo.class]
2023-11-15T17:20:06.961+05:30 DEBUG 7395 --- [           main] o.s.d.r.c.RepositoryComponentProvider    : Identified candidate component class: URL [jar:file:/Users/apple/Documents/aws/Vnilusso/Library/target/Library-0.0.1-SNAPSHOT.jar!/com/ecommerce/library/Repository/UserRepos/CartRepo.class]
2023-11-15T17:20:06.962+05:30 DEBUG 7395 --- [           main] o.s.d.r.c.RepositoryComponentProvider    : Identified candidate component class: URL [jar:file:/Users/apple/Documents/aws/Vnilusso/Library/target/Library-0.0.1-SNAPSHOT.jar!/com/ecommerce/library/Repository/UserRepos/WalletRepo.class]
2023-11-15T17:20:06.962+05:30 DEBUG 7395 --- [           main] o.s.d.r.c.RepositoryComponentProvider    : Identified candidate component class: URL [jar:file:/Users/apple/Documents/aws/Vnilusso/Library/target/Library-0.0.1-SNAPSHOT.jar!/com/ecommerce/library/Repository/UserRepos/AdminRepository.class]
2023-11-15T17:20:06.962+05:30 DEBUG 7395 --- [           main] o.s.d.r.c.RepositoryComponentProvider    : Identified candidate component class: URL [jar:file:/Users/apple/Documents/aws/Vnilusso/Library/target/Library-0.0.1-SNAPSHOT.jar!/com/ecommerce/library/Repository/UserRepos/CartItemRepo.class]
2023-11-15T17:20:06.962+05:30 DEBUG 7395 --- [           main] o.s.d.r.c.RepositoryComponentProvider    : Identified candidate component class: URL [jar:file:/Users/apple/Documents/aws/Vnilusso/Library/target/Library-0.0.1-SNAPSHOT.jar!/com/ecommerce/library/Repository/UserRepos/WishlistRepo.class]
2023-11-15T17:20:06.962+05:30 DEBUG 7395 --- [           main] o.s.d.r.c.RepositoryComponentProvider    : Identified candidate component class: URL [jar:file:/Users/apple/Documents/aws/Vnilusso/Library/target/Library-0.0.1-SNAPSHOT.jar!/com/ecommerce/library/Repository/UserRepos/AddressRepo.class]
2023-11-15T17:20:06.962+05:30 DEBUG 7395 --- [           main] o.s.d.r.c.RepositoryComponentProvider    : Identified candidate component class: URL [jar:file:/Users/apple/Documents/aws/Vnilusso/Library/target/Library-0.0.1-SNAPSHOT.jar!/com/ecommerce/library/Repository/UserRepos/OrderAddressRepo.class]
2023-11-15T17:20:06.963+05:30 DEBUG 7395 --- [           main] o.s.d.r.c.RepositoryComponentProvider    : Identified candidate component class: URL [jar:file:/Users/apple/Documents/aws/Vnilusso/Library/target/Library-0.0.1-SNAPSHOT.jar!/com/ecommerce/library/Repository/UserRepos/TaskOffersRepo.class]
2023-11-15T17:20:06.963+05:30 DEBUG 7395 --- [           main] o.s.d.r.c.RepositoryComponentProvider    : Identified candidate component class: URL [jar:file:/Users/apple/Documents/aws/Vnilusso/Library/target/Library-0.0.1-SNAPSHOT.jar!/com/ecommerce/library/Repository/UserRepos/RoleRepository.class]
2023-11-15T17:20:06.963+05:30 DEBUG 7395 --- [           main] o.s.d.r.c.RepositoryComponentProvider    : Identified candidate component class: URL [jar:file:/Users/apple/Documents/aws/Vnilusso/Library/target/Library-0.0.1-SNAPSHOT.jar!/com/ecommerce/library/Repository/UserRepos/CustomerRepository.class]
2023-11-15T17:20:06.963+05:30 DEBUG 7395 --- [           main] o.s.d.r.c.RepositoryComponentProvider    : Identified candidate component class: URL [jar:file:/Users/apple/Documents/aws/Vnilusso/Library/target/Library-0.0.1-SNAPSHOT.jar!/com/ecommerce/library/Repository/UserRepos/OrderItemRepo.class]
2023-11-15T17:20:06.963+05:30 DEBUG 7395 --- [           main] o.s.d.r.c.RepositoryComponentProvider    : Identified candidate component class: URL [jar:file:/Users/apple/Documents/aws/Vnilusso/Library/target/Library-0.0.1-SNAPSHOT.jar!/com/ecommerce/library/Repository/UserRepos/PaymentRepo.class]
2023-11-15T17:20:06.963+05:30 DEBUG 7395 --- [           main] o.s.d.r.c.RepositoryComponentProvider    : Identified candidate component class: URL [jar:file:/Users/apple/Documents/aws/Vnilusso/Library/target/Library-0.0.1-SNAPSHOT.jar!/com/ecommerce/library/Repository/UserRepos/ProductRepo.class]
2023-11-15T17:20:06.964+05:30 DEBUG 7395 --- [           main] o.s.d.r.c.RepositoryComponentProvider    : Identified candidate component class: URL [jar:file:/Users/apple/Documents/aws/Vnilusso/Library/target/Library-0.0.1-SNAPSHOT.jar!/com/ecommerce/library/Repository/UserRepos/CategoryRepo.class]
2023-11-15T17:20:06.964+05:30 DEBUG 7395 --- [           main] o.s.d.r.c.RepositoryComponentProvider    : Identified candidate component class: URL [jar:file:/Users/apple/Documents/aws/Vnilusso/Library/target/Library-0.0.1-SNAPSHOT.jar!/com/ecommerce/library/Repository/UserRepos/ReturnRequestRepo.class]
2023-11-15T17:20:07.024+05:30  INFO 7395 --- [           main] .s.d.r.c.RepositoryConfigurationDelegate : Finished Spring Data repository scanning in 68 ms. Found 19 JPA repository interfaces.
2023-11-15T17:20:07.326+05:30 DEBUG 7395 --- [           main] o.s.b.f.s.DefaultListableBeanFactory     : Creating shared instance of singleton bean 'propertySourcesPlaceholderConfigurer'
2023-11-15T17:20:07.337+05:30 DEBUG 7395 --- [           main] o.s.b.f.s.DefaultListableBeanFactory     : Creating shared instance of singleton bean 'org.springframework.boot.test.mock.mockito.MockitoPostProcessor'
2023-11-15T17:20:07.341+05:30 DEBUG 7395 --- [           main] o.s.b.f.s.DefaultListableBeanFactory     : Creating shared instance of singleton bean 'emBeanDefinitionRegistrarPostProcessor'
2023-11-15T17:20:07.341+05:30 DEBUG 7395 --- [           main] o.s.b.f.s.DefaultListableBeanFactory     : Creating shared instance of singleton bean 'org.springframework.boot.sql.init.dependency.DatabaseInitializationDependencyConfigurer$DependsOnDatabaseInitializationPostProcessor'
2023-11-15T17:20:07.376+05:30 DEBUG 7395 --- [           main] o.s.b.f.s.DefaultListableBeanFactory     : Creating shared instance of singleton bean 'org.springframework.context.event.internalEventListenerProcessor'
2023-11-15T17:20:07.377+05:30 DEBUG 7395 --- [           main] o.s.b.f.s.DefaultListableBeanFactory     : Creating shared instance of singleton bean 'conversionServicePostProcessor'
2023-11-15T17:20:07.388+05:30 DEBUG 7395 --- [           main] o.s.b.f.s.DefaultListableBeanFactory     : Creating shared instance of singleton bean 'preserveErrorControllerTargetClassPostProcessor'
2023-11-15T17:20:07.389+05:30 DEBUG 7395 --- [           main] o.s.b.f.s.DefaultListableBeanFactory     : Creating shared instance of singleton bean 'org.springframework.context.event.internalEventListenerFactory'
2023-11-15T17:20:07.389+05:30 DEBUG 7395 --- [           main] o.s.b.f.s.DefaultListableBeanFactory     : Creating shared instance of singleton bean 'org.springframework.transaction.config.internalTransactionalEventListenerFactory'
2023-11-15T17:20:07.391+05:30 DEBUG 7395 --- [           main] o.s.b.f.s.DefaultListableBeanFactory     : Creating shared instance of singleton bean 'org.springframework.boot.test.mock.mockito.MockitoPostProcessor$SpyPostProcessor'
2023-11-15T17:20:07.392+05:30 DEBUG 7395 --- [           main] o.s.b.f.s.DefaultListableBeanFactory     : Creating shared instance of singleton bean 'org.springframework.context.annotation.internalAutowiredAnnotationProcessor'
2023-11-15T17:20:07.393+05:30 DEBUG 7395 --- [           main] o.s.b.f.s.DefaultListableBeanFactory     : Creating shared instance of singleton bean 'org.springframework.context.annotation.internalCommonAnnotationProcessor'
2023-11-15T17:20:07.395+05:30 DEBUG 7395 --- [           main] o.s.b.f.s.DefaultListableBeanFactory     : Creating shared instance of singleton bean 'org.springframework.context.annotation.internalPersistenceAnnotationProcessor'
2023-11-15T17:20:07.396+05:30 DEBUG 7395 --- [           main] o.s.b.f.s.DefaultListableBeanFactory     : Creating shared instance of singleton bean 'org.springframework.boot.context.properties.ConfigurationPropertiesBindingPostProcessor'
2023-11-15T17:20:07.396+05:30 DEBUG 7395 --- [           main] o.s.b.f.s.DefaultListableBeanFactory     : Creating shared instance of singleton bean 'org.springframework.boot.context.internalConfigurationPropertiesBinder'
2023-11-15T17:20:07.397+05:30 DEBUG 7395 --- [           main] o.s.b.f.s.DefaultListableBeanFactory     : Creating shared instance of singleton bean 'jdbcConnectionDetailsHikariBeanPostProcessor'
2023-11-15T17:20:07.399+05:30 DEBUG 7395 --- [           main] o.s.b.f.s.DefaultListableBeanFactory     : Creating shared instance of singleton bean 'methodValidationPostProcessor'
2023-11-15T17:20:07.408+05:30 DEBUG 7395 --- [           main] o.s.b.f.s.DefaultListableBeanFactory     : Autowiring by type from bean name 'methodValidationPostProcessor' via factory method to bean named 'environment'
2023-11-15T17:20:07.409+05:30 DEBUG 7395 --- [           main] o.s.b.f.s.DefaultListableBeanFactory     : Creating shared instance of singleton bean 'org.springframework.boot.context.properties.EnableConfigurationPropertiesRegistrar.methodValidationExcludeFilter'
2023-11-15T17:20:07.417+05:30 DEBUG 7395 --- [           main] o.s.b.f.s.DefaultListableBeanFactory     : Creating shared instance of singleton bean 'org.springframework.aop.config.internalAutoProxyCreator'
2023-11-15T17:20:07.425+05:30 DEBUG 7395 --- [           main] o.s.b.f.s.DefaultListableBeanFactory     : Creating shared instance of singleton bean 'persistenceExceptionTranslationPostProcessor'
2023-11-15T17:20:07.426+05:30 DEBUG 7395 --- [           main] o.s.b.f.s.DefaultListableBeanFactory     : Autowiring by type from bean name 'persistenceExceptionTranslationPostProcessor' via factory method to bean named 'environment'
2023-11-15T17:20:07.427+05:30 DEBUG 7395 --- [           main] o.s.b.f.s.DefaultListableBeanFactory     : Creating shared instance of singleton bean 'webServerFactoryCustomizerBeanPostProcessor'
2023-11-15T17:20:07.427+05:30 DEBUG 7395 --- [           main] o.s.b.f.s.DefaultListableBeanFactory     : Creating shared instance of singleton bean 'errorPageRegistrarBeanPostProcessor'
2023-11-15T17:20:07.428+05:30 DEBUG 7395 --- [           main] o.s.b.f.s.DefaultListableBeanFactory     : Creating shared instance of singleton bean 'projectingArgumentResolverBeanPostProcessor'
2023-11-15T17:20:07.429+05:30 DEBUG 7395 --- [           main] o.s.b.f.s.DefaultListableBeanFactory     : Creating shared instance of singleton bean 'org.springframework.transaction.config.internalTransactionAdvisor'
2023-11-15T17:20:07.429+05:30 DEBUG 7395 --- [           main] o.s.b.f.s.DefaultListableBeanFactory     : Creating shared instance of singleton bean 'org.springframework.transaction.annotation.ProxyTransactionManagementConfiguration'
2023-11-15T17:20:07.435+05:30 DEBUG 7395 --- [           main] o.s.b.f.s.DefaultListableBeanFactory     : Creating shared instance of singleton bean 'transactionAttributeSource'
2023-11-15T17:20:07.436+05:30 DEBUG 7395 --- [           main] o.s.b.f.s.DefaultListableBeanFactory     : Creating shared instance of singleton bean 'transactionInterceptor'
2023-11-15T17:20:07.437+05:30 DEBUG 7395 --- [           main] o.s.b.f.s.DefaultListableBeanFactory     : Autowiring by type from bean name 'transactionInterceptor' via factory method to bean named 'transactionAttributeSource'
2023-11-15T17:20:07.439+05:30 DEBUG 7395 --- [           main] o.s.b.f.s.DefaultListableBeanFactory     : Autowiring by type from bean name 'org.springframework.transaction.config.internalTransactionAdvisor' via factory method to bean named 'transactionAttributeSource'
2023-11-15T17:20:07.439+05:30 DEBUG 7395 --- [           main] o.s.b.f.s.DefaultListableBeanFactory     : Autowiring by type from bean name 'org.springframework.transaction.config.internalTransactionAdvisor' via factory method to bean named 'transactionInterceptor'
2023-11-15T17:20:07.452+05:30 DEBUG 7395 --- [           main] o.s.u.c.s.UiApplicationContextUtils      : Unable to locate ThemeSource with name 'themeSource': using default [org.springframework.ui.context.support.ResourceBundleThemeSource@575cabf0]
2023-11-15T17:20:07.453+05:30 DEBUG 7395 --- [           main] o.s.b.f.s.DefaultListableBeanFactory     : Creating shared instance of singleton bean 'dataSourceScriptDatabaseInitializer'
2023-11-15T17:20:07.453+05:30 DEBUG 7395 --- [           main] o.s.b.f.s.DefaultListableBeanFactory     : Creating shared instance of singleton bean 'org.springframework.boot.autoconfigure.sql.init.DataSourceInitializationConfiguration'
2023-11-15T17:20:07.455+05:30 DEBUG 7395 --- [           main] o.s.b.f.s.DefaultListableBeanFactory     : Creating shared instance of singleton bean 'dataSource'
2023-11-15T17:20:07.455+05:30 DEBUG 7395 --- [           main] o.s.b.f.s.DefaultListableBeanFactory     : Creating shared instance of singleton bean 'org.springframework.boot.autoconfigure.jdbc.DataSourceConfiguration$Hikari'
2023-11-15T17:20:07.455+05:30 DEBUG 7395 --- [           main] o.s.b.f.s.DefaultListableBeanFactory     : Creating shared instance of singleton bean 'spring.datasource-org.springframework.boot.autoconfigure.jdbc.DataSourceProperties'
2023-11-15T17:20:07.456+05:30 DEBUG 7395 --- [           main] o.s.b.f.s.DefaultListableBeanFactory     : Creating shared instance of singleton bean 'org.springframework.boot.context.properties.BoundConfigurationProperties'
2023-11-15T17:20:07.469+05:30 DEBUG 7395 --- [           main] o.s.b.f.s.DefaultListableBeanFactory     : Creating shared instance of singleton bean 'jdbcConnectionDetails'
2023-11-15T17:20:07.470+05:30 DEBUG 7395 --- [           main] o.s.b.f.s.DefaultListableBeanFactory     : Creating shared instance of singleton bean 'org.springframework.boot.autoconfigure.jdbc.DataSourceAutoConfiguration$PooledDataSourceConfiguration'
2023-11-15T17:20:07.470+05:30 DEBUG 7395 --- [           main] o.s.b.f.s.DefaultListableBeanFactory     : Autowiring by type from bean name 'jdbcConnectionDetails' via factory method to bean named 'spring.datasource-org.springframework.boot.autoconfigure.jdbc.DataSourceProperties'
2023-11-15T17:20:07.471+05:30 DEBUG 7395 --- [           main] o.s.b.f.s.DefaultListableBeanFactory     : Autowiring by type from bean name 'dataSource' via factory method to bean named 'spring.datasource-org.springframework.boot.autoconfigure.jdbc.DataSourceProperties'
2023-11-15T17:20:07.471+05:30 DEBUG 7395 --- [           main] o.s.b.f.s.DefaultListableBeanFactory     : Autowiring by type from bean name 'dataSource' via factory method to bean named 'jdbcConnectionDetails'
2023-11-15T17:20:07.488+05:30 DEBUG 7395 --- [           main] o.s.b.f.s.DefaultListableBeanFactory     : Creating shared instance of singleton bean 'spring.sql.init-org.springframework.boot.autoconfigure.sql.init.SqlInitializationProperties'
2023-11-15T17:20:07.492+05:30 DEBUG 7395 --- [           main] o.s.b.f.s.DefaultListableBeanFactory     : Autowiring by type from bean name 'dataSourceScriptDatabaseInitializer' via factory method to bean named 'dataSource'
2023-11-15T17:20:07.492+05:30 DEBUG 7395 --- [           main] o.s.b.f.s.DefaultListableBeanFactory     : Autowiring by type from bean name 'dataSourceScriptDatabaseInitializer' via factory method to bean named 'spring.sql.init-org.springframework.boot.autoconfigure.sql.init.SqlInitializationProperties'
2023-11-15T17:20:07.495+05:30 DEBUG 7395 --- [           main] o.s.b.f.s.DefaultListableBeanFactory     : Creating shared instance of singleton bean 'entityManagerFactory'
2023-11-15T17:20:07.496+05:30 DEBUG 7395 --- [           main] o.s.b.f.s.DefaultListableBeanFactory     : Creating shared instance of singleton bean 'org.springframework.boot.autoconfigure.orm.jpa.HibernateJpaConfiguration'
2023-11-15T17:20:07.496+05:30 DEBUG 7395 --- [           main] o.s.b.f.s.DefaultListableBeanFactory     : Creating shared instance of singleton bean 'spring.jpa-org.springframework.boot.autoconfigure.orm.jpa.JpaProperties'
2023-11-15T17:20:07.499+05:30 DEBUG 7395 --- [           main] o.s.b.f.s.DefaultListableBeanFactory     : Creating shared instance of singleton bean 'spring.jpa.hibernate-org.springframework.boot.autoconfigure.orm.jpa.HibernateProperties'
2023-11-15T17:20:07.500+05:30 DEBUG 7395 --- [           main] o.s.b.f.s.DefaultListableBeanFactory     : Autowiring by type from bean name 'org.springframework.boot.autoconfigure.orm.jpa.HibernateJpaConfiguration' via constructor to bean named 'dataSource'
2023-11-15T17:20:07.501+05:30 DEBUG 7395 --- [           main] o.s.b.f.s.DefaultListableBeanFactory     : Autowiring by type from bean name 'org.springframework.boot.autoconfigure.orm.jpa.HibernateJpaConfiguration' via constructor to bean named 'spring.jpa-org.springframework.boot.autoconfigure.orm.jpa.JpaProperties'
2023-11-15T17:20:07.501+05:30 DEBUG 7395 --- [           main] o.s.b.f.s.DefaultListableBeanFactory     : Autowiring by type from bean name 'org.springframework.boot.autoconfigure.orm.jpa.HibernateJpaConfiguration' via constructor to bean named 'org.springframework.beans.factory.support.DefaultListableBeanFactory@584f5497'
2023-11-15T17:20:07.501+05:30 DEBUG 7395 --- [           main] o.s.b.f.s.DefaultListableBeanFactory     : Autowiring by type from bean name 'org.springframework.boot.autoconfigure.orm.jpa.HibernateJpaConfiguration' via constructor to bean named 'spring.jpa.hibernate-org.springframework.boot.autoconfigure.orm.jpa.HibernateProperties'
2023-11-15T17:20:07.502+05:30 DEBUG 7395 --- [           main] o.s.b.f.s.DefaultListableBeanFactory     : Creating shared instance of singleton bean 'hikariPoolDataSourceMetadataProvider'
2023-11-15T17:20:07.502+05:30 DEBUG 7395 --- [           main] o.s.b.f.s.DefaultListableBeanFactory     : Creating shared instance of singleton bean 'org.springframework.boot.autoconfigure.jdbc.metadata.DataSourcePoolMetadataProvidersConfiguration$HikariPoolDataSourceMetadataProviderConfiguration'
2023-11-15T17:20:07.505+05:30 DEBUG 7395 --- [           main] o.s.b.f.s.DefaultListableBeanFactory     : Creating shared instance of singleton bean 'entityManagerFactoryBuilder'
2023-11-15T17:20:07.506+05:30 DEBUG 7395 --- [           main] o.s.b.f.s.DefaultListableBeanFactory     : Creating shared instance of singleton bean 'jpaVendorAdapter'
2023-11-15T17:20:07.513+05:30 DEBUG 7395 --- [           main] o.s.b.f.s.DefaultListableBeanFactory     : Autowiring by type from bean name 'entityManagerFactoryBuilder' via factory method to bean named 'jpaVendorAdapter'
2023-11-15T17:20:07.517+05:30 DEBUG 7395 --- [           main] o.s.b.f.s.DefaultListableBeanFactory     : Creating shared instance of singleton bean 'persistenceManagedTypes'
2023-11-15T17:20:07.518+05:30 DEBUG 7395 --- [           main] o.s.b.f.s.DefaultListableBeanFactory     : Autowiring by type from bean name 'persistenceManagedTypes' via factory method to bean named 'org.springframework.beans.factory.support.DefaultListableBeanFactory@584f5497'
2023-11-15T17:20:07.518+05:30 DEBUG 7395 --- [           main] o.s.b.f.s.DefaultListableBeanFactory     : Autowiring by type from bean name 'persistenceManagedTypes' via factory method to bean named 'org.springframework.web.context.support.GenericWebApplicationContext@37cd92d6'
2023-11-15T17:20:07.518+05:30 DEBUG 7395 --- [           main] o.s.b.f.s.DefaultListableBeanFactory     : Creating shared instance of singleton bean 'org.springframework.boot.autoconfigure.domain.EntityScanPackages'
2023-11-15T17:20:07.522+05:30 DEBUG 7395 --- [           main] o.s.b.f.s.DefaultListableBeanFactory     : Autowiring by type from bean name 'entityManagerFactory' via factory method to bean named 'entityManagerFactoryBuilder'
2023-11-15T17:20:07.522+05:30 DEBUG 7395 --- [           main] o.s.b.f.s.DefaultListableBeanFactory     : Autowiring by type from bean name 'entityManagerFactory' via factory method to bean named 'persistenceManagedTypes'
2023-11-15T17:20:07.531+05:30 DEBUG 7395 --- [           main] j.LocalContainerEntityManagerFactoryBean : Building JPA container EntityManagerFactory for persistence unit 'default'
2023-11-15T17:20:07.540+05:30  INFO 7395 --- [           main] o.hibernate.jpa.internal.util.LogHelper  : HHH000204: Processing PersistenceUnitInfo [name: default]
2023-11-15T17:20:07.569+05:30  INFO 7395 --- [           main] org.hibernate.Version                    : HHH000412: Hibernate ORM core version 6.2.9.Final
2023-11-15T17:20:07.570+05:30  INFO 7395 --- [           main] org.hibernate.cfg.Environment            : HHH000406: Using bytecode reflection optimizer
2023-11-15T17:20:07.658+05:30  INFO 7395 --- [           main] o.h.b.i.BytecodeProviderInitiator        : HHH000021: Bytecode provider name : bytebuddy
2023-11-15T17:20:07.753+05:30  INFO 7395 --- [           main] o.s.o.j.p.SpringPersistenceUnitInfo      : No LoadTimeWeaver setup: ignoring JPA class transformer
2023-11-15T17:20:07.763+05:30  INFO 7395 --- [           main] com.zaxxer.hikari.HikariDataSource       : HikariPool-1 - Starting...
2023-11-15T17:20:07.850+05:30  INFO 7395 --- [           main] com.zaxxer.hikari.pool.HikariPool        : HikariPool-1 - Added connection org.postgresql.jdbc.PgConnection@27d73d22
2023-11-15T17:20:07.852+05:30  INFO 7395 --- [           main] com.zaxxer.hikari.HikariDataSource       : HikariPool-1 - Start completed.
2023-11-15T17:20:08.097+05:30  INFO 7395 --- [           main] o.h.b.i.BytecodeProviderInitiator        : HHH000021: Bytecode provider name : bytebuddy
2023-11-15T17:20:08.750+05:30  INFO 7395 --- [           main] o.h.e.t.j.p.i.JtaPlatformInitiator       : HHH000490: Using JtaPlatform implementation: [org.hibernate.engine.transaction.jta.platform.internal.NoJtaPlatform]
2023-11-15T17:20:08.975+05:30  INFO 7395 --- [           main] j.LocalContainerEntityManagerFactoryBean : Initialized JPA EntityManagerFactory for persistence unit 'default'
2023-11-15T17:20:08.978+05:30 DEBUG 7395 --- [           main] o.s.b.f.s.DefaultListableBeanFactory     : Creating shared instance of singleton bean 'adminApplication'
2023-11-15T17:20:08.979+05:30 DEBUG 7395 --- [           main] o.s.b.f.s.DefaultListableBeanFactory     : Creating shared instance of singleton bean 'orderServiceImpl'
2023-11-15T17:20:08.982+05:30 DEBUG 7395 --- [           main] o.s.b.f.s.DefaultListableBeanFactory     : Creating shared instance of singleton bean 'cartServiceImpl'
2023-11-15T17:20:08.983+05:30 DEBUG 7395 --- [           main] o.s.b.f.s.DefaultListableBeanFactory     : Creating shared instance of singleton bean 'cartRepo'
2023-11-15T17:20:08.989+05:30 DEBUG 7395 --- [           main] o.s.b.f.s.DefaultListableBeanFactory     : Creating shared instance of singleton bean 'jpa.named-queries#10'
2023-11-15T17:20:08.991+05:30 DEBUG 7395 --- [           main] o.s.b.f.s.DefaultListableBeanFactory     : Creating shared instance of singleton bean 'jpa.CartRepo.fragments#0'
2023-11-15T17:20:08.993+05:30 DEBUG 7395 --- [           main] o.s.b.f.s.DefaultListableBeanFactory     : Creating shared instance of singleton bean 'jpaSharedEM_entityManagerFactory'
2023-11-15T17:20:09.012+05:30 DEBUG 7395 --- [           main] o.s.b.f.s.DefaultListableBeanFactory     : Creating shared instance of singleton bean 'jpaMappingContext'
2023-11-15T17:20:09.012+05:30 DEBUG 7395 --- [           main] .c.JpaMetamodelMappingContextFactoryBean : Initializing JpaMetamodelMappingContext?
2023-11-15T17:20:09.020+05:30 DEBUG 7395 --- [           main] .c.JpaMetamodelMappingContextFactoryBean : Finished initializing JpaMetamodelMappingContext
2023-11-15T17:20:09.032+05:30 DEBUG 7395 --- [           main] tor$SharedEntityManagerInvocationHandler : Creating new EntityManager for shared EntityManager invocation
2023-11-15T17:20:09.055+05:30 DEBUG 7395 --- [           main] tor$SharedEntityManagerInvocationHandler : Creating new EntityManager for shared EntityManager invocation
2023-11-15T17:20:09.118+05:30 DEBUG 7395 --- [           main] o.s.d.r.c.s.RepositoryFactorySupport     : Initializing repository instance for com.ecommerce.library.Repository.UserRepos.CartRepo?
2023-11-15T17:20:09.129+05:30 DEBUG 7395 --- [           main] tor$SharedEntityManagerInvocationHandler : Creating new EntityManager for shared EntityManager invocation
2023-11-15T17:20:09.180+05:30 DEBUG 7395 --- [           main] o.s.d.jpa.repository.query.NamedQuery    : Looking up named query Cart.findCartById
2023-11-15T17:20:09.181+05:30 DEBUG 7395 --- [           main] o.s.d.jpa.repository.query.NamedQuery    : Did not find named query Cart.findCartById
2023-11-15T17:20:09.182+05:30 DEBUG 7395 --- [           main] tor$SharedEntityManagerInvocationHandler : Creating new EntityManager for shared EntityManager invocation
2023-11-15T17:20:09.221+05:30  INFO 7395 --- [           main] o.s.d.j.r.query.QueryEnhancerFactory     : Hibernate is in classpath; If applicable, HQL parser will be used.
2023-11-15T17:20:09.356+05:30 DEBUG 7395 --- [           main] o.s.d.jpa.repository.query.NamedQuery    : Did not find named query Cart.getCartTotalExcludingCoupon.count
2023-11-15T17:20:09.357+05:30 DEBUG 7395 --- [           main] tor$SharedEntityManagerInvocationHandler : Creating new EntityManager for shared EntityManager invocation
2023-11-15T17:20:09.491+05:30 DEBUG 7395 --- [           main] o.s.d.jpa.repository.query.NamedQuery    : Did not find named query Cart.getCartSize.count
2023-11-15T17:20:09.491+05:30 DEBUG 7395 --- [           main] tor$SharedEntityManagerInvocationHandler : Creating new EntityManager for shared EntityManager invocation
2023-11-15T17:20:09.496+05:30 DEBUG 7395 --- [           main] o.s.d.jpa.repository.query.NamedQuery    : Looking up named query Cart.findByCustomer
2023-11-15T17:20:09.496+05:30 DEBUG 7395 --- [           main] o.s.d.jpa.repository.query.NamedQuery    : Did not find named query Cart.findByCustomer
2023-11-15T17:20:09.496+05:30 DEBUG 7395 --- [           main] tor$SharedEntityManagerInvocationHandler : Creating new EntityManager for shared EntityManager invocation
2023-11-15T17:20:09.499+05:30 DEBUG 7395 --- [           main] o.s.d.jpa.repository.query.NamedQuery    : Did not find named query Cart.getCartTotalIncludeCouponDiscount.count
2023-11-15T17:20:09.500+05:30 DEBUG 7395 --- [           main] tor$SharedEntityManagerInvocationHandler : Creating new EntityManager for shared EntityManager invocation
2023-11-15T17:20:09.506+05:30 DEBUG 7395 --- [           main] o.s.d.jpa.repository.query.NamedQuery    : Did not find named query Cart.setTotalPrice.count
2023-11-15T17:20:09.506+05:30 DEBUG 7395 --- [           main] tor$SharedEntityManagerInvocationHandler : Creating new EntityManager for shared EntityManager invocation
2023-11-15T17:20:09.514+05:30 DEBUG 7395 --- [           main] o.s.d.jpa.repository.query.NamedQuery    : Did not find named query Cart.emptyTotalItems.count
2023-11-15T17:20:09.514+05:30 DEBUG 7395 --- [           main] tor$SharedEntityManagerInvocationHandler : Creating new EntityManager for shared EntityManager invocation
2023-11-15T17:20:09.517+05:30 DEBUG 7395 --- [           main] o.s.d.jpa.repository.query.NamedQuery    : Did not find named query Cart.setCouponForCart.count
2023-11-15T17:20:09.517+05:30 DEBUG 7395 --- [           main] tor$SharedEntityManagerInvocationHandler : Creating new EntityManager for shared EntityManager invocation
2023-11-15T17:20:09.521+05:30 DEBUG 7395 --- [           main] o.s.d.r.c.s.RepositoryFactorySupport     : Finished creation of repository instance for com.ecommerce.library.Repository.UserRepos.CartRepo.
2023-11-15T17:20:09.523+05:30 DEBUG 7395 --- [           main] o.s.b.f.s.DefaultListableBeanFactory     : Creating shared instance of singleton bean 'customerServiceImpl'
2023-11-15T17:20:09.524+05:30 DEBUG 7395 --- [           main] o.s.b.f.s.DefaultListableBeanFactory     : Creating shared instance of singleton bean 'customerRepository'
2023-11-15T17:20:09.525+05:30 DEBUG 7395 --- [           main] o.s.b.f.s.DefaultListableBeanFactory     : Creating shared instance of singleton bean 'jpa.named-queries#4'
2023-11-15T17:20:09.526+05:30 DEBUG 7395 --- [           main] o.s.b.f.s.DefaultListableBeanFactory     : Creating shared instance of singleton bean 'jpa.CustomerRepository.fragments#0'
2023-11-15T17:20:09.527+05:30 DEBUG 7395 --- [           main] tor$SharedEntityManagerInvocationHandler : Creating new EntityManager for shared EntityManager invocation
2023-11-15T17:20:09.527+05:30 DEBUG 7395 --- [           main] o.s.d.r.c.s.RepositoryFactorySupport     : Initializing repository instance for com.ecommerce.library.Repository.UserRepos.CustomerRepository?
2023-11-15T17:20:09.527+05:30 DEBUG 7395 --- [           main] tor$SharedEntityManagerInvocationHandler : Creating new EntityManager for shared EntityManager invocation
2023-11-15T17:20:09.551+05:30 DEBUG 7395 --- [           main] o.s.d.jpa.repository.query.NamedQuery    : Did not find named query Customer.findCart.count
2023-11-15T17:20:09.551+05:30 DEBUG 7395 --- [           main] tor$SharedEntityManagerInvocationHandler : Creating new EntityManager for shared EntityManager invocation
2023-11-15T17:20:09.554+05:30 DEBUG 7395 --- [           main] o.s.d.jpa.repository.query.NamedQuery    : Did not find named query Customer.updateUserName.count
2023-11-15T17:20:09.554+05:30 DEBUG 7395 --- [           main] tor$SharedEntityManagerInvocationHandler : Creating new EntityManager for shared EntityManager invocation
2023-11-15T17:20:09.556+05:30 DEBUG 7395 --- [           main] o.s.d.jpa.repository.query.NamedQuery    : Did not find named query Customer.getCustomerAuthority.count
2023-11-15T17:20:09.556+05:30 DEBUG 7395 --- [           main] tor$SharedEntityManagerInvocationHandler : Creating new EntityManager for shared EntityManager invocation
2023-11-15T17:20:09.558+05:30 DEBUG 7395 --- [           main] o.s.d.jpa.repository.query.NamedQuery    : Did not find named query Customer.getWishlist.count
2023-11-15T17:20:09.558+05:30 DEBUG 7395 --- [           main] tor$SharedEntityManagerInvocationHandler : Creating new EntityManager for shared EntityManager invocation
2023-11-15T17:20:09.560+05:30 DEBUG 7395 --- [           main] o.s.d.jpa.repository.query.NamedQuery    : Did not find named query Customer.changePassword.count
2023-11-15T17:20:09.560+05:30 DEBUG 7395 --- [           main] tor$SharedEntityManagerInvocationHandler : Creating new EntityManager for shared EntityManager invocation
2023-11-15T17:20:09.561+05:30 DEBUG 7395 --- [           main] o.s.d.jpa.repository.query.NamedQuery    : Looking up named query Customer.existsByEmail
2023-11-15T17:20:09.561+05:30 DEBUG 7395 --- [           main] o.s.d.jpa.repository.query.NamedQuery    : Did not find named query Customer.existsByEmail
2023-11-15T17:20:09.561+05:30 DEBUG 7395 --- [           main] tor$SharedEntityManagerInvocationHandler : Creating new EntityManager for shared EntityManager invocation
2023-11-15T17:20:09.564+05:30 DEBUG 7395 --- [           main] o.s.d.jpa.repository.query.NamedQuery    : Did not find named query Customer.isBlocked.count
2023-11-15T17:20:09.564+05:30 DEBUG 7395 --- [           main] tor$SharedEntityManagerInvocationHandler : Creating new EntityManager for shared EntityManager invocation
2023-11-15T17:20:09.566+05:30 DEBUG 7395 --- [           main] o.s.d.jpa.repository.query.NamedQuery    : Did not find named query Customer.blockCustomer.count
2023-11-15T17:20:09.566+05:30 DEBUG 7395 --- [           main] tor$SharedEntityManagerInvocationHandler : Creating new EntityManager for shared EntityManager invocation
2023-11-15T17:20:09.569+05:30 DEBUG 7395 --- [           main] o.s.d.jpa.repository.query.NamedQuery    : Did not find named query Customer.unblockUser.count
2023-11-15T17:20:09.569+05:30 DEBUG 7395 --- [           main] tor$SharedEntityManagerInvocationHandler : Creating new EntityManager for shared EntityManager invocation
2023-11-15T17:20:09.571+05:30 DEBUG 7395 --- [           main] o.s.d.jpa.repository.query.NamedQuery    : Did not find named query Customer.isDeleted.count
2023-11-15T17:20:09.571+05:30 DEBUG 7395 --- [           main] tor$SharedEntityManagerInvocationHandler : Creating new EntityManager for shared EntityManager invocation
2023-11-15T17:20:09.574+05:30 DEBUG 7395 --- [           main] o.s.d.jpa.repository.query.NamedQuery    : Did not find named query Customer.couponUsedCountByCustomer.count
2023-11-15T17:20:09.574+05:30 DEBUG 7395 --- [           main] tor$SharedEntityManagerInvocationHandler : Creating new EntityManager for shared EntityManager invocation
2023-11-15T17:20:09.576+05:30 DEBUG 7395 --- [           main] o.s.d.jpa.repository.query.NamedQuery    : Did not find named query Customer.updateEmail.count
2023-11-15T17:20:09.577+05:30 DEBUG 7395 --- [           main] tor$SharedEntityManagerInvocationHandler : Creating new EntityManager for shared EntityManager invocation
2023-11-15T17:20:09.584+05:30 DEBUG 7395 --- [           main] o.s.d.jpa.repository.query.NamedQuery    : Did not find named query Customer.findCartId.count
2023-11-15T17:20:09.584+05:30 DEBUG 7395 --- [           main] tor$SharedEntityManagerInvocationHandler : Creating new EntityManager for shared EntityManager invocation
2023-11-15T17:20:09.587+05:30 DEBUG 7395 --- [           main] o.s.d.jpa.repository.query.NamedQuery    : Looking up named query Customer.findByEmail
2023-11-15T17:20:09.587+05:30 DEBUG 7395 --- [           main] o.s.d.jpa.repository.query.NamedQuery    : Did not find named query Customer.findByEmail
2023-11-15T17:20:09.588+05:30 DEBUG 7395 --- [           main] tor$SharedEntityManagerInvocationHandler : Creating new EntityManager for shared EntityManager invocation
2023-11-15T17:20:09.589+05:30 DEBUG 7395 --- [           main] o.s.d.jpa.repository.query.NamedQuery    : Did not find named query Customer.getWallet.count
2023-11-15T17:20:09.589+05:30 DEBUG 7395 --- [           main] tor$SharedEntityManagerInvocationHandler : Creating new EntityManager for shared EntityManager invocation
2023-11-15T17:20:09.591+05:30 DEBUG 7395 --- [           main] o.s.d.jpa.repository.query.NamedQuery    : Did not find named query Customer.updatePhoneNumber.count
2023-11-15T17:20:09.591+05:30 DEBUG 7395 --- [           main] tor$SharedEntityManagerInvocationHandler : Creating new EntityManager for shared EntityManager invocation
2023-11-15T17:20:09.594+05:30 DEBUG 7395 --- [           main] o.s.d.r.c.s.RepositoryFactorySupport     : Finished creation of repository instance for com.ecommerce.library.Repository.UserRepos.CustomerRepository.
2023-11-15T17:20:09.595+05:30 DEBUG 7395 --- [           main] o.s.b.f.s.DefaultListableBeanFactory     : Creating shared instance of singleton bean 'otpServiceImpl'
2023-11-15T17:20:09.596+05:30 DEBUG 7395 --- [           main] o.s.b.f.s.DefaultListableBeanFactory     : Creating shared instance of singleton bean 'otpRepo'
2023-11-15T17:20:09.596+05:30 DEBUG 7395 --- [           main] o.s.b.f.s.DefaultListableBeanFactory     : Creating shared instance of singleton bean 'jpa.named-queries#12'
2023-11-15T17:20:09.597+05:30 DEBUG 7395 --- [           main] o.s.b.f.s.DefaultListableBeanFactory     : Creating shared instance of singleton bean 'jpa.OtpRepo.fragments#0'
2023-11-15T17:20:09.598+05:30 DEBUG 7395 --- [           main] tor$SharedEntityManagerInvocationHandler : Creating new EntityManager for shared EntityManager invocation
2023-11-15T17:20:09.599+05:30 DEBUG 7395 --- [           main] o.s.d.r.c.s.RepositoryFactorySupport     : Initializing repository instance for com.ecommerce.library.Repository.UtilRepos.OtpRepo?
2023-11-15T17:20:09.600+05:30 DEBUG 7395 --- [           main] tor$SharedEntityManagerInvocationHandler : Creating new EntityManager for shared EntityManager invocation
2023-11-15T17:20:09.617+05:30 DEBUG 7395 --- [           main] o.s.d.jpa.repository.query.NamedQuery    : Looking up named query Otp.findByCode
2023-11-15T17:20:09.617+05:30 DEBUG 7395 --- [           main] o.s.d.jpa.repository.query.NamedQuery    : Did not find named query Otp.findByCode
2023-11-15T17:20:09.617+05:30 DEBUG 7395 --- [           main] tor$SharedEntityManagerInvocationHandler : Creating new EntityManager for shared EntityManager invocation
2023-11-15T17:20:09.618+05:30 DEBUG 7395 --- [           main] o.s.d.jpa.repository.query.NamedQuery    : Looking up named query Otp.findByUsername
2023-11-15T17:20:09.618+05:30 DEBUG 7395 --- [           main] o.s.d.jpa.repository.query.NamedQuery    : Did not find named query Otp.findByUsername
2023-11-15T17:20:09.618+05:30 DEBUG 7395 --- [           main] tor$SharedEntityManagerInvocationHandler : Creating new EntityManager for shared EntityManager invocation
2023-11-15T17:20:09.619+05:30 DEBUG 7395 --- [           main] o.s.d.jpa.repository.query.NamedQuery    : Did not find named query Otp.isUsed.count
2023-11-15T17:20:09.619+05:30 DEBUG 7395 --- [           main] tor$SharedEntityManagerInvocationHandler : Creating new EntityManager for shared EntityManager invocation
2023-11-15T17:20:09.622+05:30 DEBUG 7395 --- [           main] o.s.d.r.c.s.RepositoryFactorySupport     : Finished creation of repository instance for com.ecommerce.library.Repository.UtilRepos.OtpRepo.
2023-11-15T17:20:09.623+05:30 DEBUG 7395 --- [           main] o.s.b.f.s.DefaultListableBeanFactory     : Creating shared instance of singleton bean 'adminServiceImpl'
2023-11-15T17:20:09.624+05:30 DEBUG 7395 --- [           main] o.s.b.f.s.DefaultListableBeanFactory     : Creating shared instance of singleton bean 'adminRepository'
2023-11-15T17:20:09.625+05:30 DEBUG 7395 --- [           main] o.s.b.f.s.DefaultListableBeanFactory     : Creating shared instance of singleton bean 'jpa.named-queries#11'
2023-11-15T17:20:09.626+05:30 DEBUG 7395 --- [           main] o.s.b.f.s.DefaultListableBeanFactory     : Creating shared instance of singleton bean 'jpa.AdminRepository.fragments#0'
2023-11-15T17:20:09.626+05:30 DEBUG 7395 --- [           main] tor$SharedEntityManagerInvocationHandler : Creating new EntityManager for shared EntityManager invocation
2023-11-15T17:20:09.630+05:30 DEBUG 7395 --- [           main] o.s.d.r.c.s.RepositoryFactorySupport     : Initializing repository instance for com.ecommerce.library.Repository.UserRepos.AdminRepository?
2023-11-15T17:20:09.630+05:30 DEBUG 7395 --- [           main] tor$SharedEntityManagerInvocationHandler : Creating new EntityManager for shared EntityManager invocation
2023-11-15T17:20:09.649+05:30 DEBUG 7395 --- [           main] o.s.d.jpa.repository.query.NamedQuery    : Did not find named query Admin.changePassword.count
2023-11-15T17:20:09.649+05:30 DEBUG 7395 --- [           main] tor$SharedEntityManagerInvocationHandler : Creating new EntityManager for shared EntityManager invocation
2023-11-15T17:20:09.650+05:30 DEBUG 7395 --- [           main] o.s.d.jpa.repository.query.NamedQuery    : Looking up named query Admin.existsAdminByUsername
2023-11-15T17:20:09.650+05:30 DEBUG 7395 --- [           main] o.s.d.jpa.repository.query.NamedQuery    : Did not find named query Admin.existsAdminByUsername
2023-11-15T17:20:09.651+05:30 DEBUG 7395 --- [           main] tor$SharedEntityManagerInvocationHandler : Creating new EntityManager for shared EntityManager invocation
2023-11-15T17:20:09.652+05:30 DEBUG 7395 --- [           main] o.s.d.jpa.repository.query.NamedQuery    : Looking up named query Admin.findByUsername
2023-11-15T17:20:09.652+05:30 DEBUG 7395 --- [           main] o.s.d.jpa.repository.query.NamedQuery    : Did not find named query Admin.findByUsername
2023-11-15T17:20:09.652+05:30 DEBUG 7395 --- [           main] tor$SharedEntityManagerInvocationHandler : Creating new EntityManager for shared EntityManager invocation
2023-11-15T17:20:09.654+05:30 DEBUG 7395 --- [           main] o.s.d.r.c.s.RepositoryFactorySupport     : Finished creation of repository instance for com.ecommerce.library.Repository.UserRepos.AdminRepository.
2023-11-15T17:20:09.655+05:30 DEBUG 7395 --- [           main] o.s.b.f.s.DefaultListableBeanFactory     : Creating shared instance of singleton bean 'roleRepository'
2023-11-15T17:20:09.656+05:30 DEBUG 7395 --- [           main] o.s.b.f.s.DefaultListableBeanFactory     : Creating shared instance of singleton bean 'jpa.named-queries#14'
2023-11-15T17:20:09.657+05:30 DEBUG 7395 --- [           main] o.s.b.f.s.DefaultListableBeanFactory     : Creating shared instance of singleton bean 'jpa.RoleRepository.fragments#0'
2023-11-15T17:20:09.658+05:30 DEBUG 7395 --- [           main] tor$SharedEntityManagerInvocationHandler : Creating new EntityManager for shared EntityManager invocation
2023-11-15T17:20:09.658+05:30 DEBUG 7395 --- [           main] o.s.d.r.c.s.RepositoryFactorySupport     : Initializing repository instance for com.ecommerce.library.Repository.UserRepos.RoleRepository?
2023-11-15T17:20:09.658+05:30 DEBUG 7395 --- [           main] tor$SharedEntityManagerInvocationHandler : Creating new EntityManager for shared EntityManager invocation
2023-11-15T17:20:09.683+05:30 DEBUG 7395 --- [           main] o.s.d.jpa.repository.query.NamedQuery    : Looking up named query Role.findByRole
2023-11-15T17:20:09.683+05:30 DEBUG 7395 --- [           main] o.s.d.jpa.repository.query.NamedQuery    : Did not find named query Role.findByRole
2023-11-15T17:20:09.683+05:30 DEBUG 7395 --- [           main] tor$SharedEntityManagerInvocationHandler : Creating new EntityManager for shared EntityManager invocation
2023-11-15T17:20:09.686+05:30 DEBUG 7395 --- [           main] o.s.d.r.c.s.RepositoryFactorySupport     : Finished creation of repository instance for com.ecommerce.library.Repository.UserRepos.RoleRepository.
2023-11-15T17:20:09.688+05:30 DEBUG 7395 --- [           main] o.s.b.f.s.DefaultListableBeanFactory     : Creating shared instance of singleton bean 'bCryptPasswordEncoder'
2023-11-15T17:20:09.688+05:30 DEBUG 7395 --- [           main] o.s.b.f.s.DefaultListableBeanFactory     : Creating shared instance of singleton bean 'commonBeansConfig'
2023-11-15T17:20:09.694+05:30 DEBUG 7395 --- [           main] o.s.b.f.s.DefaultListableBeanFactory     : Creating shared instance of singleton bean 'tokenRepo'
2023-11-15T17:20:09.695+05:30 DEBUG 7395 --- [           main] o.s.b.f.s.DefaultListableBeanFactory     : Creating shared instance of singleton bean 'jpa.named-queries#1'
2023-11-15T17:20:09.696+05:30 DEBUG 7395 --- [           main] o.s.b.f.s.DefaultListableBeanFactory     : Creating shared instance of singleton bean 'jpa.TokenRepo.fragments#0'
2023-11-15T17:20:09.696+05:30 DEBUG 7395 --- [           main] tor$SharedEntityManagerInvocationHandler : Creating new EntityManager for shared EntityManager invocation
2023-11-15T17:20:09.699+05:30 DEBUG 7395 --- [           main] o.s.d.r.c.s.RepositoryFactorySupport     : Initializing repository instance for com.ecommerce.library.Repository.UtilRepos.TokenRepo?
2023-11-15T17:20:09.700+05:30 DEBUG 7395 --- [           main] tor$SharedEntityManagerInvocationHandler : Creating new EntityManager for shared EntityManager invocation
2023-11-15T17:20:09.723+05:30 DEBUG 7395 --- [           main] o.s.d.jpa.repository.query.NamedQuery    : Looking up named query Token.existsByToken
2023-11-15T17:20:09.723+05:30 DEBUG 7395 --- [           main] o.s.d.jpa.repository.query.NamedQuery    : Did not find named query Token.existsByToken
2023-11-15T17:20:09.723+05:30 DEBUG 7395 --- [           main] tor$SharedEntityManagerInvocationHandler : Creating new EntityManager for shared EntityManager invocation
2023-11-15T17:20:09.724+05:30 DEBUG 7395 --- [           main] o.s.d.jpa.repository.query.NamedQuery    : Looking up named query Token.deleteByUsername
2023-11-15T17:20:09.724+05:30 DEBUG 7395 --- [           main] o.s.d.jpa.repository.query.NamedQuery    : Did not find named query Token.deleteByUsername
2023-11-15T17:20:09.725+05:30 DEBUG 7395 --- [           main] tor$SharedEntityManagerInvocationHandler : Creating new EntityManager for shared EntityManager invocation
2023-11-15T17:20:09.725+05:30 DEBUG 7395 --- [           main] o.s.d.jpa.repository.query.NamedQuery    : Looking up named query Token.findByUsernameAndTokenFor
2023-11-15T17:20:09.725+05:30 DEBUG 7395 --- [           main] o.s.d.jpa.repository.query.NamedQuery    : Did not find named query Token.findByUsernameAndTokenFor
2023-11-15T17:20:09.725+05:30 DEBUG 7395 --- [           main] tor$SharedEntityManagerInvocationHandler : Creating new EntityManager for shared EntityManager invocation
2023-11-15T17:20:09.727+05:30 DEBUG 7395 --- [           main] o.s.d.jpa.repository.query.NamedQuery    : Looking up named query Token.findByToken
2023-11-15T17:20:09.727+05:30 DEBUG 7395 --- [           main] o.s.d.jpa.repository.query.NamedQuery    : Did not find named query Token.findByToken
2023-11-15T17:20:09.727+05:30 DEBUG 7395 --- [           main] tor$SharedEntityManagerInvocationHandler : Creating new EntityManager for shared EntityManager invocation
2023-11-15T17:20:09.729+05:30 DEBUG 7395 --- [           main] o.s.d.r.c.s.RepositoryFactorySupport     : Finished creation of repository instance for com.ecommerce.library.Repository.UtilRepos.TokenRepo.
2023-11-15T17:20:09.730+05:30 DEBUG 7395 --- [           main] o.s.b.f.s.DefaultListableBeanFactory     : Creating shared instance of singleton bean 'tokenServiceImpl'
2023-11-15T17:20:09.731+05:30 DEBUG 7395 --- [           main] o.s.b.f.s.DefaultListableBeanFactory     : Creating shared instance of singleton bean 'mailServiceImpl'
2023-11-15T17:20:09.731+05:30 DEBUG 7395 --- [           main] o.s.b.f.s.DefaultListableBeanFactory     : Creating shared instance of singleton bean 'javaMailSender'
2023-11-15T17:20:09.731+05:30 DEBUG 7395 --- [           main] o.s.b.f.s.DefaultListableBeanFactory     : Creating shared instance of singleton bean 'emailConfig'
2023-11-15T17:20:09.742+05:30 DEBUG 7395 --- [           main] o.s.b.f.s.DefaultListableBeanFactory     : Autowiring by type from bean name 'mailServiceImpl' via constructor to bean named 'javaMailSender'
2023-11-15T17:20:09.742+05:30 DEBUG 7395 --- [           main] o.s.b.f.s.DefaultListableBeanFactory     : Autowiring by type from bean name 'mailServiceImpl' via constructor to bean named 'customerRepository'
2023-11-15T17:20:09.742+05:30 DEBUG 7395 --- [           main] o.s.b.f.s.DefaultListableBeanFactory     : Autowiring by type from bean name 'tokenServiceImpl' via constructor to bean named 'tokenRepo'
2023-11-15T17:20:09.742+05:30 DEBUG 7395 --- [           main] o.s.b.f.s.DefaultListableBeanFactory     : Autowiring by type from bean name 'tokenServiceImpl' via constructor to bean named 'mailServiceImpl'
2023-11-15T17:20:09.743+05:30 DEBUG 7395 --- [           main] o.s.b.f.s.DefaultListableBeanFactory     : Autowiring by type from bean name 'adminServiceImpl' via constructor to bean named 'adminRepository'
2023-11-15T17:20:09.743+05:30 DEBUG 7395 --- [           main] o.s.b.f.s.DefaultListableBeanFactory     : Autowiring by type from bean name 'adminServiceImpl' via constructor to bean named 'roleRepository'
2023-11-15T17:20:09.743+05:30 DEBUG 7395 --- [           main] o.s.b.f.s.DefaultListableBeanFactory     : Autowiring by type from bean name 'adminServiceImpl' via constructor to bean named 'bCryptPasswordEncoder'
2023-11-15T17:20:09.743+05:30 DEBUG 7395 --- [           main] o.s.b.f.s.DefaultListableBeanFactory     : Autowiring by type from bean name 'adminServiceImpl' via constructor to bean named 'tokenRepo'
2023-11-15T17:20:09.743+05:30 DEBUG 7395 --- [           main] o.s.b.f.s.DefaultListableBeanFactory     : Autowiring by type from bean name 'adminServiceImpl' via constructor to bean named 'tokenServiceImpl'
2023-11-15T17:20:09.743+05:30 DEBUG 7395 --- [           main] o.s.b.f.s.DefaultListableBeanFactory     : Autowiring by type from bean name 'otpServiceImpl' via constructor to bean named 'otpRepo'
2023-11-15T17:20:09.743+05:30 DEBUG 7395 --- [           main] o.s.b.f.s.DefaultListableBeanFactory     : Autowiring by type from bean name 'otpServiceImpl' via constructor to bean named 'adminServiceImpl'
2023-11-15T17:20:09.743+05:30 DEBUG 7395 --- [           main] o.s.b.f.s.DefaultListableBeanFactory     : Autowiring by type from bean name 'otpServiceImpl' via constructor to bean named 'mailServiceImpl'
2023-11-15T17:20:09.744+05:30 DEBUG 7395 --- [           main] o.s.b.f.s.DefaultListableBeanFactory     : Creating shared instance of singleton bean 'walletRepo'
2023-11-15T17:20:09.745+05:30 DEBUG 7395 --- [           main] o.s.b.f.s.DefaultListableBeanFactory     : Creating shared instance of singleton bean 'jpa.named-queries#6'
2023-11-15T17:20:09.746+05:30 DEBUG 7395 --- [           main] o.s.b.f.s.DefaultListableBeanFactory     : Creating shared instance of singleton bean 'jpa.WalletRepo.fragments#0'
2023-11-15T17:20:09.746+05:30 DEBUG 7395 --- [           main] tor$SharedEntityManagerInvocationHandler : Creating new EntityManager for shared EntityManager invocation
2023-11-15T17:20:09.746+05:30 DEBUG 7395 --- [           main] o.s.d.r.c.s.RepositoryFactorySupport     : Initializing repository instance for com.ecommerce.library.Repository.UserRepos.WalletRepo?
2023-11-15T17:20:09.747+05:30 DEBUG 7395 --- [           main] tor$SharedEntityManagerInvocationHandler : Creating new EntityManager for shared EntityManager invocation
2023-11-15T17:20:09.761+05:30 DEBUG 7395 --- [           main] o.s.d.jpa.repository.query.NamedQuery    : Did not find named query Wallet.setWalletBalance.count
2023-11-15T17:20:09.761+05:30 DEBUG 7395 --- [           main] tor$SharedEntityManagerInvocationHandler : Creating new EntityManager for shared EntityManager invocation
2023-11-15T17:20:09.762+05:30 DEBUG 7395 --- [           main] o.s.d.jpa.repository.query.NamedQuery    : Did not find named query Wallet.findByEmail.count
2023-11-15T17:20:09.762+05:30 DEBUG 7395 --- [           main] tor$SharedEntityManagerInvocationHandler : Creating new EntityManager for shared EntityManager invocation
2023-11-15T17:20:09.764+05:30 DEBUG 7395 --- [           main] o.s.d.jpa.repository.query.NamedQuery    : Did not find named query Wallet.existsByCustomerEmail.count
2023-11-15T17:20:09.764+05:30 DEBUG 7395 --- [           main] tor$SharedEntityManagerInvocationHandler : Creating new EntityManager for shared EntityManager invocation
2023-11-15T17:20:09.767+05:30 DEBUG 7395 --- [           main] o.s.d.r.c.s.RepositoryFactorySupport     : Finished creation of repository instance for com.ecommerce.library.Repository.UserRepos.WalletRepo.
2023-11-15T17:20:09.768+05:30 DEBUG 7395 --- [           main] o.s.b.f.s.DefaultListableBeanFactory     : Creating shared instance of singleton bean 'taskOffersRepo'
2023-11-15T17:20:09.769+05:30 DEBUG 7395 --- [           main] o.s.b.f.s.DefaultListableBeanFactory     : Creating shared instance of singleton bean 'jpa.named-queries#3'
2023-11-15T17:20:09.770+05:30 DEBUG 7395 --- [           main] o.s.b.f.s.DefaultListableBeanFactory     : Creating shared instance of singleton bean 'jpa.TaskOffersRepo.fragments#0'
2023-11-15T17:20:09.770+05:30 DEBUG 7395 --- [           main] tor$SharedEntityManagerInvocationHandler : Creating new EntityManager for shared EntityManager invocation
2023-11-15T17:20:09.771+05:30 DEBUG 7395 --- [           main] o.s.d.r.c.s.RepositoryFactorySupport     : Initializing repository instance for com.ecommerce.library.Repository.UserRepos.TaskOffersRepo?
2023-11-15T17:20:09.772+05:30 DEBUG 7395 --- [           main] tor$SharedEntityManagerInvocationHandler : Creating new EntityManager for shared EntityManager invocation
2023-11-15T17:20:09.787+05:30 DEBUG 7395 --- [           main] o.s.d.jpa.repository.query.NamedQuery    : Did not find named query TaskOffers.isOfferEnabled.count
2023-11-15T17:20:09.787+05:30 DEBUG 7395 --- [           main] tor$SharedEntityManagerInvocationHandler : Creating new EntityManager for shared EntityManager invocation
2023-11-15T17:20:09.791+05:30 DEBUG 7395 --- [           main] o.s.d.jpa.repository.query.NamedQuery    : Did not find named query TaskOffers.enableOrDisable.count
2023-11-15T17:20:09.791+05:30 DEBUG 7395 --- [           main] tor$SharedEntityManagerInvocationHandler : Creating new EntityManager for shared EntityManager invocation
2023-11-15T17:20:09.794+05:30 DEBUG 7395 --- [           main] o.s.d.r.c.s.RepositoryFactorySupport     : Finished creation of repository instance for com.ecommerce.library.Repository.UserRepos.TaskOffersRepo.
2023-11-15T17:20:09.794+05:30 DEBUG 7395 --- [           main] o.s.b.f.s.DefaultListableBeanFactory     : Autowiring by type from bean name 'customerServiceImpl' via constructor to bean named 'customerRepository'
2023-11-15T17:20:09.794+05:30 DEBUG 7395 --- [           main] o.s.b.f.s.DefaultListableBeanFactory     : Autowiring by type from bean name 'customerServiceImpl' via constructor to bean named 'otpServiceImpl'
2023-11-15T17:20:09.794+05:30 DEBUG 7395 --- [           main] o.s.b.f.s.DefaultListableBeanFactory     : Autowiring by type from bean name 'customerServiceImpl' via constructor to bean named 'bCryptPasswordEncoder'
2023-11-15T17:20:09.794+05:30 DEBUG 7395 --- [           main] o.s.b.f.s.DefaultListableBeanFactory     : Autowiring by type from bean name 'customerServiceImpl' via constructor to bean named 'tokenServiceImpl'
2023-11-15T17:20:09.794+05:30 DEBUG 7395 --- [           main] o.s.b.f.s.DefaultListableBeanFactory     : Autowiring by type from bean name 'customerServiceImpl' via constructor to bean named 'walletRepo'
2023-11-15T17:20:09.794+05:30 DEBUG 7395 --- [           main] o.s.b.f.s.DefaultListableBeanFactory     : Autowiring by type from bean name 'customerServiceImpl' via constructor to bean named 'taskOffersRepo'
2023-11-15T17:20:09.794+05:30 DEBUG 7395 --- [           main] o.s.b.f.s.DefaultListableBeanFactory     : Autowiring by type from bean name 'customerServiceImpl' via constructor to bean named 'adminRepository'
2023-11-15T17:20:09.810+05:30 DEBUG 7395 --- [           main] o.s.b.f.s.DefaultListableBeanFactory     : Creating shared instance of singleton bean 'cartItemRepo'
2023-11-15T17:20:09.811+05:30 DEBUG 7395 --- [           main] o.s.b.f.s.DefaultListableBeanFactory     : Creating shared instance of singleton bean 'jpa.named-queries#5'
2023-11-15T17:20:09.811+05:30 DEBUG 7395 --- [           main] o.s.b.f.s.DefaultListableBeanFactory     : Creating shared instance of singleton bean 'jpa.CartItemRepo.fragments#0'
2023-11-15T17:20:09.812+05:30 DEBUG 7395 --- [           main] tor$SharedEntityManagerInvocationHandler : Creating new EntityManager for shared EntityManager invocation
2023-11-15T17:20:09.812+05:30 DEBUG 7395 --- [           main] o.s.d.r.c.s.RepositoryFactorySupport     : Initializing repository instance for com.ecommerce.library.Repository.UserRepos.CartItemRepo?
2023-11-15T17:20:09.813+05:30 DEBUG 7395 --- [           main] tor$SharedEntityManagerInvocationHandler : Creating new EntityManager for shared EntityManager invocation
2023-11-15T17:20:09.831+05:30 DEBUG 7395 --- [           main] o.s.d.jpa.repository.query.NamedQuery    : Did not find named query CartItem.deleteByCartId.count
2023-11-15T17:20:09.831+05:30 DEBUG 7395 --- [           main] tor$SharedEntityManagerInvocationHandler : Creating new EntityManager for shared EntityManager invocation
2023-11-15T17:20:09.838+05:30 DEBUG 7395 --- [           main] o.s.d.jpa.repository.query.NamedQuery    : Did not find named query CartItem.updateCartItemsPriceAfterNewCoupon.count
2023-11-15T17:20:09.839+05:30 DEBUG 7395 --- [           main] tor$SharedEntityManagerInvocationHandler : Creating new EntityManager for shared EntityManager invocation
2023-11-15T17:20:09.840+05:30 DEBUG 7395 --- [           main] o.s.d.jpa.repository.query.NamedQuery    : Did not find named query CartItem.resetCartItemsPrice.count
2023-11-15T17:20:09.840+05:30 DEBUG 7395 --- [           main] tor$SharedEntityManagerInvocationHandler : Creating new EntityManager for shared EntityManager invocation
2023-11-15T17:20:09.842+05:30 DEBUG 7395 --- [           main] o.s.d.jpa.repository.query.NamedQuery    : Did not find named query CartItem.removeItem.count
2023-11-15T17:20:09.842+05:30 DEBUG 7395 --- [           main] tor$SharedEntityManagerInvocationHandler : Creating new EntityManager for shared EntityManager invocation
2023-11-15T17:20:09.844+05:30 DEBUG 7395 --- [           main] o.s.d.jpa.repository.query.NamedQuery    : Did not find named query CartItem.getCartItemPriceById.count
2023-11-15T17:20:09.845+05:30 DEBUG 7395 --- [           main] tor$SharedEntityManagerInvocationHandler : Creating new EntityManager for shared EntityManager invocation
2023-11-15T17:20:09.847+05:30 DEBUG 7395 --- [           main] o.s.d.r.c.s.RepositoryFactorySupport     : Finished creation of repository instance for com.ecommerce.library.Repository.UserRepos.CartItemRepo.
2023-11-15T17:20:09.849+05:30 DEBUG 7395 --- [           main] o.s.b.f.s.DefaultListableBeanFactory     : Creating shared instance of singleton bean 'productServiceImpl'
2023-11-15T17:20:09.850+05:30 DEBUG 7395 --- [           main] o.s.b.f.s.DefaultListableBeanFactory     : Creating shared instance of singleton bean 'productRepo'
2023-11-15T17:20:09.851+05:30 DEBUG 7395 --- [           main] o.s.b.f.s.DefaultListableBeanFactory     : Creating shared instance of singleton bean 'jpa.named-queries#8'
2023-11-15T17:20:09.851+05:30 DEBUG 7395 --- [           main] o.s.b.f.s.DefaultListableBeanFactory     : Creating shared instance of singleton bean 'jpa.ProductRepo.fragments#0'
2023-11-15T17:20:09.852+05:30 DEBUG 7395 --- [           main] tor$SharedEntityManagerInvocationHandler : Creating new EntityManager for shared EntityManager invocation
2023-11-15T17:20:09.852+05:30 DEBUG 7395 --- [           main] o.s.d.r.c.s.RepositoryFactorySupport     : Initializing repository instance for com.ecommerce.library.Repository.UserRepos.ProductRepo?
2023-11-15T17:20:09.852+05:30 DEBUG 7395 --- [           main] tor$SharedEntityManagerInvocationHandler : Creating new EntityManager for shared EntityManager invocation
2023-11-15T17:20:09.884+05:30 DEBUG 7395 --- [           main] o.s.d.jpa.repository.query.NamedQuery    : Did not find named query Product.getProductQuantity.count
2023-11-15T17:20:09.884+05:30 DEBUG 7395 --- [           main] tor$SharedEntityManagerInvocationHandler : Creating new EntityManager for shared EntityManager invocation
2023-11-15T17:20:09.890+05:30 DEBUG 7395 --- [           main] o.s.d.jpa.repository.query.NamedQuery    : Did not find named query Product.findProductsByPartialNameAndCategory.count
2023-11-15T17:20:09.891+05:30 DEBUG 7395 --- [           main] tor$SharedEntityManagerInvocationHandler : Creating new EntityManager for shared EntityManager invocation
2023-11-15T17:20:09.919+05:30 DEBUG 7395 --- [           main] o.s.d.jpa.repository.query.NamedQuery    : Did not find named query Product.isQuantityZeroForCategory.count
2023-11-15T17:20:09.919+05:30 DEBUG 7395 --- [           main] tor$SharedEntityManagerInvocationHandler : Creating new EntityManager for shared EntityManager invocation
2023-11-15T17:20:09.937+05:30 DEBUG 7395 --- [           main] o.s.d.jpa.repository.query.NamedQuery    : Did not find named query Product.deleteImageWithImageUrl.count
2023-11-15T17:20:09.937+05:30 DEBUG 7395 --- [           main] tor$SharedEntityManagerInvocationHandler : Creating new EntityManager for shared EntityManager invocation
2023-11-15T17:20:09.938+05:30 DEBUG 7395 --- [           main] o.s.d.jpa.repository.query.NamedQuery    : Did not find named query Product.enableProduct.count
2023-11-15T17:20:09.938+05:30 DEBUG 7395 --- [           main] tor$SharedEntityManagerInvocationHandler : Creating new EntityManager for shared EntityManager invocation
2023-11-15T17:20:09.943+05:30 DEBUG 7395 --- [           main] o.s.d.jpa.repository.query.NamedQuery    : Did not find named query Product.sortProductsFromLowToHigh.count
2023-11-15T17:20:09.943+05:30 DEBUG 7395 --- [           main] tor$SharedEntityManagerInvocationHandler : Creating new EntityManager for shared EntityManager invocation
2023-11-15T17:20:09.950+05:30 DEBUG 7395 --- [           main] o.s.d.jpa.repository.query.NamedQuery    : Looking up named query Product.findByName
2023-11-15T17:20:09.951+05:30 DEBUG 7395 --- [           main] o.s.d.jpa.repository.query.NamedQuery    : Did not find named query Product.findByName
2023-11-15T17:20:09.951+05:30 DEBUG 7395 --- [           main] tor$SharedEntityManagerInvocationHandler : Creating new EntityManager for shared EntityManager invocation
2023-11-15T17:20:09.953+05:30 DEBUG 7395 --- [           main] o.s.d.jpa.repository.query.NamedQuery    : Did not find named query Product.disableProduct.count
2023-11-15T17:20:09.953+05:30 DEBUG 7395 --- [           main] tor$SharedEntityManagerInvocationHandler : Creating new EntityManager for shared EntityManager invocation
2023-11-15T17:20:09.965+05:30 DEBUG 7395 --- [           main] o.s.d.jpa.repository.query.NamedQuery    : Did not find named query Product.findMaxPrice.count
2023-11-15T17:20:09.966+05:30 DEBUG 7395 --- [           main] tor$SharedEntityManagerInvocationHandler : Creating new EntityManager for shared EntityManager invocation
2023-11-15T17:20:09.968+05:30 DEBUG 7395 --- [           main] o.s.d.jpa.repository.query.NamedQuery    : Did not find named query Product.sortProductsFromHighToLow.count
2023-11-15T17:20:09.968+05:30 DEBUG 7395 --- [           main] tor$SharedEntityManagerInvocationHandler : Creating new EntityManager for shared EntityManager invocation
2023-11-15T17:20:09.971+05:30 DEBUG 7395 --- [           main] o.s.d.jpa.repository.query.NamedQuery    : Did not find named query Product.uploadImages.count
2023-11-15T17:20:09.971+05:30 DEBUG 7395 --- [           main] tor$SharedEntityManagerInvocationHandler : Creating new EntityManager for shared EntityManager invocation
2023-11-15T17:20:09.973+05:30 DEBUG 7395 --- [           main] o.s.d.jpa.repository.query.NamedQuery    : Did not find named query Product.getActiveProductsCount.count
2023-11-15T17:20:09.974+05:30 DEBUG 7395 --- [           main] tor$SharedEntityManagerInvocationHandler : Creating new EntityManager for shared EntityManager invocation
2023-11-15T17:20:09.981+05:30 DEBUG 7395 --- [           main] o.s.d.jpa.repository.query.NamedQuery    : Did not find named query Product.getImageCount.count
2023-11-15T17:20:09.982+05:30 DEBUG 7395 --- [           main] tor$SharedEntityManagerInvocationHandler : Creating new EntityManager for shared EntityManager invocation
2023-11-15T17:20:09.983+05:30 DEBUG 7395 --- [           main] o.s.d.jpa.repository.query.NamedQuery    : Did not find named query Product.getActiveProductsOnSale.count
2023-11-15T17:20:09.983+05:30 DEBUG 7395 --- [           main] tor$SharedEntityManagerInvocationHandler : Creating new EntityManager for shared EntityManager invocation
2023-11-15T17:20:09.986+05:30 DEBUG 7395 --- [           main] o.s.d.jpa.repository.query.NamedQuery    : Did not find named query Product.findActiveByCategory.count
2023-11-15T17:20:09.986+05:30 DEBUG 7395 --- [           main] tor$SharedEntityManagerInvocationHandler : Creating new EntityManager for shared EntityManager invocation
2023-11-15T17:20:09.989+05:30 DEBUG 7395 --- [           main] o.s.d.jpa.repository.query.NamedQuery    : Did not find named query Product.findIdOfProductsWithSizes.count
2023-11-15T17:20:09.989+05:30 DEBUG 7395 --- [           main] tor$SharedEntityManagerInvocationHandler : Creating new EntityManager for shared EntityManager invocation
2023-11-15T17:20:10.020+05:30 DEBUG 7395 --- [           main] o.s.d.jpa.repository.query.NamedQuery    : Did not find named query Product.findAllProductsStartingBy.count
2023-11-15T17:20:10.020+05:30 DEBUG 7395 --- [           main] tor$SharedEntityManagerInvocationHandler : Creating new EntityManager for shared EntityManager invocation
2023-11-15T17:20:10.120+05:30 DEBUG 7395 --- [           main] o.s.d.jpa.repository.query.NamedQuery    : Did not find named query Product.setProductQuantity.count
2023-11-15T17:20:10.120+05:30 DEBUG 7395 --- [           main] tor$SharedEntityManagerInvocationHandler : Creating new EntityManager for shared EntityManager invocation
2023-11-15T17:20:10.122+05:30 DEBUG 7395 --- [           main] o.s.d.jpa.repository.query.NamedQuery    : Did not find named query Product.getActiveProducts.count
2023-11-15T17:20:10.122+05:30 DEBUG 7395 --- [           main] tor$SharedEntityManagerInvocationHandler : Creating new EntityManager for shared EntityManager invocation
2023-11-15T17:20:10.134+05:30 DEBUG 7395 --- [           main] o.s.d.jpa.repository.query.NamedQuery    : Did not find named query Product.discountForProductsFromCategory.count
2023-11-15T17:20:10.135+05:30 DEBUG 7395 --- [           main] tor$SharedEntityManagerInvocationHandler : Creating new EntityManager for shared EntityManager invocation
2023-11-15T17:20:10.217+05:30 DEBUG 7395 --- [           main] o.s.d.jpa.repository.query.NamedQuery    : Looking up named query Product.existsByName
2023-11-15T17:20:10.217+05:30 DEBUG 7395 --- [           main] o.s.d.jpa.repository.query.NamedQuery    : Did not find named query Product.existsByName
2023-11-15T17:20:10.217+05:30 DEBUG 7395 --- [           main] tor$SharedEntityManagerInvocationHandler : Creating new EntityManager for shared EntityManager invocation
2023-11-15T17:20:10.221+05:30 DEBUG 7395 --- [           main] o.s.d.jpa.repository.query.NamedQuery    : Did not find named query Product.findProductsByFilter.count
2023-11-15T17:20:10.221+05:30 DEBUG 7395 --- [           main] tor$SharedEntityManagerInvocationHandler : Creating new EntityManager for shared EntityManager invocation
2023-11-15T17:20:10.236+05:30 DEBUG 7395 --- [           main] o.s.d.jpa.repository.query.NamedQuery    : Did not find named query Product.findDistinctSizes.count
2023-11-15T17:20:10.236+05:30 DEBUG 7395 --- [           main] tor$SharedEntityManagerInvocationHandler : Creating new EntityManager for shared EntityManager invocation
2023-11-15T17:20:10.265+05:30 DEBUG 7395 --- [           main] o.s.d.jpa.repository.query.NamedQuery    : Did not find named query Product.resetDiscountForProductsFromCategory.count
2023-11-15T17:20:10.266+05:30 DEBUG 7395 --- [           main] tor$SharedEntityManagerInvocationHandler : Creating new EntityManager for shared EntityManager invocation
2023-11-15T17:20:10.356+05:30 DEBUG 7395 --- [           main] o.s.d.r.c.s.RepositoryFactorySupport     : Finished creation of repository instance for com.ecommerce.library.Repository.UserRepos.ProductRepo.
2023-11-15T17:20:10.357+05:30 DEBUG 7395 --- [           main] o.s.b.f.s.DefaultListableBeanFactory     : Creating shared instance of singleton bean 'fileUtil'
2023-11-15T17:20:10.358+05:30 DEBUG 7395 --- [           main] o.s.b.f.s.DefaultListableBeanFactory     : Creating shared instance of singleton bean 'categoryRepo'
2023-11-15T17:20:10.358+05:30 DEBUG 7395 --- [           main] o.s.b.f.s.DefaultListableBeanFactory     : Creating shared instance of singleton bean 'jpa.named-queries#17'
2023-11-15T17:20:10.359+05:30 DEBUG 7395 --- [           main] o.s.b.f.s.DefaultListableBeanFactory     : Creating shared instance of singleton bean 'jpa.CategoryRepo.fragments#0'
2023-11-15T17:20:10.359+05:30 DEBUG 7395 --- [           main] tor$SharedEntityManagerInvocationHandler : Creating new EntityManager for shared EntityManager invocation
2023-11-15T17:20:10.360+05:30 DEBUG 7395 --- [           main] o.s.d.r.c.s.RepositoryFactorySupport     : Initializing repository instance for com.ecommerce.library.Repository.UserRepos.CategoryRepo?
2023-11-15T17:20:10.360+05:30 DEBUG 7395 --- [           main] tor$SharedEntityManagerInvocationHandler : Creating new EntityManager for shared EntityManager invocation
2023-11-15T17:20:10.392+05:30 DEBUG 7395 --- [           main] o.s.d.jpa.repository.query.NamedQuery    : Did not find named query Category.softDelete.count
2023-11-15T17:20:10.392+05:30 DEBUG 7395 --- [           main] tor$SharedEntityManagerInvocationHandler : Creating new EntityManager for shared EntityManager invocation
2023-11-15T17:20:10.394+05:30 DEBUG 7395 --- [           main] o.s.d.jpa.repository.query.NamedQuery    : Looking up named query Category.findByCategory
2023-11-15T17:20:10.394+05:30 DEBUG 7395 --- [           main] o.s.d.jpa.repository.query.NamedQuery    : Did not find named query Category.findByCategory
2023-11-15T17:20:10.394+05:30 DEBUG 7395 --- [           main] tor$SharedEntityManagerInvocationHandler : Creating new EntityManager for shared EntityManager invocation
2023-11-15T17:20:10.395+05:30 DEBUG 7395 --- [           main] o.s.d.jpa.repository.query.NamedQuery    : Looking up named query Category.removeCategoryById
2023-11-15T17:20:10.395+05:30 DEBUG 7395 --- [           main] o.s.d.jpa.repository.query.NamedQuery    : Did not find named query Category.removeCategoryById
2023-11-15T17:20:10.395+05:30 DEBUG 7395 --- [           main] tor$SharedEntityManagerInvocationHandler : Creating new EntityManager for shared EntityManager invocation
2023-11-15T17:20:10.396+05:30 DEBUG 7395 --- [           main] o.s.d.jpa.repository.query.NamedQuery    : Did not find named query Category.findAllActiveCategories.count
2023-11-15T17:20:10.396+05:30 DEBUG 7395 --- [           main] tor$SharedEntityManagerInvocationHandler : Creating new EntityManager for shared EntityManager invocation
2023-11-15T17:20:10.397+05:30 DEBUG 7395 --- [           main] o.s.d.jpa.repository.query.NamedQuery    : Did not find named query Category.resetDiscountForCategory.count
2023-11-15T17:20:10.397+05:30 DEBUG 7395 --- [           main] tor$SharedEntityManagerInvocationHandler : Creating new EntityManager for shared EntityManager invocation
2023-11-15T17:20:10.401+05:30 DEBUG 7395 --- [           main] o.s.d.jpa.repository.query.NamedQuery    : Did not find named query Category.findDiscountAppliedForCategoryById.count
2023-11-15T17:20:10.401+05:30 DEBUG 7395 --- [           main] tor$SharedEntityManagerInvocationHandler : Creating new EntityManager for shared EntityManager invocation
2023-11-15T17:20:10.404+05:30 DEBUG 7395 --- [           main] o.s.d.jpa.repository.query.NamedQuery    : Did not find named query Category.enableCategory.count
2023-11-15T17:20:10.404+05:30 DEBUG 7395 --- [           main] tor$SharedEntityManagerInvocationHandler : Creating new EntityManager for shared EntityManager invocation
2023-11-15T17:20:10.405+05:30 DEBUG 7395 --- [           main] o.s.d.jpa.repository.query.NamedQuery    : Did not find named query Category.applyDiscountForCategory.count
2023-11-15T17:20:10.405+05:30 DEBUG 7395 --- [           main] tor$SharedEntityManagerInvocationHandler : Creating new EntityManager for shared EntityManager invocation
2023-11-15T17:20:10.407+05:30 DEBUG 7395 --- [           main] o.s.d.jpa.repository.query.NamedQuery    : Did not find named query Category.setTotalProductsPerCategory.count
2023-11-15T17:20:10.407+05:30 DEBUG 7395 --- [           main] tor$SharedEntityManagerInvocationHandler : Creating new EntityManager for shared EntityManager invocation
2023-11-15T17:20:10.407+05:30 DEBUG 7395 --- [           main] o.s.d.jpa.repository.query.NamedQuery    : Looking up named query Category.existsByCategory
2023-11-15T17:20:10.407+05:30 DEBUG 7395 --- [           main] o.s.d.jpa.repository.query.NamedQuery    : Did not find named query Category.existsByCategory
2023-11-15T17:20:10.407+05:30 DEBUG 7395 --- [           main] tor$SharedEntityManagerInvocationHandler : Creating new EntityManager for shared EntityManager invocation
2023-11-15T17:20:10.409+05:30 DEBUG 7395 --- [           main] o.s.d.jpa.repository.query.NamedQuery    : Did not find named query Category.getActiveCategoriesCount.count
2023-11-15T17:20:10.409+05:30 DEBUG 7395 --- [           main] tor$SharedEntityManagerInvocationHandler : Creating new EntityManager for shared EntityManager invocation
2023-11-15T17:20:10.412+05:30 DEBUG 7395 --- [           main] o.s.d.r.c.s.RepositoryFactorySupport     : Finished creation of repository instance for com.ecommerce.library.Repository.UserRepos.CategoryRepo.
2023-11-15T17:20:10.412+05:30 DEBUG 7395 --- [           main] o.s.b.f.s.DefaultListableBeanFactory     : Autowiring by type from bean name 'productServiceImpl' via constructor to bean named 'productRepo'
2023-11-15T17:20:10.413+05:30 DEBUG 7395 --- [           main] o.s.b.f.s.DefaultListableBeanFactory     : Autowiring by type from bean name 'productServiceImpl' via constructor to bean named 'fileUtil'
2023-11-15T17:20:10.413+05:30 DEBUG 7395 --- [           main] o.s.b.f.s.DefaultListableBeanFactory     : Autowiring by type from bean name 'productServiceImpl' via constructor to bean named 'categoryRepo'
2023-11-15T17:20:10.419+05:30 DEBUG 7395 --- [           main] o.s.b.f.s.DefaultListableBeanFactory     : Autowiring by type from bean name 'cartServiceImpl' via constructor to bean named 'cartRepo'
2023-11-15T17:20:10.419+05:30 DEBUG 7395 --- [           main] o.s.b.f.s.DefaultListableBeanFactory     : Autowiring by type from bean name 'cartServiceImpl' via constructor to bean named 'customerServiceImpl'
2023-11-15T17:20:10.419+05:30 DEBUG 7395 --- [           main] o.s.b.f.s.DefaultListableBeanFactory     : Autowiring by type from bean name 'cartServiceImpl' via constructor to bean named 'cartItemRepo'
2023-11-15T17:20:10.419+05:30 DEBUG 7395 --- [           main] o.s.b.f.s.DefaultListableBeanFactory     : Autowiring by type from bean name 'cartServiceImpl' via constructor to bean named 'productServiceImpl'
2023-11-15T17:20:10.427+05:30 DEBUG 7395 --- [           main] o.s.b.f.s.DefaultListableBeanFactory     : Creating shared instance of singleton bean 'addressServiceImpl'
2023-11-15T17:20:10.428+05:30 DEBUG 7395 --- [           main] o.s.b.f.s.DefaultListableBeanFactory     : Creating shared instance of singleton bean 'addressRepo'
2023-11-15T17:20:10.429+05:30 DEBUG 7395 --- [           main] o.s.b.f.s.DefaultListableBeanFactory     : Creating shared instance of singleton bean 'jpa.named-queries#18'
2023-11-15T17:20:10.430+05:30 DEBUG 7395 --- [           main] o.s.b.f.s.DefaultListableBeanFactory     : Creating shared instance of singleton bean 'jpa.AddressRepo.fragments#0'
2023-11-15T17:20:10.430+05:30 DEBUG 7395 --- [           main] tor$SharedEntityManagerInvocationHandler : Creating new EntityManager for shared EntityManager invocation
2023-11-15T17:20:10.433+05:30 DEBUG 7395 --- [           main] o.s.d.r.c.s.RepositoryFactorySupport     : Initializing repository instance for com.ecommerce.library.Repository.UserRepos.AddressRepo?
2023-11-15T17:20:10.433+05:30 DEBUG 7395 --- [           main] tor$SharedEntityManagerInvocationHandler : Creating new EntityManager for shared EntityManager invocation
2023-11-15T17:20:10.450+05:30 DEBUG 7395 --- [           main] o.s.d.jpa.repository.query.NamedQuery    : Did not find named query Address.addressBelongsToCustomer.count
2023-11-15T17:20:10.450+05:30 DEBUG 7395 --- [           main] tor$SharedEntityManagerInvocationHandler : Creating new EntityManager for shared EntityManager invocation
2023-11-15T17:20:10.454+05:30 DEBUG 7395 --- [           main] o.s.d.jpa.repository.query.NamedQuery    : Did not find named query Address.uncheckDefaultAddressForCustomer.count
2023-11-15T17:20:10.454+05:30 DEBUG 7395 --- [           main] tor$SharedEntityManagerInvocationHandler : Creating new EntityManager for shared EntityManager invocation
2023-11-15T17:20:10.455+05:30 DEBUG 7395 --- [           main] o.s.d.jpa.repository.query.NamedQuery    : Did not find named query Address.findDefaultAddressByCustomerEmail.count
2023-11-15T17:20:10.456+05:30 DEBUG 7395 --- [           main] tor$SharedEntityManagerInvocationHandler : Creating new EntityManager for shared EntityManager invocation
2023-11-15T17:20:10.457+05:30 DEBUG 7395 --- [           main] o.s.d.jpa.repository.query.NamedQuery    : Did not find named query Address.setAddressAsDefaultForCustomer.count
2023-11-15T17:20:10.458+05:30 DEBUG 7395 --- [           main] tor$SharedEntityManagerInvocationHandler : Creating new EntityManager for shared EntityManager invocation
2023-11-15T17:20:10.458+05:30 DEBUG 7395 --- [           main] o.s.d.jpa.repository.query.NamedQuery    : Looking up named query Address.findAddressByCustomer
2023-11-15T17:20:10.459+05:30 DEBUG 7395 --- [           main] o.s.d.jpa.repository.query.NamedQuery    : Did not find named query Address.findAddressByCustomer
2023-11-15T17:20:10.459+05:30 DEBUG 7395 --- [           main] tor$SharedEntityManagerInvocationHandler : Creating new EntityManager for shared EntityManager invocation
2023-11-15T17:20:10.462+05:30 DEBUG 7395 --- [           main] o.s.d.r.c.s.RepositoryFactorySupport     : Finished creation of repository instance for com.ecommerce.library.Repository.UserRepos.AddressRepo.
2023-11-15T17:20:10.462+05:30 DEBUG 7395 --- [           main] o.s.b.f.s.DefaultListableBeanFactory     : Autowiring by type from bean name 'addressServiceImpl' via constructor to bean named 'addressRepo'
2023-11-15T17:20:10.462+05:30 DEBUG 7395 --- [           main] o.s.b.f.s.DefaultListableBeanFactory     : Autowiring by type from bean name 'addressServiceImpl' via constructor to bean named 'customerServiceImpl'
2023-11-15T17:20:10.467+05:30 DEBUG 7395 --- [           main] o.s.b.f.s.DefaultListableBeanFactory     : Creating shared instance of singleton bean 'orderRepo'
2023-11-15T17:20:10.468+05:30 DEBUG 7395 --- [           main] o.s.b.f.s.DefaultListableBeanFactory     : Creating shared instance of singleton bean 'jpa.named-queries#13'
2023-11-15T17:20:10.469+05:30 DEBUG 7395 --- [           main] o.s.b.f.s.DefaultListableBeanFactory     : Creating shared instance of singleton bean 'jpa.OrderRepo.fragments#0'
2023-11-15T17:20:10.469+05:30 DEBUG 7395 --- [           main] tor$SharedEntityManagerInvocationHandler : Creating new EntityManager for shared EntityManager invocation
2023-11-15T17:20:10.470+05:30 DEBUG 7395 --- [           main] o.s.d.r.c.s.RepositoryFactorySupport     : Initializing repository instance for com.ecommerce.library.Repository.UserRepos.OrderRepo?
2023-11-15T17:20:10.470+05:30 DEBUG 7395 --- [           main] tor$SharedEntityManagerInvocationHandler : Creating new EntityManager for shared EntityManager invocation
2023-11-15T17:20:10.494+05:30 DEBUG 7395 --- [           main] o.s.d.jpa.repository.query.NamedQuery    : Looking up named query Order.findOrderByOrderStatus
2023-11-15T17:20:10.494+05:30 DEBUG 7395 --- [           main] o.s.d.jpa.repository.query.NamedQuery    : Did not find named query Order.findOrderByOrderStatus
2023-11-15T17:20:10.494+05:30 DEBUG 7395 --- [           main] tor$SharedEntityManagerInvocationHandler : Creating new EntityManager for shared EntityManager invocation
2023-11-15T17:20:10.498+05:30 DEBUG 7395 --- [           main] o.s.d.jpa.repository.query.NamedQuery    : Did not find named query Order.findAllProcessingForCustomer.count
2023-11-15T17:20:10.498+05:30 DEBUG 7395 --- [           main] tor$SharedEntityManagerInvocationHandler : Creating new EntityManager for shared EntityManager invocation
2023-11-15T17:20:10.500+05:30 DEBUG 7395 --- [           main] o.s.d.jpa.repository.query.NamedQuery    : Did not find named query Order.acceptOrder.count
2023-11-15T17:20:10.500+05:30 DEBUG 7395 --- [           main] tor$SharedEntityManagerInvocationHandler : Creating new EntityManager for shared EntityManager invocation
2023-11-15T17:20:10.513+05:30 DEBUG 7395 --- [           main] o.s.d.jpa.repository.query.NamedQuery    : Did not find named query Order.findByIdAndEmail.count
2023-11-15T17:20:10.513+05:30 DEBUG 7395 --- [           main] tor$SharedEntityManagerInvocationHandler : Creating new EntityManager for shared EntityManager invocation
2023-11-15T17:20:10.514+05:30 DEBUG 7395 --- [           main] o.s.d.jpa.repository.query.NamedQuery    : Did not find named query Order.getOrderStatus.count
2023-11-15T17:20:10.514+05:30 DEBUG 7395 --- [           main] tor$SharedEntityManagerInvocationHandler : Creating new EntityManager for shared EntityManager invocation
2023-11-15T17:20:10.517+05:30 DEBUG 7395 --- [           main] o.s.d.jpa.repository.query.NamedQuery    : Did not find named query Order.filterOrdersAsc.count
2023-11-15T17:20:10.517+05:30 DEBUG 7395 --- [           main] tor$SharedEntityManagerInvocationHandler : Creating new EntityManager for shared EntityManager invocation
2023-11-15T17:20:10.522+05:30 DEBUG 7395 --- [           main] o.s.d.jpa.repository.query.NamedQuery    : Did not find named query Order.setOrderStatus.count
2023-11-15T17:20:10.522+05:30 DEBUG 7395 --- [           main] tor$SharedEntityManagerInvocationHandler : Creating new EntityManager for shared EntityManager invocation
2023-11-15T17:20:10.524+05:30 DEBUG 7395 --- [           main] o.s.d.jpa.repository.query.NamedQuery    : Did not find named query Order.findAmountFromDeliveredOrdersPastReturn.count
2023-11-15T17:20:10.524+05:30 DEBUG 7395 --- [           main] tor$SharedEntityManagerInvocationHandler : Creating new EntityManager for shared EntityManager invocation
2023-11-15T17:20:10.530+05:30 DEBUG 7395 --- [           main] o.s.d.jpa.repository.query.NamedQuery    : Did not find named query Order.setDeliveryDateAsToday.count
2023-11-15T17:20:10.531+05:30 DEBUG 7395 --- [           main] tor$SharedEntityManagerInvocationHandler : Creating new EntityManager for shared EntityManager invocation
2023-11-15T17:20:10.532+05:30 DEBUG 7395 --- [           main] o.s.d.jpa.repository.query.NamedQuery    : Did not find named query Order.totalOrderForStatus.count
2023-11-15T17:20:10.532+05:30 DEBUG 7395 --- [           main] tor$SharedEntityManagerInvocationHandler : Creating new EntityManager for shared EntityManager invocation
2023-11-15T17:20:10.534+05:30 DEBUG 7395 --- [           main] o.s.d.jpa.repository.query.NamedQuery    : Did not find named query Order.getFirstOrderYear.count
2023-11-15T17:20:10.534+05:30 DEBUG 7395 --- [           main] tor$SharedEntityManagerInvocationHandler : Creating new EntityManager for shared EntityManager invocation
2023-11-15T17:20:10.539+05:30 DEBUG 7395 --- [           main] o.s.d.jpa.repository.query.NamedQuery    : Looking up named query Order.findByCustomer
2023-11-15T17:20:10.539+05:30 DEBUG 7395 --- [           main] o.s.d.jpa.repository.query.NamedQuery    : Did not find named query Order.findByCustomer
2023-11-15T17:20:10.539+05:30 DEBUG 7395 --- [           main] tor$SharedEntityManagerInvocationHandler : Creating new EntityManager for shared EntityManager invocation
2023-11-15T17:20:10.540+05:30 DEBUG 7395 --- [           main] o.s.d.jpa.repository.query.NamedQuery    : Did not find named query Order.cancelOrder.count
2023-11-15T17:20:10.541+05:30 DEBUG 7395 --- [           main] tor$SharedEntityManagerInvocationHandler : Creating new EntityManager for shared EntityManager invocation
2023-11-15T17:20:10.542+05:30 DEBUG 7395 --- [           main] o.s.d.jpa.repository.query.NamedQuery    : Did not find named query Order.getPaymentMethodById.count
2023-11-15T17:20:10.542+05:30 DEBUG 7395 --- [           main] tor$SharedEntityManagerInvocationHandler : Creating new EntityManager for shared EntityManager invocation
2023-11-15T17:20:10.543+05:30 DEBUG 7395 --- [           main] o.s.d.jpa.repository.query.NamedQuery    : Did not find named query Order.getSales.count
2023-11-15T17:20:10.543+05:30 DEBUG 7395 --- [           main] tor$SharedEntityManagerInvocationHandler : Creating new EntityManager for shared EntityManager invocation
2023-11-15T17:20:10.544+05:30 DEBUG 7395 --- [           main] o.s.d.jpa.repository.query.NamedQuery    : Did not find named query Order.filterOrdersDesc.count
2023-11-15T17:20:10.544+05:30 DEBUG 7395 --- [           main] tor$SharedEntityManagerInvocationHandler : Creating new EntityManager for shared EntityManager invocation
2023-11-15T17:20:10.547+05:30 DEBUG 7395 --- [           main] o.s.d.jpa.repository.query.NamedQuery    : Did not find named query Order.getOrdersExcludingTransit.count
2023-11-15T17:20:10.547+05:30 DEBUG 7395 --- [           main] tor$SharedEntityManagerInvocationHandler : Creating new EntityManager for shared EntityManager invocation
2023-11-15T17:20:10.552+05:30 DEBUG 7395 --- [           main] o.s.d.jpa.repository.query.NamedQuery    : Did not find named query Order.getTotalDeliveredOrders.count
2023-11-15T17:20:10.552+05:30 DEBUG 7395 --- [           main] tor$SharedEntityManagerInvocationHandler : Creating new EntityManager for shared EntityManager invocation
2023-11-15T17:20:10.554+05:30 DEBUG 7395 --- [           main] o.s.d.r.c.s.RepositoryFactorySupport     : Finished creation of repository instance for com.ecommerce.library.Repository.UserRepos.OrderRepo.
2023-11-15T17:20:10.555+05:30 DEBUG 7395 --- [           main] o.s.b.f.s.DefaultListableBeanFactory     : Creating shared instance of singleton bean 'orderItemRepo'
2023-11-15T17:20:10.556+05:30 DEBUG 7395 --- [           main] o.s.b.f.s.DefaultListableBeanFactory     : Creating shared instance of singleton bean 'jpa.named-queries#7'
2023-11-15T17:20:10.556+05:30 DEBUG 7395 --- [           main] o.s.b.f.s.DefaultListableBeanFactory     : Creating shared instance of singleton bean 'jpa.OrderItemRepo.fragments#0'
2023-11-15T17:20:10.557+05:30 DEBUG 7395 --- [           main] tor$SharedEntityManagerInvocationHandler : Creating new EntityManager for shared EntityManager invocation
2023-11-15T17:20:10.557+05:30 DEBUG 7395 --- [           main] o.s.d.r.c.s.RepositoryFactorySupport     : Initializing repository instance for com.ecommerce.library.Repository.UserRepos.OrderItemRepo?
2023-11-15T17:20:10.557+05:30 DEBUG 7395 --- [           main] tor$SharedEntityManagerInvocationHandler : Creating new EntityManager for shared EntityManager invocation
2023-11-15T17:20:10.588+05:30 DEBUG 7395 --- [           main] o.s.d.jpa.repository.query.NamedQuery    : Did not find named query OrderItem.mostSoldProducts.count
2023-11-15T17:20:10.588+05:30 DEBUG 7395 --- [           main] tor$SharedEntityManagerInvocationHandler : Creating new EntityManager for shared EntityManager invocation
2023-11-15T17:20:10.640+05:30 DEBUG 7395 --- [           main] o.s.d.jpa.repository.query.NamedQuery    : Did not find named query OrderItem.getSalesPerCategory.count
2023-11-15T17:20:10.640+05:30 DEBUG 7395 --- [           main] tor$SharedEntityManagerInvocationHandler : Creating new EntityManager for shared EntityManager invocation
2023-11-15T17:20:10.655+05:30 DEBUG 7395 --- [           main] o.s.d.r.c.s.RepositoryFactorySupport     : Finished creation of repository instance for com.ecommerce.library.Repository.UserRepos.OrderItemRepo.
2023-11-15T17:20:10.656+05:30 DEBUG 7395 --- [           main] o.s.b.f.s.DefaultListableBeanFactory     : Creating shared instance of singleton bean 'orderAddressRepo'
2023-11-15T17:20:10.657+05:30 DEBUG 7395 --- [           main] o.s.b.f.s.DefaultListableBeanFactory     : Creating shared instance of singleton bean 'jpa.named-queries#16'
2023-11-15T17:20:10.657+05:30 DEBUG 7395 --- [           main] o.s.b.f.s.DefaultListableBeanFactory     : Creating shared instance of singleton bean 'jpa.OrderAddressRepo.fragments#0'
2023-11-15T17:20:10.658+05:30 DEBUG 7395 --- [           main] tor$SharedEntityManagerInvocationHandler : Creating new EntityManager for shared EntityManager invocation
2023-11-15T17:20:10.658+05:30 DEBUG 7395 --- [           main] o.s.d.r.c.s.RepositoryFactorySupport     : Initializing repository instance for com.ecommerce.library.Repository.UserRepos.OrderAddressRepo?
2023-11-15T17:20:10.658+05:30 DEBUG 7395 --- [           main] tor$SharedEntityManagerInvocationHandler : Creating new EntityManager for shared EntityManager invocation
2023-11-15T17:20:10.669+05:30 DEBUG 7395 --- [           main] o.s.d.r.c.s.RepositoryFactorySupport     : Finished creation of repository instance for com.ecommerce.library.Repository.UserRepos.OrderAddressRepo.
2023-11-15T17:20:10.670+05:30 DEBUG 7395 --- [           main] o.s.b.f.s.DefaultListableBeanFactory     : Creating shared instance of singleton bean 'returnRequestRepo'
2023-11-15T17:20:10.670+05:30 DEBUG 7395 --- [           main] o.s.b.f.s.DefaultListableBeanFactory     : Creating shared instance of singleton bean 'jpa.named-queries#2'
2023-11-15T17:20:10.671+05:30 DEBUG 7395 --- [           main] o.s.b.f.s.DefaultListableBeanFactory     : Creating shared instance of singleton bean 'jpa.ReturnRequestRepo.fragments#0'
2023-11-15T17:20:10.672+05:30 DEBUG 7395 --- [           main] tor$SharedEntityManagerInvocationHandler : Creating new EntityManager for shared EntityManager invocation
2023-11-15T17:20:10.673+05:30 DEBUG 7395 --- [           main] o.s.d.r.c.s.RepositoryFactorySupport     : Initializing repository instance for com.ecommerce.library.Repository.UserRepos.ReturnRequestRepo?
2023-11-15T17:20:10.673+05:30 DEBUG 7395 --- [           main] tor$SharedEntityManagerInvocationHandler : Creating new EntityManager for shared EntityManager invocation
2023-11-15T17:20:10.684+05:30 DEBUG 7395 --- [           main] o.s.d.jpa.repository.query.NamedQuery    : Looking up named query ReturnRequest.findByOrderId
2023-11-15T17:20:10.685+05:30 DEBUG 7395 --- [           main] o.s.d.jpa.repository.query.NamedQuery    : Did not find named query ReturnRequest.findByOrderId
2023-11-15T17:20:10.685+05:30 DEBUG 7395 --- [           main] tor$SharedEntityManagerInvocationHandler : Creating new EntityManager for shared EntityManager invocation
2023-11-15T17:20:10.689+05:30 DEBUG 7395 --- [           main] o.s.d.r.c.s.RepositoryFactorySupport     : Finished creation of repository instance for com.ecommerce.library.Repository.UserRepos.ReturnRequestRepo.
2023-11-15T17:20:10.690+05:30 DEBUG 7395 --- [           main] o.s.b.f.s.DefaultListableBeanFactory     : Creating shared instance of singleton bean 'paymentRepo'
2023-11-15T17:20:10.690+05:30 DEBUG 7395 --- [           main] o.s.b.f.s.DefaultListableBeanFactory     : Creating shared instance of singleton bean 'jpa.named-queries#15'
2023-11-15T17:20:10.691+05:30 DEBUG 7395 --- [           main] o.s.b.f.s.DefaultListableBeanFactory     : Creating shared instance of singleton bean 'jpa.PaymentRepo.fragments#0'
2023-11-15T17:20:10.691+05:30 DEBUG 7395 --- [           main] tor$SharedEntityManagerInvocationHandler : Creating new EntityManager for shared EntityManager invocation
2023-11-15T17:20:10.691+05:30 DEBUG 7395 --- [           main] o.s.d.r.c.s.RepositoryFactorySupport     : Initializing repository instance for com.ecommerce.library.Repository.UserRepos.PaymentRepo?
2023-11-15T17:20:10.692+05:30 DEBUG 7395 --- [           main] tor$SharedEntityManagerInvocationHandler : Creating new EntityManager for shared EntityManager invocation
2023-11-15T17:20:10.704+05:30 DEBUG 7395 --- [           main] o.s.d.jpa.repository.query.NamedQuery    : Did not find named query Payment.setPaymentStatus.count
2023-11-15T17:20:10.704+05:30 DEBUG 7395 --- [           main] tor$SharedEntityManagerInvocationHandler : Creating new EntityManager for shared EntityManager invocation
2023-11-15T17:20:10.705+05:30 DEBUG 7395 --- [           main] o.s.d.jpa.repository.query.NamedQuery    : Looking up named query Payment.findPaymentByRazorpayOrderId
2023-11-15T17:20:10.705+05:30 DEBUG 7395 --- [           main] o.s.d.jpa.repository.query.NamedQuery    : Did not find named query Payment.findPaymentByRazorpayOrderId
2023-11-15T17:20:10.705+05:30 DEBUG 7395 --- [           main] tor$SharedEntityManagerInvocationHandler : Creating new EntityManager for shared EntityManager invocation
2023-11-15T17:20:10.707+05:30 DEBUG 7395 --- [           main] o.s.d.r.c.s.RepositoryFactorySupport     : Finished creation of repository instance for com.ecommerce.library.Repository.UserRepos.PaymentRepo.
2023-11-15T17:20:10.708+05:30 DEBUG 7395 --- [           main] o.s.b.f.s.DefaultListableBeanFactory     : Creating shared instance of singleton bean 'walletServiceImpl'
2023-11-15T17:20:10.708+05:30 DEBUG 7395 --- [           main] o.s.b.f.s.DefaultListableBeanFactory     : Autowiring by type from bean name 'walletServiceImpl' via constructor to bean named 'walletRepo'
2023-11-15T17:20:10.708+05:30 DEBUG 7395 --- [           main] o.s.b.f.s.DefaultListableBeanFactory     : Autowiring by type from bean name 'walletServiceImpl' via constructor to bean named 'customerServiceImpl'
2023-11-15T17:20:10.708+05:30 DEBUG 7395 --- [           main] o.s.b.f.s.DefaultListableBeanFactory     : Autowiring by type from bean name 'walletServiceImpl' via constructor to bean named 'customerRepository'
2023-11-15T17:20:10.708+05:30 DEBUG 7395 --- [           main] o.s.b.f.s.DefaultListableBeanFactory     : Autowiring by type from bean name 'walletServiceImpl' via constructor to bean named 'cartRepo'
2023-11-15T17:20:10.712+05:30 DEBUG 7395 --- [           main] o.s.b.f.s.DefaultListableBeanFactory     : Autowiring by type from bean name 'orderServiceImpl' via constructor to bean named 'cartServiceImpl'
2023-11-15T17:20:10.712+05:30 DEBUG 7395 --- [           main] o.s.b.f.s.DefaultListableBeanFactory     : Autowiring by type from bean name 'orderServiceImpl' via constructor to bean named 'addressServiceImpl'
2023-11-15T17:20:10.712+05:30 DEBUG 7395 --- [           main] o.s.b.f.s.DefaultListableBeanFactory     : Autowiring by type from bean name 'orderServiceImpl' via constructor to bean named 'orderRepo'
2023-11-15T17:20:10.712+05:30 DEBUG 7395 --- [           main] o.s.b.f.s.DefaultListableBeanFactory     : Autowiring by type from bean name 'orderServiceImpl' via constructor to bean named 'orderItemRepo'
2023-11-15T17:20:10.712+05:30 DEBUG 7395 --- [           main] o.s.b.f.s.DefaultListableBeanFactory     : Autowiring by type from bean name 'orderServiceImpl' via constructor to bean named 'orderAddressRepo'
2023-11-15T17:20:10.712+05:30 DEBUG 7395 --- [           main] o.s.b.f.s.DefaultListableBeanFactory     : Autowiring by type from bean name 'orderServiceImpl' via constructor to bean named 'productServiceImpl'
2023-11-15T17:20:10.712+05:30 DEBUG 7395 --- [           main] o.s.b.f.s.DefaultListableBeanFactory     : Autowiring by type from bean name 'orderServiceImpl' via constructor to bean named 'mailServiceImpl'
2023-11-15T17:20:10.712+05:30 DEBUG 7395 --- [           main] o.s.b.f.s.DefaultListableBeanFactory     : Autowiring by type from bean name 'orderServiceImpl' via constructor to bean named 'cartRepo'
2023-11-15T17:20:10.712+05:30 DEBUG 7395 --- [           main] o.s.b.f.s.DefaultListableBeanFactory     : Autowiring by type from bean name 'orderServiceImpl' via constructor to bean named 'cartItemRepo'
2023-11-15T17:20:10.712+05:30 DEBUG 7395 --- [           main] o.s.b.f.s.DefaultListableBeanFactory     : Autowiring by type from bean name 'orderServiceImpl' via constructor to bean named 'returnRequestRepo'
2023-11-15T17:20:10.712+05:30 DEBUG 7395 --- [           main] o.s.b.f.s.DefaultListableBeanFactory     : Autowiring by type from bean name 'orderServiceImpl' via constructor to bean named 'paymentRepo'
2023-11-15T17:20:10.712+05:30 DEBUG 7395 --- [           main] o.s.b.f.s.DefaultListableBeanFactory     : Autowiring by type from bean name 'orderServiceImpl' via constructor to bean named 'walletServiceImpl'
2023-11-15T17:20:10.712+05:30 DEBUG 7395 --- [           main] o.s.b.f.s.DefaultListableBeanFactory     : Autowiring by type from bean name 'orderServiceImpl' via constructor to bean named 'walletRepo'
2023-11-15T17:20:10.717+05:30 DEBUG 7395 --- [           main] o.s.b.f.s.DefaultListableBeanFactory     : Creating shared instance of singleton bean 'statisticsServiceImpl'
2023-11-15T17:20:10.718+05:30 DEBUG 7395 --- [           main] o.s.b.f.s.DefaultListableBeanFactory     : Autowiring by type from bean name 'statisticsServiceImpl' via constructor to bean named 'orderRepo'
2023-11-15T17:20:10.718+05:30 DEBUG 7395 --- [           main] o.s.b.f.s.DefaultListableBeanFactory     : Autowiring by type from bean name 'statisticsServiceImpl' via constructor to bean named 'paymentRepo'
2023-11-15T17:20:10.718+05:30 DEBUG 7395 --- [           main] o.s.b.f.s.DefaultListableBeanFactory     : Autowiring by type from bean name 'statisticsServiceImpl' via constructor to bean named 'productRepo'
2023-11-15T17:20:10.718+05:30 DEBUG 7395 --- [           main] o.s.b.f.s.DefaultListableBeanFactory     : Autowiring by type from bean name 'statisticsServiceImpl' via constructor to bean named 'categoryRepo'
2023-11-15T17:20:10.718+05:30 DEBUG 7395 --- [           main] o.s.b.f.s.DefaultListableBeanFactory     : Autowiring by type from bean name 'statisticsServiceImpl' via constructor to bean named 'orderItemRepo'
2023-11-15T17:20:10.719+05:30 DEBUG 7395 --- [           main] o.s.b.f.s.DefaultListableBeanFactory     : Creating shared instance of singleton bean 'wishlistServiceImpl'
2023-11-15T17:20:10.719+05:30 DEBUG 7395 --- [           main] o.s.b.f.s.DefaultListableBeanFactory     : Creating shared instance of singleton bean 'wishlistRepo'
2023-11-15T17:20:10.720+05:30 DEBUG 7395 --- [           main] o.s.b.f.s.DefaultListableBeanFactory     : Creating shared instance of singleton bean 'jpa.named-queries#9'
2023-11-15T17:20:10.720+05:30 DEBUG 7395 --- [           main] o.s.b.f.s.DefaultListableBeanFactory     : Creating shared instance of singleton bean 'jpa.WishlistRepo.fragments#0'
2023-11-15T17:20:10.720+05:30 DEBUG 7395 --- [           main] tor$SharedEntityManagerInvocationHandler : Creating new EntityManager for shared EntityManager invocation
2023-11-15T17:20:10.721+05:30 DEBUG 7395 --- [           main] o.s.d.r.c.s.RepositoryFactorySupport     : Initializing repository instance for com.ecommerce.library.Repository.UserRepos.WishlistRepo?
2023-11-15T17:20:10.721+05:30 DEBUG 7395 --- [           main] tor$SharedEntityManagerInvocationHandler : Creating new EntityManager for shared EntityManager invocation
2023-11-15T17:20:10.733+05:30 DEBUG 7395 --- [           main] o.s.d.jpa.repository.query.NamedQuery    : Did not find named query Wishlist.removeProductByProductId.count
2023-11-15T17:20:10.733+05:30 DEBUG 7395 --- [           main] tor$SharedEntityManagerInvocationHandler : Creating new EntityManager for shared EntityManager invocation
2023-11-15T17:20:10.733+05:30 DEBUG 7395 --- [           main] o.s.d.jpa.repository.query.NamedQuery    : Looking up named query Wishlist.findByCustomerEmail
2023-11-15T17:20:10.733+05:30 DEBUG 7395 --- [           main] o.s.d.jpa.repository.query.NamedQuery    : Did not find named query Wishlist.findByCustomerEmail
2023-11-15T17:20:10.733+05:30 DEBUG 7395 --- [           main] tor$SharedEntityManagerInvocationHandler : Creating new EntityManager for shared EntityManager invocation
2023-11-15T17:20:10.736+05:30 DEBUG 7395 --- [           main] o.s.d.r.c.s.RepositoryFactorySupport     : Finished creation of repository instance for com.ecommerce.library.Repository.UserRepos.WishlistRepo.
2023-11-15T17:20:10.736+05:30 DEBUG 7395 --- [           main] o.s.b.f.s.DefaultListableBeanFactory     : Autowiring by type from bean name 'wishlistServiceImpl' via constructor to bean named 'customerServiceImpl'
2023-11-15T17:20:10.736+05:30 DEBUG 7395 --- [           main] o.s.b.f.s.DefaultListableBeanFactory     : Autowiring by type from bean name 'wishlistServiceImpl' via constructor to bean named 'wishlistRepo'
2023-11-15T17:20:10.736+05:30 DEBUG 7395 --- [           main] o.s.b.f.s.DefaultListableBeanFactory     : Autowiring by type from bean name 'wishlistServiceImpl' via constructor to bean named 'productServiceImpl'
2023-11-15T17:20:10.739+05:30 DEBUG 7395 --- [           main] o.s.b.f.s.DefaultListableBeanFactory     : Creating shared instance of singleton bean 'categoryServiceImpl'
2023-11-15T17:20:10.740+05:30 DEBUG 7395 --- [           main] o.s.b.f.s.DefaultListableBeanFactory     : Autowiring by type from bean name 'categoryServiceImpl' via constructor to bean named 'categoryRepo'
2023-11-15T17:20:10.740+05:30 DEBUG 7395 --- [           main] o.s.b.f.s.DefaultListableBeanFactory     : Autowiring by type from bean name 'categoryServiceImpl' via constructor to bean named 'productRepo'
2023-11-15T17:20:10.743+05:30 DEBUG 7395 --- [           main] o.s.b.f.s.DefaultListableBeanFactory     : Creating shared instance of singleton bean 'razorpayOrderServiceImpl'
2023-11-15T17:20:10.744+05:30 DEBUG 7395 --- [           main] o.s.b.f.s.DefaultListableBeanFactory     : Autowiring by type from bean name 'razorpayOrderServiceImpl' via constructor to bean named 'cartServiceImpl'
2023-11-15T17:20:10.744+05:30 DEBUG 7395 --- [           main] o.s.b.f.s.DefaultListableBeanFactory     : Autowiring by type from bean name 'razorpayOrderServiceImpl' via constructor to bean named 'paymentRepo'
2023-11-15T17:20:10.744+05:30 DEBUG 7395 --- [           main] o.s.b.f.s.DefaultListableBeanFactory     : Autowiring by type from bean name 'razorpayOrderServiceImpl' via constructor to bean named 'addressServiceImpl'
2023-11-15T17:20:10.744+05:30 DEBUG 7395 --- [           main] o.s.b.f.s.DefaultListableBeanFactory     : Autowiring by type from bean name 'razorpayOrderServiceImpl' via constructor to bean named 'orderServiceImpl'
2023-11-15T17:20:10.744+05:30 DEBUG 7395 --- [           main] o.s.b.f.s.DefaultListableBeanFactory     : Autowiring by type from bean name 'razorpayOrderServiceImpl' via constructor to bean named 'orderAddressRepo'
2023-11-15T17:20:10.744+05:30 DEBUG 7395 --- [           main] o.s.b.f.s.DefaultListableBeanFactory     : Autowiring by type from bean name 'razorpayOrderServiceImpl' via constructor to bean named 'orderRepo'
2023-11-15T17:20:10.744+05:30 DEBUG 7395 --- [           main] o.s.b.f.s.DefaultListableBeanFactory     : Autowiring by type from bean name 'razorpayOrderServiceImpl' via constructor to bean named 'mailServiceImpl'
2023-11-15T17:20:10.744+05:30 DEBUG 7395 --- [           main] o.s.b.f.s.DefaultListableBeanFactory     : Autowiring by type from bean name 'razorpayOrderServiceImpl' via constructor to bean named 'cartRepo'
2023-11-15T17:20:10.744+05:30 DEBUG 7395 --- [           main] o.s.b.f.s.DefaultListableBeanFactory     : Autowiring by type from bean name 'razorpayOrderServiceImpl' via constructor to bean named 'cartItemRepo'
2023-11-15T17:20:10.744+05:30 DEBUG 7395 --- [           main] o.s.b.f.s.DefaultListableBeanFactory     : Autowiring by type from bean name 'razorpayOrderServiceImpl' via constructor to bean named 'returnRequestRepo'
2023-11-15T17:20:10.744+05:30 DEBUG 7395 --- [           main] o.s.b.f.s.DefaultListableBeanFactory     : Autowiring by type from bean name 'razorpayOrderServiceImpl' via constructor to bean named 'walletServiceImpl'
2023-11-15T17:20:10.744+05:30 DEBUG 7395 --- [           main] o.s.b.f.s.DefaultListableBeanFactory     : Autowiring by type from bean name 'razorpayOrderServiceImpl' via constructor to bean named 'walletRepo'
2023-11-15T17:20:10.747+05:30 DEBUG 7395 --- [           main] o.s.b.f.s.DefaultListableBeanFactory     : Creating shared instance of singleton bean 'taskOfferServiceImpl'
2023-11-15T17:20:10.747+05:30 DEBUG 7395 --- [           main] o.s.b.f.s.DefaultListableBeanFactory     : Autowiring by type from bean name 'taskOfferServiceImpl' via constructor to bean named 'taskOffersRepo'
2023-11-15T17:20:10.748+05:30 DEBUG 7395 --- [           main] o.s.b.f.s.DefaultListableBeanFactory     : Creating shared instance of singleton bean 'couponServiceImpl'
2023-11-15T17:20:10.748+05:30 DEBUG 7395 --- [           main] o.s.b.f.s.DefaultListableBeanFactory     : Creating shared instance of singleton bean 'couponRepo'
2023-11-15T17:20:10.749+05:30 DEBUG 7395 --- [           main] o.s.b.f.s.DefaultListableBeanFactory     : Creating shared instance of singleton bean 'jpa.named-queries#0'
2023-11-15T17:20:10.750+05:30 DEBUG 7395 --- [           main] o.s.b.f.s.DefaultListableBeanFactory     : Creating shared instance of singleton bean 'jpa.CouponRepo.fragments#0'
2023-11-15T17:20:10.750+05:30 DEBUG 7395 --- [           main] tor$SharedEntityManagerInvocationHandler : Creating new EntityManager for shared EntityManager invocation
2023-11-15T17:20:10.750+05:30 DEBUG 7395 --- [           main] o.s.d.r.c.s.RepositoryFactorySupport     : Initializing repository instance for com.ecommerce.library.Repository.UserRepos.CouponRepo?
2023-11-15T17:20:10.750+05:30 DEBUG 7395 --- [           main] tor$SharedEntityManagerInvocationHandler : Creating new EntityManager for shared EntityManager invocation
2023-11-15T17:20:10.766+05:30 DEBUG 7395 --- [           main] o.s.d.jpa.repository.query.NamedQuery    : Did not find named query Coupon.findAvailableCouponsForCustomer.count
2023-11-15T17:20:10.766+05:30 DEBUG 7395 --- [           main] tor$SharedEntityManagerInvocationHandler : Creating new EntityManager for shared EntityManager invocation
2023-11-15T17:20:10.766+05:30 DEBUG 7395 --- [           main] o.s.d.jpa.repository.query.NamedQuery    : Looking up named query Coupon.existsByCoupon
2023-11-15T17:20:10.766+05:30 DEBUG 7395 --- [           main] o.s.d.jpa.repository.query.NamedQuery    : Did not find named query Coupon.existsByCoupon
2023-11-15T17:20:10.766+05:30 DEBUG 7395 --- [           main] tor$SharedEntityManagerInvocationHandler : Creating new EntityManager for shared EntityManager invocation
2023-11-15T17:20:10.767+05:30 DEBUG 7395 --- [           main] o.s.d.jpa.repository.query.NamedQuery    : Looking up named query Coupon.findCouponByCoupon
2023-11-15T17:20:10.767+05:30 DEBUG 7395 --- [           main] o.s.d.jpa.repository.query.NamedQuery    : Did not find named query Coupon.findCouponByCoupon
2023-11-15T17:20:10.767+05:30 DEBUG 7395 --- [           main] tor$SharedEntityManagerInvocationHandler : Creating new EntityManager for shared EntityManager invocation
2023-11-15T17:20:10.769+05:30 DEBUG 7395 --- [           main] o.s.d.r.c.s.RepositoryFactorySupport     : Finished creation of repository instance for com.ecommerce.library.Repository.UserRepos.CouponRepo.
2023-11-15T17:20:10.769+05:30 DEBUG 7395 --- [           main] o.s.b.f.s.DefaultListableBeanFactory     : Autowiring by type from bean name 'couponServiceImpl' via constructor to bean named 'couponRepo'
2023-11-15T17:20:10.769+05:30 DEBUG 7395 --- [           main] o.s.b.f.s.DefaultListableBeanFactory     : Autowiring by type from bean name 'couponServiceImpl' via constructor to bean named 'customerServiceImpl'
2023-11-15T17:20:10.770+05:30 DEBUG 7395 --- [           main] o.s.b.f.s.DefaultListableBeanFactory     : Autowiring by type from bean name 'couponServiceImpl' via constructor to bean named 'cartRepo'
2023-11-15T17:20:10.770+05:30 DEBUG 7395 --- [           main] o.s.b.f.s.DefaultListableBeanFactory     : Autowiring by type from bean name 'couponServiceImpl' via constructor to bean named 'cartServiceImpl'
2023-11-15T17:20:10.770+05:30 DEBUG 7395 --- [           main] o.s.b.f.s.DefaultListableBeanFactory     : Autowiring by type from bean name 'couponServiceImpl' via constructor to bean named 'cartItemRepo'
2023-11-15T17:20:10.773+05:30 DEBUG 7395 --- [           main] o.s.b.f.s.DefaultListableBeanFactory     : Creating shared instance of singleton bean 'excelServiceImpl'
2023-11-15T17:20:10.774+05:30 DEBUG 7395 --- [           main] o.s.b.f.s.DefaultListableBeanFactory     : Creating shared instance of singleton bean 'pdfServiceImpl'
2023-11-15T17:20:10.774+05:30 DEBUG 7395 --- [           main] o.s.b.f.s.DefaultListableBeanFactory     : Creating shared instance of singleton bean 'cartExceptionHandler'
2023-11-15T17:20:10.775+05:30 DEBUG 7395 --- [           main] o.s.b.f.s.DefaultListableBeanFactory     : Creating shared instance of singleton bean 'productExceptionHandler'
2023-11-15T17:20:10.776+05:30 DEBUG 7395 --- [           main] o.s.b.f.s.DefaultListableBeanFactory     : Creating shared instance of singleton bean 'utilExceptionHandler'
2023-11-15T17:20:10.776+05:30 DEBUG 7395 --- [           main] o.s.b.f.s.DefaultListableBeanFactory     : Creating shared instance of singleton bean 'orderExceptionHandler'
2023-11-15T17:20:10.777+05:30 DEBUG 7395 --- [           main] o.s.b.f.s.DefaultListableBeanFactory     : Creating shared instance of singleton bean 'authExceptionHandler'
2023-11-15T17:20:10.778+05:30 DEBUG 7395 --- [           main] o.s.b.f.s.DefaultListableBeanFactory     : Creating shared instance of singleton bean 'customAuthenticationDetailsSource'
2023-11-15T17:20:10.778+05:30 DEBUG 7395 --- [           main] o.s.b.f.s.DefaultListableBeanFactory     : Creating shared instance of singleton bean 'customAuthenticationProvider'
2023-11-15T17:20:10.780+05:30 DEBUG 7395 --- [           main] o.s.b.f.s.DefaultListableBeanFactory     : Creating shared instance of singleton bean 'adminDetailsService'
2023-11-15T17:20:10.780+05:30 DEBUG 7395 --- [           main] o.s.b.f.s.DefaultListableBeanFactory     : Autowiring by type from bean name 'adminDetailsService' via constructor to bean named 'adminRepository'
2023-11-15T17:20:10.780+05:30 DEBUG 7395 --- [           main] o.s.b.f.s.DefaultListableBeanFactory     : Autowiring by type from bean name 'customAuthenticationProvider' via constructor to bean named 'bCryptPasswordEncoder'
2023-11-15T17:20:10.780+05:30 DEBUG 7395 --- [           main] o.s.b.f.s.DefaultListableBeanFactory     : Autowiring by type from bean name 'customAuthenticationProvider' via constructor to bean named 'adminRepository'
2023-11-15T17:20:10.780+05:30 DEBUG 7395 --- [           main] o.s.b.f.s.DefaultListableBeanFactory     : Autowiring by type from bean name 'customAuthenticationProvider' via constructor to bean named 'adminDetailsService'
2023-11-15T17:20:10.780+05:30 DEBUG 7395 --- [           main] o.s.b.f.s.DefaultListableBeanFactory     : Autowiring by type from bean name 'customAuthenticationProvider' via constructor to bean named 'otpServiceImpl'
2023-11-15T17:20:10.783+05:30 DEBUG 7395 --- [           main] o.s.b.f.s.DefaultListableBeanFactory     : Creating shared instance of singleton bean 'adminSecurityConfiguration'
2023-11-15T17:20:10.784+05:30 DEBUG 7395 --- [           main] o.s.b.f.s.DefaultListableBeanFactory     : Creating shared instance of singleton bean 'customSuccessHandler'
2023-11-15T17:20:10.784+05:30 DEBUG 7395 --- [           main] o.s.b.f.s.DefaultListableBeanFactory     : Autowiring by type from bean name 'customSuccessHandler' via constructor to bean named 'otpServiceImpl'
2023-11-15T17:20:10.784+05:30 DEBUG 7395 --- [           main] o.s.b.f.s.DefaultListableBeanFactory     : Autowiring by type from bean name 'adminSecurityConfiguration' via constructor to bean named 'customSuccessHandler'
2023-11-15T17:20:10.784+05:30 DEBUG 7395 --- [           main] o.s.b.f.s.DefaultListableBeanFactory     : Autowiring by type from bean name 'adminSecurityConfiguration' via constructor to bean named 'customAuthenticationDetailsSource'
2023-11-15T17:20:10.785+05:30 DEBUG 7395 --- [           main] o.s.b.f.s.DefaultListableBeanFactory     : Creating shared instance of singleton bean 'mvcConfig'
2023-11-15T17:20:10.785+05:30 DEBUG 7395 --- [           main] o.s.b.f.s.DefaultListableBeanFactory     : Creating shared instance of singleton bean 'thymeleafConfig'
2023-11-15T17:20:10.785+05:30 DEBUG 7395 --- [           main] o.s.b.f.s.DefaultListableBeanFactory     : Creating shared instance of singleton bean 'categoriesController'
2023-11-15T17:20:10.789+05:30 DEBUG 7395 --- [           main] o.s.b.f.s.DefaultListableBeanFactory     : Autowiring by type from bean name 'categoriesController' via constructor to bean named 'categoryServiceImpl'
2023-11-15T17:20:10.789+05:30 DEBUG 7395 --- [           main] o.s.b.f.s.DefaultListableBeanFactory     : Creating shared instance of singleton bean 'couponController'
2023-11-15T17:20:10.790+05:30 DEBUG 7395 --- [           main] o.s.b.f.s.DefaultListableBeanFactory     : Autowiring by type from bean name 'couponController' via constructor to bean named 'couponServiceImpl'
2023-11-15T17:20:10.790+05:30 DEBUG 7395 --- [           main] o.s.b.f.s.DefaultListableBeanFactory     : Creating shared instance of singleton bean 'createAdminController'
2023-11-15T17:20:10.790+05:30 DEBUG 7395 --- [           main] o.s.b.f.s.DefaultListableBeanFactory     : Autowiring by type from bean name 'createAdminController' via constructor to bean named 'adminServiceImpl'
2023-11-15T17:20:10.790+05:30 DEBUG 7395 --- [           main] o.s.b.f.s.DefaultListableBeanFactory     : Autowiring by type from bean name 'createAdminController' via constructor to bean named 'bCryptPasswordEncoder'
2023-11-15T17:20:10.790+05:30 DEBUG 7395 --- [           main] o.s.b.f.s.DefaultListableBeanFactory     : Autowiring by type from bean name 'createAdminController' via constructor to bean named 'customerServiceImpl'
2023-11-15T17:20:10.790+05:30 DEBUG 7395 --- [           main] o.s.b.f.s.DefaultListableBeanFactory     : Creating shared instance of singleton bean 'customerController'
2023-11-15T17:20:10.791+05:30 DEBUG 7395 --- [           main] o.s.b.f.s.DefaultListableBeanFactory     : Autowiring by type from bean name 'customerController' via constructor to bean named 'customerRepository'
2023-11-15T17:20:10.791+05:30 DEBUG 7395 --- [           main] o.s.b.f.s.DefaultListableBeanFactory     : Autowiring by type from bean name 'customerController' via constructor to bean named 'customerServiceImpl'
2023-11-15T17:20:10.791+05:30 DEBUG 7395 --- [           main] o.s.b.f.s.DefaultListableBeanFactory     : Autowiring by type from bean name 'customerController' via constructor to bean named 'taskOfferServiceImpl'
2023-11-15T17:20:10.791+05:30 DEBUG 7395 --- [           main] o.s.b.f.s.DefaultListableBeanFactory     : Creating shared instance of singleton bean 'dashboardController'
2023-11-15T17:20:10.792+05:30 DEBUG 7395 --- [           main] o.s.b.f.s.DefaultListableBeanFactory     : Autowiring by type from bean name 'dashboardController' via constructor to bean named 'orderServiceImpl'
2023-11-15T17:20:10.792+05:30 DEBUG 7395 --- [           main] o.s.b.f.s.DefaultListableBeanFactory     : Autowiring by type from bean name 'dashboardController' via constructor to bean named 'categoryServiceImpl'
2023-11-15T17:20:10.792+05:30 DEBUG 7395 --- [           main] o.s.b.f.s.DefaultListableBeanFactory     : Autowiring by type from bean name 'dashboardController' via constructor to bean named 'statisticsServiceImpl'
2023-11-15T17:20:10.792+05:30 DEBUG 7395 --- [           main] o.s.b.f.s.DefaultListableBeanFactory     : Creating shared instance of singleton bean 'downloadController'
2023-11-15T17:20:10.793+05:30 DEBUG 7395 --- [           main] o.s.b.f.s.DefaultListableBeanFactory     : Autowiring by type from bean name 'downloadController' via constructor to bean named 'orderServiceImpl'
2023-11-15T17:20:10.793+05:30 DEBUG 7395 --- [           main] o.s.b.f.s.DefaultListableBeanFactory     : Autowiring by type from bean name 'downloadController' via constructor to bean named 'pdfServiceImpl'
2023-11-15T17:20:10.793+05:30 DEBUG 7395 --- [           main] o.s.b.f.s.DefaultListableBeanFactory     : Autowiring by type from bean name 'downloadController' via constructor to bean named 'statisticsServiceImpl'
2023-11-15T17:20:10.793+05:30 DEBUG 7395 --- [           main] o.s.b.f.s.DefaultListableBeanFactory     : Autowiring by type from bean name 'downloadController' via constructor to bean named 'excelServiceImpl'
2023-11-15T17:20:10.794+05:30 DEBUG 7395 --- [           main] o.s.b.f.s.DefaultListableBeanFactory     : Creating shared instance of singleton bean 'loginController'
2023-11-15T17:20:10.795+05:30 DEBUG 7395 --- [           main] o.s.b.f.s.DefaultListableBeanFactory     : Autowiring by type from bean name 'loginController' via constructor to bean named 'otpRepo'
2023-11-15T17:20:10.795+05:30 DEBUG 7395 --- [           main] o.s.b.f.s.DefaultListableBeanFactory     : Autowiring by type from bean name 'loginController' via constructor to bean named 'otpServiceImpl'
2023-11-15T17:20:10.795+05:30 DEBUG 7395 --- [           main] o.s.b.f.s.DefaultListableBeanFactory     : Autowiring by type from bean name 'loginController' via constructor to bean named 'adminServiceImpl'
2023-11-15T17:20:10.795+05:30 DEBUG 7395 --- [           main] o.s.b.f.s.DefaultListableBeanFactory     : Autowiring by type from bean name 'loginController' via constructor to bean named 'tokenServiceImpl'
2023-11-15T17:20:10.798+05:30 DEBUG 7395 --- [           main] o.s.b.f.s.DefaultListableBeanFactory     : Creating shared instance of singleton bean 'orderController'
2023-11-15T17:20:10.799+05:30 DEBUG 7395 --- [           main] o.s.b.f.s.DefaultListableBeanFactory     : Autowiring by type from bean name 'orderController' via constructor to bean named 'razorpayOrderServiceImpl'
2023-11-15T17:20:10.799+05:30 DEBUG 7395 --- [           main] o.s.b.f.s.DefaultListableBeanFactory     : Autowiring by type from bean name 'orderController' via constructor to bean named 'orderServiceImpl'
2023-11-15T17:20:10.802+05:30 DEBUG 7395 --- [           main] o.s.b.f.s.DefaultListableBeanFactory     : Creating shared instance of singleton bean 'productController'
2023-11-15T17:20:10.803+05:30 DEBUG 7395 --- [           main] o.s.b.f.s.DefaultListableBeanFactory     : Autowiring by type from bean name 'productController' via constructor to bean named 'productServiceImpl'
2023-11-15T17:20:10.803+05:30 DEBUG 7395 --- [           main] o.s.b.f.s.DefaultListableBeanFactory     : Autowiring by type from bean name 'productController' via constructor to bean named 'categoryServiceImpl'
2023-11-15T17:20:10.806+05:30 DEBUG 7395 --- [           main] o.s.b.f.s.DefaultListableBeanFactory     : Creating shared instance of singleton bean 'productUploadController'
2023-11-15T17:20:10.807+05:30 DEBUG 7395 --- [           main] o.s.b.f.s.DefaultListableBeanFactory     : Autowiring by type from bean name 'productUploadController' via constructor to bean named 'categoryRepo'
2023-11-15T17:20:10.807+05:30 DEBUG 7395 --- [           main] o.s.b.f.s.DefaultListableBeanFactory     : Autowiring by type from bean name 'productUploadController' via constructor to bean named 'productServiceImpl'
2023-11-15T17:20:10.807+05:30 DEBUG 7395 --- [           main] o.s.b.f.s.DefaultListableBeanFactory     : Creating shared instance of singleton bean 'statisticsController'
2023-11-15T17:20:10.808+05:30 DEBUG 7395 --- [           main] o.s.b.f.s.DefaultListableBeanFactory     : Autowiring by type from bean name 'statisticsController' via constructor to bean named 'statisticsServiceImpl'
2023-11-15T17:20:10.808+05:30 DEBUG 7395 --- [           main] o.s.b.f.s.DefaultListableBeanFactory     : Creating shared instance of singleton bean 'csrfTokenRepository'
2023-11-15T17:20:10.809+05:30 DEBUG 7395 --- [           main] o.s.b.f.s.DefaultListableBeanFactory     : Creating shared instance of singleton bean 'org.springframework.security.config.annotation.configuration.ObjectPostProcessorConfiguration'
2023-11-15T17:20:10.809+05:30 DEBUG 7395 --- [           main] o.s.b.f.s.DefaultListableBeanFactory     : Creating shared instance of singleton bean 'objectPostProcessor'
2023-11-15T17:20:10.809+05:30 DEBUG 7395 --- [           main] o.s.b.f.s.DefaultListableBeanFactory     : Autowiring by type from bean name 'objectPostProcessor' via factory method to bean named 'org.springframework.beans.factory.support.DefaultListableBeanFactory@584f5497'
2023-11-15T17:20:10.810+05:30 DEBUG 7395 --- [           main] o.s.b.f.s.DefaultListableBeanFactory     : Creating shared instance of singleton bean 'org.springframework.security.config.annotation.authentication.configuration.AuthenticationConfiguration'
2023-11-15T17:20:10.811+05:30 DEBUG 7395 --- [           main] o.s.b.f.s.DefaultListableBeanFactory     : Creating shared instance of singleton bean 'enableGlobalAuthenticationAutowiredConfigurer'
2023-11-15T17:20:10.812+05:30 DEBUG 7395 --- [           main] o.s.b.f.s.DefaultListableBeanFactory     : Autowiring by type from bean name 'enableGlobalAuthenticationAutowiredConfigurer' via factory method to bean named 'org.springframework.web.context.support.GenericWebApplicationContext@37cd92d6'
2023-11-15T17:20:10.812+05:30 DEBUG 7395 --- [           main] o.s.b.f.s.DefaultListableBeanFactory     : Creating shared instance of singleton bean 'initializeUserDetailsBeanManagerConfigurer'
2023-11-15T17:20:10.813+05:30 DEBUG 7395 --- [           main] o.s.b.f.s.DefaultListableBeanFactory     : Autowiring by type from bean name 'initializeUserDetailsBeanManagerConfigurer' via factory method to bean named 'org.springframework.web.context.support.GenericWebApplicationContext@37cd92d6'
2023-11-15T17:20:10.813+05:30 DEBUG 7395 --- [           main] o.s.b.f.s.DefaultListableBeanFactory     : Creating shared instance of singleton bean 'initializeAuthenticationProviderBeanManagerConfigurer'
2023-11-15T17:20:10.813+05:30 DEBUG 7395 --- [           main] o.s.b.f.s.DefaultListableBeanFactory     : Autowiring by type from bean name 'initializeAuthenticationProviderBeanManagerConfigurer' via factory method to bean named 'org.springframework.web.context.support.GenericWebApplicationContext@37cd92d6'
2023-11-15T17:20:10.814+05:30 DEBUG 7395 --- [           main] o.s.b.f.s.DefaultListableBeanFactory     : Creating shared instance of singleton bean 'authenticationManagerBuilder'
2023-11-15T17:20:10.815+05:30 DEBUG 7395 --- [           main] o.s.b.f.s.DefaultListableBeanFactory     : Autowiring by type from bean name 'authenticationManagerBuilder' via factory method to bean named 'objectPostProcessor'
2023-11-15T17:20:10.815+05:30 DEBUG 7395 --- [           main] o.s.b.f.s.DefaultListableBeanFactory     : Autowiring by type from bean name 'authenticationManagerBuilder' via factory method to bean named 'org.springframework.web.context.support.GenericWebApplicationContext@37cd92d6'
2023-11-15T17:20:10.815+05:30 DEBUG 7395 --- [           main] o.s.b.f.s.DefaultListableBeanFactory     : Creating shared instance of singleton bean 'authenticationEventPublisher'
2023-11-15T17:20:10.815+05:30 DEBUG 7395 --- [           main] o.s.b.f.s.DefaultListableBeanFactory     : Creating shared instance of singleton bean 'org.springframework.boot.autoconfigure.security.servlet.SecurityAutoConfiguration'
2023-11-15T17:20:10.816+05:30 DEBUG 7395 --- [           main] o.s.b.f.s.DefaultListableBeanFactory     : Autowiring by type from bean name 'authenticationEventPublisher' via factory method to bean named 'org.springframework.web.context.support.GenericWebApplicationContext@37cd92d6'
2023-11-15T17:20:10.829+05:30 DEBUG 7395 --- [           main] o.s.b.f.s.DefaultListableBeanFactory     : Creating shared instance of singleton bean 'org.springframework.security.config.annotation.web.configuration.WebSecurityConfiguration'
2023-11-15T17:20:10.834+05:30 DEBUG 7395 --- [           main] o.s.b.f.s.DefaultListableBeanFactory     : Creating shared instance of singleton bean 'org.springframework.security.config.annotation.web.configuration.HttpSecurityConfiguration'
2023-11-15T17:20:10.836+05:30 DEBUG 7395 --- [           main] o.s.b.f.s.DefaultListableBeanFactory     : Creating shared instance of singleton bean 'mvcContentNegotiationManager'
2023-11-15T17:20:10.837+05:30 DEBUG 7395 --- [           main] o.s.b.f.s.DefaultListableBeanFactory     : Creating shared instance of singleton bean 'org.springframework.boot.autoconfigure.web.servlet.WebMvcAutoConfiguration$EnableWebMvcConfiguration'
2023-11-15T17:20:10.837+05:30 DEBUG 7395 --- [           main] o.s.b.f.s.DefaultListableBeanFactory     : Creating shared instance of singleton bean 'spring.mvc-org.springframework.boot.autoconfigure.web.servlet.WebMvcProperties'
2023-11-15T17:20:10.840+05:30 DEBUG 7395 --- [           main] o.s.b.f.s.DefaultListableBeanFactory     : Creating shared instance of singleton bean 'spring.web-org.springframework.boot.autoconfigure.web.WebProperties'
2023-11-15T17:20:10.843+05:30 DEBUG 7395 --- [           main] o.s.b.f.s.DefaultListableBeanFactory     : Autowiring by type from bean name 'org.springframework.boot.autoconfigure.web.servlet.WebMvcAutoConfiguration$EnableWebMvcConfiguration' via constructor to bean named 'spring.mvc-org.springframework.boot.autoconfigure.web.servlet.WebMvcProperties'
2023-11-15T17:20:10.843+05:30 DEBUG 7395 --- [           main] o.s.b.f.s.DefaultListableBeanFactory     : Autowiring by type from bean name 'org.springframework.boot.autoconfigure.web.servlet.WebMvcAutoConfiguration$EnableWebMvcConfiguration' via constructor to bean named 'spring.web-org.springframework.boot.autoconfigure.web.WebProperties'
2023-11-15T17:20:10.843+05:30 DEBUG 7395 --- [           main] o.s.b.f.s.DefaultListableBeanFactory     : Autowiring by type from bean name 'org.springframework.boot.autoconfigure.web.servlet.WebMvcAutoConfiguration$EnableWebMvcConfiguration' via constructor to bean named 'org.springframework.beans.factory.support.DefaultListableBeanFactory@584f5497'
2023-11-15T17:20:10.846+05:30 DEBUG 7395 --- [           main] o.s.b.f.s.DefaultListableBeanFactory     : Creating shared instance of singleton bean 'org.springframework.security.config.annotation.web.configuration.WebMvcSecurityConfiguration'
2023-11-15T17:20:10.846+05:30 DEBUG 7395 --- [           main] o.s.b.f.s.DefaultListableBeanFactory     : Creating shared instance of singleton bean 'org.springframework.security.config.annotation.web.configuration.OAuth2ClientConfiguration$OAuth2ClientWebMvcSecurityConfiguration'
2023-11-15T17:20:10.848+05:30 DEBUG 7395 --- [           main] o.s.b.f.s.DefaultListableBeanFactory     : Creating shared instance of singleton bean 'org.springframework.boot.autoconfigure.web.servlet.WebMvcAutoConfiguration$WebMvcAutoConfigurationAdapter'
2023-11-15T17:20:10.849+05:30 DEBUG 7395 --- [           main] o.s.b.f.s.DefaultListableBeanFactory     : Autowiring by type from bean name 'org.springframework.boot.autoconfigure.web.servlet.WebMvcAutoConfiguration$WebMvcAutoConfigurationAdapter' via constructor to bean named 'spring.web-org.springframework.boot.autoconfigure.web.WebProperties'
2023-11-15T17:20:10.849+05:30 DEBUG 7395 --- [           main] o.s.b.f.s.DefaultListableBeanFactory     : Autowiring by type from bean name 'org.springframework.boot.autoconfigure.web.servlet.WebMvcAutoConfiguration$WebMvcAutoConfigurationAdapter' via constructor to bean named 'spring.mvc-org.springframework.boot.autoconfigure.web.servlet.WebMvcProperties'
2023-11-15T17:20:10.849+05:30 DEBUG 7395 --- [           main] o.s.b.f.s.DefaultListableBeanFactory     : Autowiring by type from bean name 'org.springframework.boot.autoconfigure.web.servlet.WebMvcAutoConfiguration$WebMvcAutoConfigurationAdapter' via constructor to bean named 'org.springframework.beans.factory.support.DefaultListableBeanFactory@584f5497'
2023-11-15T17:20:10.850+05:30 DEBUG 7395 --- [           main] o.s.b.f.s.DefaultListableBeanFactory     : Creating shared instance of singleton bean 'openEntityManagerInViewInterceptorConfigurer'
2023-11-15T17:20:10.850+05:30 DEBUG 7395 --- [           main] o.s.b.f.s.DefaultListableBeanFactory     : Creating shared instance of singleton bean 'org.springframework.boot.autoconfigure.orm.jpa.JpaBaseConfiguration$JpaWebConfiguration'
2023-11-15T17:20:10.850+05:30 DEBUG 7395 --- [           main] o.s.b.f.s.DefaultListableBeanFactory     : Autowiring by type from bean name 'org.springframework.boot.autoconfigure.orm.jpa.JpaBaseConfiguration$JpaWebConfiguration' via constructor to bean named 'spring.jpa-org.springframework.boot.autoconfigure.orm.jpa.JpaProperties'
2023-11-15T17:20:10.851+05:30 DEBUG 7395 --- [           main] o.s.b.f.s.DefaultListableBeanFactory     : Creating shared instance of singleton bean 'openEntityManagerInViewInterceptor'
2023-11-15T17:20:10.851+05:30  WARN 7395 --- [           main] JpaBaseConfiguration$JpaWebConfiguration : spring.jpa.open-in-view is enabled by default. Therefore, database queries may be performed during view rendering. Explicitly configure spring.jpa.open-in-view to disable this warning
2023-11-15T17:20:10.853+05:30 DEBUG 7395 --- [           main] o.s.b.f.s.DefaultListableBeanFactory     : Autowiring by type from bean name 'openEntityManagerInViewInterceptorConfigurer' via factory method to bean named 'openEntityManagerInViewInterceptor'
2023-11-15T17:20:10.853+05:30 DEBUG 7395 --- [           main] o.s.b.f.s.DefaultListableBeanFactory     : Creating shared instance of singleton bean 'org.springframework.data.web.config.SpringDataWebConfiguration'
2023-11-15T17:20:10.854+05:30 DEBUG 7395 --- [           main] o.s.b.f.s.DefaultListableBeanFactory     : Autowiring by type from bean name 'org.springframework.data.web.config.SpringDataWebConfiguration' via constructor to bean named 'org.springframework.web.context.support.GenericWebApplicationContext@37cd92d6'
2023-11-15T17:20:10.895+05:30 DEBUG 7395 --- [           main] o.s.b.f.s.DefaultListableBeanFactory     : Creating shared instance of singleton bean 'securityFilterChain'
2023-11-15T17:20:10.896+05:30 DEBUG 7395 --- [           main] o.s.b.f.s.DefaultListableBeanFactory     : Autowiring by type from bean name 'securityFilterChain' via factory method to bean named 'org.springframework.security.config.annotation.web.configuration.HttpSecurityConfiguration.httpSecurity'
2023-11-15T17:20:10.918+05:30  INFO 7395 --- [           main] o.s.s.web.DefaultSecurityFilterChain     : Will secure any request with [org.springframework.security.web.session.DisableEncodeUrlFilter@54978e18, org.springframework.security.web.session.ForceEagerSessionCreationFilter@1f6881af, org.springframework.security.web.context.request.async.WebAsyncManagerIntegrationFilter@71ef979e, org.springframework.security.web.context.SecurityContextHolderFilter@b0e7bde, org.springframework.security.web.header.HeaderWriterFilter@23b824b3, org.springframework.security.web.csrf.CsrfFilter@a55ed01, org.springframework.security.web.authentication.logout.LogoutFilter@27e1c83, org.springframework.security.web.authentication.UsernamePasswordAuthenticationFilter@b381194, org.springframework.security.web.savedrequest.RequestCacheAwareFilter@10cd5b30, org.springframework.security.web.servletapi.SecurityContextHolderAwareRequestFilter@11b0cf30, org.springframework.security.web.authentication.AnonymousAuthenticationFilter@2f33a2e3, org.springframework.security.web.session.SessionManagementFilter@56d1efec, org.springframework.security.web.access.ExceptionTranslationFilter@743afab6, org.springframework.security.web.access.intercept.AuthorizationFilter@21ec86e6]
2023-11-15T17:20:10.920+05:30 DEBUG 7395 --- [           main] o.s.b.f.s.DefaultListableBeanFactory     : Creating shared instance of singleton bean 'delegatingApplicationListener'
2023-11-15T17:20:10.920+05:30 DEBUG 7395 --- [           main] o.s.b.f.s.DefaultListableBeanFactory     : Creating shared instance of singleton bean 'springSecurityFilterChain'
2023-11-15T17:20:10.924+05:30 DEBUG 7395 --- [           main] o.s.b.f.s.DefaultListableBeanFactory     : Creating shared instance of singleton bean 'webSecurityExpressionHandler'
2023-11-15T17:20:10.925+05:30 DEBUG 7395 --- [           main] o.s.b.f.s.DefaultListableBeanFactory     : Creating shared instance of singleton bean 'privilegeEvaluator'
2023-11-15T17:20:10.925+05:30 DEBUG 7395 --- [           main] o.s.b.f.s.DefaultListableBeanFactory     : Creating shared instance of singleton bean 'requestDataValueProcessor'
2023-11-15T17:20:10.926+05:30 DEBUG 7395 --- [           main] o.s.b.f.s.DefaultListableBeanFactory     : Creating shared instance of singleton bean 'org.springframework.security.config.annotation.web.configuration.OAuth2ClientConfiguration'
2023-11-15T17:20:10.926+05:30 DEBUG 7395 --- [           main] o.s.b.f.s.DefaultListableBeanFactory     : Creating shared instance of singleton bean 'templateResolver'
2023-11-15T17:20:10.928+05:30 DEBUG 7395 --- [           main] o.s.b.f.s.DefaultListableBeanFactory     : Creating shared instance of singleton bean 'org.springframework.boot.autoconfigure.AutoConfigurationPackages'
2023-11-15T17:20:10.929+05:30 DEBUG 7395 --- [           main] o.s.b.f.s.DefaultListableBeanFactory     : Creating shared instance of singleton bean 'org.springframework.data.jpa.util.JpaMetamodelCacheCleanup'
2023-11-15T17:20:10.929+05:30 DEBUG 7395 --- [           main] o.s.b.f.s.DefaultListableBeanFactory     : Creating shared instance of singleton bean 'org.springframework.data.jpa.repository.support.JpaEvaluationContextExtension'
2023-11-15T17:20:10.929+05:30 DEBUG 7395 --- [           main] o.s.b.f.s.DefaultListableBeanFactory     : Creating shared instance of singleton bean 'data-jpa.repository-aot-processor#0'
2023-11-15T17:20:10.932+05:30 DEBUG 7395 --- [           main] o.s.b.f.s.DefaultListableBeanFactory     : Creating shared instance of singleton bean 'org.springframework.boot.autoconfigure.context.PropertyPlaceholderAutoConfiguration'
2023-11-15T17:20:10.932+05:30 DEBUG 7395 --- [           main] o.s.b.f.s.DefaultListableBeanFactory     : Creating shared instance of singleton bean 'org.springframework.boot.autoconfigure.ssl.SslAutoConfiguration'
2023-11-15T17:20:10.932+05:30 DEBUG 7395 --- [           main] o.s.b.f.s.DefaultListableBeanFactory     : Creating shared instance of singleton bean 'sslPropertiesSslBundleRegistrar'
2023-11-15T17:20:10.932+05:30 DEBUG 7395 --- [           main] o.s.b.f.s.DefaultListableBeanFactory     : Creating shared instance of singleton bean 'spring.ssl-org.springframework.boot.autoconfigure.ssl.SslProperties'
2023-11-15T17:20:10.933+05:30 DEBUG 7395 --- [           main] o.s.b.f.s.DefaultListableBeanFactory     : Autowiring by type from bean name 'sslPropertiesSslBundleRegistrar' via factory method to bean named 'spring.ssl-org.springframework.boot.autoconfigure.ssl.SslProperties'
2023-11-15T17:20:10.933+05:30 DEBUG 7395 --- [           main] o.s.b.f.s.DefaultListableBeanFactory     : Creating shared instance of singleton bean 'sslBundleRegistry'
2023-11-15T17:20:10.934+05:30 DEBUG 7395 --- [           main] o.s.b.f.s.DefaultListableBeanFactory     : Autowiring by type from bean name 'sslBundleRegistry' via factory method to bean named 'sslPropertiesSslBundleRegistrar'
2023-11-15T17:20:10.935+05:30 DEBUG 7395 --- [           main] o.s.b.f.s.DefaultListableBeanFactory     : Creating shared instance of singleton bean 'org.springframework.boot.autoconfigure.websocket.servlet.WebSocketServletAutoConfiguration$TomcatWebSocketConfiguration'
2023-11-15T17:20:10.935+05:30 DEBUG 7395 --- [           main] o.s.b.f.s.DefaultListableBeanFactory     : Creating shared instance of singleton bean 'websocketServletWebServerCustomizer'
2023-11-15T17:20:10.937+05:30 DEBUG 7395 --- [           main] o.s.b.f.s.DefaultListableBeanFactory     : Creating shared instance of singleton bean 'org.springframework.boot.autoconfigure.websocket.servlet.WebSocketServletAutoConfiguration'
2023-11-15T17:20:10.937+05:30 DEBUG 7395 --- [           main] o.s.b.f.s.DefaultListableBeanFactory     : Creating shared instance of singleton bean 'org.springframework.boot.autoconfigure.web.servlet.ServletWebServerFactoryConfiguration$EmbeddedTomcat'
2023-11-15T17:20:10.937+05:30 DEBUG 7395 --- [           main] o.s.b.f.s.DefaultListableBeanFactory     : Creating shared instance of singleton bean 'tomcatServletWebServerFactory'
2023-11-15T17:20:10.967+05:30 DEBUG 7395 --- [           main] o.s.b.f.s.DefaultListableBeanFactory     : Creating shared instance of singleton bean 'servletWebServerFactoryCustomizer'
2023-11-15T17:20:10.968+05:30 DEBUG 7395 --- [           main] o.s.b.f.s.DefaultListableBeanFactory     : Creating shared instance of singleton bean 'org.springframework.boot.autoconfigure.web.servlet.ServletWebServerFactoryAutoConfiguration'
2023-11-15T17:20:10.969+05:30 DEBUG 7395 --- [           main] o.s.b.f.s.DefaultListableBeanFactory     : Creating shared instance of singleton bean 'server-org.springframework.boot.autoconfigure.web.ServerProperties'
2023-11-15T17:20:10.975+05:30 DEBUG 7395 --- [           main] o.s.b.f.s.DefaultListableBeanFactory     : Autowiring by type from bean name 'servletWebServerFactoryCustomizer' via factory method to bean named 'server-org.springframework.boot.autoconfigure.web.ServerProperties'
2023-11-15T17:20:10.976+05:30 DEBUG 7395 --- [           main] o.s.b.f.s.DefaultListableBeanFactory     : Creating shared instance of singleton bean 'tomcatServletWebServerFactoryCustomizer'
2023-11-15T17:20:10.976+05:30 DEBUG 7395 --- [           main] o.s.b.f.s.DefaultListableBeanFactory     : Autowiring by type from bean name 'tomcatServletWebServerFactoryCustomizer' via factory method to bean named 'server-org.springframework.boot.autoconfigure.web.ServerProperties'
2023-11-15T17:20:10.976+05:30 DEBUG 7395 --- [           main] o.s.b.f.s.DefaultListableBeanFactory     : Creating shared instance of singleton bean 'localeCharsetMappingsCustomizer'
2023-11-15T17:20:10.976+05:30 DEBUG 7395 --- [           main] o.s.b.f.s.DefaultListableBeanFactory     : Creating shared instance of singleton bean 'org.springframework.boot.autoconfigure.web.servlet.HttpEncodingAutoConfiguration'
2023-11-15T17:20:10.976+05:30 DEBUG 7395 --- [           main] o.s.b.f.s.DefaultListableBeanFactory     : Autowiring by type from bean name 'org.springframework.boot.autoconfigure.web.servlet.HttpEncodingAutoConfiguration' via constructor to bean named 'server-org.springframework.boot.autoconfigure.web.ServerProperties'
2023-11-15T17:20:10.984+05:30 DEBUG 7395 --- [           main] o.s.b.f.s.DefaultListableBeanFactory     : Creating shared instance of singleton bean 'errorPageCustomizer'
2023-11-15T17:20:10.984+05:30 DEBUG 7395 --- [           main] o.s.b.f.s.DefaultListableBeanFactory     : Creating shared instance of singleton bean 'org.springframework.boot.autoconfigure.web.servlet.error.ErrorMvcAutoConfiguration'
2023-11-15T17:20:10.984+05:30 DEBUG 7395 --- [           main] o.s.b.f.s.DefaultListableBeanFactory     : Autowiring by type from bean name 'org.springframework.boot.autoconfigure.web.servlet.error.ErrorMvcAutoConfiguration' via constructor to bean named 'server-org.springframework.boot.autoconfigure.web.ServerProperties'
2023-11-15T17:20:10.985+05:30 DEBUG 7395 --- [           main] o.s.b.f.s.DefaultListableBeanFactory     : Creating shared instance of singleton bean 'dispatcherServletRegistration'
2023-11-15T17:20:10.985+05:30 DEBUG 7395 --- [           main] o.s.b.f.s.DefaultListableBeanFactory     : Creating shared instance of singleton bean 'org.springframework.boot.autoconfigure.web.servlet.DispatcherServletAutoConfiguration$DispatcherServletRegistrationConfiguration'
2023-11-15T17:20:10.985+05:30 DEBUG 7395 --- [           main] o.s.b.f.s.DefaultListableBeanFactory     : Creating shared instance of singleton bean 'dispatcherServlet'
2023-11-15T17:20:10.985+05:30 DEBUG 7395 --- [           main] o.s.b.f.s.DefaultListableBeanFactory     : Creating shared instance of singleton bean 'org.springframework.boot.autoconfigure.web.servlet.DispatcherServletAutoConfiguration$DispatcherServletConfiguration'
2023-11-15T17:20:10.985+05:30 DEBUG 7395 --- [           main] o.s.b.f.s.DefaultListableBeanFactory     : Autowiring by type from bean name 'dispatcherServlet' via factory method to bean named 'spring.mvc-org.springframework.boot.autoconfigure.web.servlet.WebMvcProperties'
2023-11-15T17:20:10.993+05:30 DEBUG 7395 --- [           main] o.s.b.f.s.DefaultListableBeanFactory     : Autowiring by type from bean name 'dispatcherServletRegistration' via factory method to bean named 'dispatcherServlet'
2023-11-15T17:20:10.993+05:30 DEBUG 7395 --- [           main] o.s.b.f.s.DefaultListableBeanFactory     : Autowiring by type from bean name 'dispatcherServletRegistration' via factory method to bean named 'spring.mvc-org.springframework.boot.autoconfigure.web.servlet.WebMvcProperties'
2023-11-15T17:20:10.994+05:30 DEBUG 7395 --- [           main] o.s.b.f.s.DefaultListableBeanFactory     : Creating shared instance of singleton bean 'multipartConfigElement'
2023-11-15T17:20:10.994+05:30 DEBUG 7395 --- [           main] o.s.b.f.s.DefaultListableBeanFactory     : Creating shared instance of singleton bean 'org.springframework.boot.autoconfigure.web.servlet.MultipartAutoConfiguration'
2023-11-15T17:20:10.994+05:30 DEBUG 7395 --- [           main] o.s.b.f.s.DefaultListableBeanFactory     : Creating shared instance of singleton bean 'spring.servlet.multipart-org.springframework.boot.autoconfigure.web.servlet.MultipartProperties'
2023-11-15T17:20:10.997+05:30 DEBUG 7395 --- [           main] o.s.b.f.s.DefaultListableBeanFactory     : Autowiring by type from bean name 'org.springframework.boot.autoconfigure.web.servlet.MultipartAutoConfiguration' via constructor to bean named 'spring.servlet.multipart-org.springframework.boot.autoconfigure.web.servlet.MultipartProperties'
2023-11-15T17:20:10.999+05:30 DEBUG 7395 --- [           main] o.s.b.f.s.DefaultListableBeanFactory     : Autowiring by type from bean name 'errorPageCustomizer' via factory method to bean named 'dispatcherServletRegistration'
2023-11-15T17:20:11.001+05:30 DEBUG 7395 --- [           main] o.s.b.f.s.DefaultListableBeanFactory     : Creating shared instance of singleton bean 'org.springframework.boot.autoconfigure.web.servlet.DispatcherServletAutoConfiguration'
2023-11-15T17:20:11.002+05:30 DEBUG 7395 --- [           main] o.s.b.f.s.DefaultListableBeanFactory     : Creating shared instance of singleton bean 'org.springframework.boot.autoconfigure.task.TaskExecutionAutoConfiguration'
2023-11-15T17:20:11.002+05:30 DEBUG 7395 --- [           main] o.s.b.f.s.DefaultListableBeanFactory     : Creating shared instance of singleton bean 'taskExecutorBuilder'
2023-11-15T17:20:11.003+05:30 DEBUG 7395 --- [           main] o.s.b.f.s.DefaultListableBeanFactory     : Creating shared instance of singleton bean 'spring.task.execution-org.springframework.boot.autoconfigure.task.TaskExecutionProperties'
2023-11-15T17:20:11.003+05:30 DEBUG 7395 --- [           main] o.s.b.f.s.DefaultListableBeanFactory     : Autowiring by type from bean name 'taskExecutorBuilder' via factory method to bean named 'spring.task.execution-org.springframework.boot.autoconfigure.task.TaskExecutionProperties'
2023-11-15T17:20:11.005+05:30 DEBUG 7395 --- [           main] o.s.b.f.s.DefaultListableBeanFactory     : Creating shared instance of singleton bean 'org.springframework.boot.autoconfigure.validation.ValidationAutoConfiguration'
2023-11-15T17:20:11.005+05:30 DEBUG 7395 --- [           main] o.s.b.f.s.DefaultListableBeanFactory     : Creating shared instance of singleton bean 'defaultValidator'
2023-11-15T17:20:11.005+05:30 DEBUG 7395 --- [           main] o.s.b.f.s.DefaultListableBeanFactory     : Autowiring by type from bean name 'defaultValidator' via factory method to bean named 'org.springframework.web.context.support.GenericWebApplicationContext@37cd92d6'
2023-11-15T17:20:11.011+05:30 DEBUG 7395 --- [           main] o.s.b.f.s.DefaultListableBeanFactory     : Creating shared instance of singleton bean 'org.springframework.boot.autoconfigure.web.servlet.error.ErrorMvcAutoConfiguration$WhitelabelErrorViewConfiguration'
2023-11-15T17:20:11.012+05:30 DEBUG 7395 --- [           main] o.s.b.f.s.DefaultListableBeanFactory     : Creating shared instance of singleton bean 'error'
2023-11-15T17:20:11.012+05:30 DEBUG 7395 --- [           main] o.s.b.f.s.DefaultListableBeanFactory     : Creating shared instance of singleton bean 'beanNameViewResolver'
2023-11-15T17:20:11.013+05:30 DEBUG 7395 --- [           main] o.s.b.f.s.DefaultListableBeanFactory     : Creating shared instance of singleton bean 'org.springframework.boot.autoconfigure.web.servlet.error.ErrorMvcAutoConfiguration$DefaultErrorViewResolverConfiguration'
2023-11-15T17:20:11.013+05:30 DEBUG 7395 --- [           main] o.s.b.f.s.DefaultListableBeanFactory     : Autowiring by type from bean name 'org.springframework.boot.autoconfigure.web.servlet.error.ErrorMvcAutoConfiguration$DefaultErrorViewResolverConfiguration' via constructor to bean named 'org.springframework.web.context.support.GenericWebApplicationContext@37cd92d6'
2023-11-15T17:20:11.013+05:30 DEBUG 7395 --- [           main] o.s.b.f.s.DefaultListableBeanFactory     : Autowiring by type from bean name 'org.springframework.boot.autoconfigure.web.servlet.error.ErrorMvcAutoConfiguration$DefaultErrorViewResolverConfiguration' via constructor to bean named 'spring.web-org.springframework.boot.autoconfigure.web.WebProperties'
2023-11-15T17:20:11.013+05:30 DEBUG 7395 --- [           main] o.s.b.f.s.DefaultListableBeanFactory     : Creating shared instance of singleton bean 'conventionErrorViewResolver'
2023-11-15T17:20:11.013+05:30 DEBUG 7395 --- [           main] o.s.b.f.s.DefaultListableBeanFactory     : Creating shared instance of singleton bean 'errorAttributes'
2023-11-15T17:20:11.014+05:30 DEBUG 7395 --- [           main] o.s.b.f.s.DefaultListableBeanFactory     : Creating shared instance of singleton bean 'basicErrorController'
2023-11-15T17:20:11.015+05:30 DEBUG 7395 --- [           main] o.s.b.f.s.DefaultListableBeanFactory     : Autowiring by type from bean name 'basicErrorController' via factory method to bean named 'errorAttributes'
2023-11-15T17:20:11.017+05:30 DEBUG 7395 --- [           main] o.s.b.f.s.DefaultListableBeanFactory     : Creating shared instance of singleton bean 'requestMappingHandlerAdapter'
2023-11-15T17:20:11.018+05:30 DEBUG 7395 --- [           main] o.s.b.f.s.DefaultListableBeanFactory     : Creating shared instance of singleton bean 'mvcConversionService'
2023-11-15T17:20:11.023+05:30 DEBUG 7395 --- [           main] o.s.b.f.s.DefaultListableBeanFactory     : Creating shared instance of singleton bean 'mvcValidator'
2023-11-15T17:20:11.025+05:30 DEBUG 7395 --- [           main] o.s.b.f.s.DefaultListableBeanFactory     : Autowiring by type from bean name 'requestMappingHandlerAdapter' via factory method to bean named 'mvcContentNegotiationManager'
2023-11-15T17:20:11.025+05:30 DEBUG 7395 --- [           main] o.s.b.f.s.DefaultListableBeanFactory     : Autowiring by type from bean name 'requestMappingHandlerAdapter' via factory method to bean named 'mvcConversionService'
2023-11-15T17:20:11.025+05:30 DEBUG 7395 --- [           main] o.s.b.f.s.DefaultListableBeanFactory     : Autowiring by type from bean name 'requestMappingHandlerAdapter' via factory method to bean named 'mvcValidator'
2023-11-15T17:20:11.029+05:30 DEBUG 7395 --- [           main] o.s.b.f.s.DefaultListableBeanFactory     : Creating shared instance of singleton bean 'messageConverters'
2023-11-15T17:20:11.029+05:30 DEBUG 7395 --- [           main] o.s.b.f.s.DefaultListableBeanFactory     : Creating shared instance of singleton bean 'org.springframework.boot.autoconfigure.http.HttpMessageConvertersAutoConfiguration'
2023-11-15T17:20:11.030+05:30 DEBUG 7395 --- [           main] o.s.b.f.s.DefaultListableBeanFactory     : Creating shared instance of singleton bean 'stringHttpMessageConverter'
2023-11-15T17:20:11.031+05:30 DEBUG 7395 --- [           main] o.s.b.f.s.DefaultListableBeanFactory     : Creating shared instance of singleton bean 'org.springframework.boot.autoconfigure.http.HttpMessageConvertersAutoConfiguration$StringHttpMessageConverterConfiguration'
2023-11-15T17:20:11.031+05:30 DEBUG 7395 --- [           main] o.s.b.f.s.DefaultListableBeanFactory     : Autowiring by type from bean name 'stringHttpMessageConverter' via factory method to bean named 'environment'
2023-11-15T17:20:11.035+05:30 DEBUG 7395 --- [           main] o.s.b.f.s.DefaultListableBeanFactory     : Creating shared instance of singleton bean 'mappingJackson2HttpMessageConverter'
2023-11-15T17:20:11.035+05:30 DEBUG 7395 --- [           main] o.s.b.f.s.DefaultListableBeanFactory     : Creating shared instance of singleton bean 'org.springframework.boot.autoconfigure.http.JacksonHttpMessageConvertersConfiguration$MappingJackson2HttpMessageConverterConfiguration'
2023-11-15T17:20:11.036+05:30 DEBUG 7395 --- [           main] o.s.b.f.s.DefaultListableBeanFactory     : Creating shared instance of singleton bean 'jacksonObjectMapper'
2023-11-15T17:20:11.036+05:30 DEBUG 7395 --- [           main] o.s.b.f.s.DefaultListableBeanFactory     : Creating shared instance of singleton bean 'org.springframework.boot.autoconfigure.jackson.JacksonAutoConfiguration$JacksonObjectMapperConfiguration'
2023-11-15T17:20:11.036+05:30 DEBUG 7395 --- [           main] o.s.b.f.s.DefaultListableBeanFactory     : Creating shared instance of singleton bean 'org.springframework.boot.autoconfigure.jackson.JacksonAutoConfiguration$JacksonObjectMapperBuilderConfiguration'
2023-11-15T17:20:11.036+05:30 DEBUG 7395 --- [           main] o.s.b.f.s.DefaultListableBeanFactory     : Creating shared instance of singleton bean 'standardJacksonObjectMapperBuilderCustomizer'
2023-11-15T17:20:11.036+05:30 DEBUG 7395 --- [           main] o.s.b.f.s.DefaultListableBeanFactory     : Creating shared instance of singleton bean 'org.springframework.boot.autoconfigure.jackson.JacksonAutoConfiguration$Jackson2ObjectMapperBuilderCustomizerConfiguration'
2023-11-15T17:20:11.037+05:30 DEBUG 7395 --- [           main] o.s.b.f.s.DefaultListableBeanFactory     : Creating shared instance of singleton bean 'spring.jackson-org.springframework.boot.autoconfigure.jackson.JacksonProperties'
2023-11-15T17:20:11.038+05:30 DEBUG 7395 --- [           main] o.s.b.f.s.DefaultListableBeanFactory     : Autowiring by type from bean name 'standardJacksonObjectMapperBuilderCustomizer' via factory method to bean named 'spring.jackson-org.springframework.boot.autoconfigure.jackson.JacksonProperties'
2023-11-15T17:20:11.039+05:30 DEBUG 7395 --- [           main] o.s.b.f.s.DefaultListableBeanFactory     : Creating shared instance of singleton bean 'parameterNamesModule'
2023-11-15T17:20:11.039+05:30 DEBUG 7395 --- [           main] o.s.b.f.s.DefaultListableBeanFactory     : Creating shared instance of singleton bean 'org.springframework.boot.autoconfigure.jackson.JacksonAutoConfiguration$ParameterNamesModuleConfiguration'
2023-11-15T17:20:11.041+05:30 DEBUG 7395 --- [           main] o.s.b.f.s.DefaultListableBeanFactory     : Creating shared instance of singleton bean 'jsonMixinModule'
2023-11-15T17:20:11.041+05:30 DEBUG 7395 --- [           main] o.s.b.f.s.DefaultListableBeanFactory     : Creating shared instance of singleton bean 'org.springframework.boot.autoconfigure.jackson.JacksonAutoConfiguration$JacksonMixinConfiguration'
2023-11-15T17:20:11.042+05:30 DEBUG 7395 --- [           main] o.s.b.f.s.DefaultListableBeanFactory     : Creating shared instance of singleton bean 'jsonMixinModuleEntries'
2023-11-15T17:20:11.042+05:30 DEBUG 7395 --- [           main] o.s.b.f.s.DefaultListableBeanFactory     : Autowiring by type from bean name 'jsonMixinModuleEntries' via factory method to bean named 'org.springframework.web.context.support.GenericWebApplicationContext@37cd92d6'
2023-11-15T17:20:11.042+05:30 DEBUG 7395 --- [           main] o.s.b.a.AutoConfigurationPackages        : @EnableAutoConfiguration was declared on a class in the package 'com.ecommerce.admin'. Automatic @Repository and @Entity scanning is enabled.
2023-11-15T17:20:11.045+05:30 DEBUG 7395 --- [           main] o.s.b.f.s.DefaultListableBeanFactory     : Autowiring by type from bean name 'jsonMixinModule' via factory method to bean named 'org.springframework.web.context.support.GenericWebApplicationContext@37cd92d6'
2023-11-15T17:20:11.045+05:30 DEBUG 7395 --- [           main] o.s.b.f.s.DefaultListableBeanFactory     : Autowiring by type from bean name 'jsonMixinModule' via factory method to bean named 'jsonMixinModuleEntries'
2023-11-15T17:20:11.046+05:30 DEBUG 7395 --- [           main] o.s.b.f.s.DefaultListableBeanFactory     : Creating shared instance of singleton bean 'jsonComponentModule'
2023-11-15T17:20:11.046+05:30 DEBUG 7395 --- [           main] o.s.b.f.s.DefaultListableBeanFactory     : Creating shared instance of singleton bean 'org.springframework.boot.autoconfigure.jackson.JacksonAutoConfiguration'
2023-11-15T17:20:11.049+05:30 DEBUG 7395 --- [           main] o.s.b.f.s.DefaultListableBeanFactory     : Creating shared instance of singleton bean 'jacksonGeoModule'
2023-11-15T17:20:11.049+05:30 DEBUG 7395 --- [           main] o.s.b.f.s.DefaultListableBeanFactory     : Creating shared instance of singleton bean 'org.springframework.data.web.config.SpringDataJacksonConfiguration'
2023-11-15T17:20:11.052+05:30 DEBUG 7395 --- [           main] o.s.b.f.s.DefaultListableBeanFactory     : Autowiring by type from bean name 'jacksonObjectMapperBuilder' via factory method to bean named 'org.springframework.web.context.support.GenericWebApplicationContext@37cd92d6'
2023-11-15T17:20:11.052+05:30 DEBUG 7395 --- [           main] o.s.b.f.s.DefaultListableBeanFactory     : Autowiring by type from bean name 'jacksonObjectMapperBuilder' via factory method to bean named 'standardJacksonObjectMapperBuilderCustomizer'
2023-11-15T17:20:11.053+05:30 DEBUG 7395 --- [           main] o.s.b.f.s.DefaultListableBeanFactory     : Autowiring by type from bean name 'jacksonObjectMapper' via factory method to bean named 'jacksonObjectMapperBuilder'
2023-11-15T17:20:11.064+05:30 DEBUG 7395 --- [           main] o.s.b.f.s.DefaultListableBeanFactory     : Autowiring by type from bean name 'mappingJackson2HttpMessageConverter' via factory method to bean named 'jacksonObjectMapper'
2023-11-15T17:20:11.088+05:30 DEBUG 7395 --- [           main] o.s.b.f.s.DefaultListableBeanFactory     : Creating shared instance of singleton bean 'sortResolver'
2023-11-15T17:20:11.089+05:30 DEBUG 7395 --- [           main] o.s.b.f.s.DefaultListableBeanFactory     : Creating shared instance of singleton bean 'sortCustomizer'
2023-11-15T17:20:11.089+05:30 DEBUG 7395 --- [           main] o.s.b.f.s.DefaultListableBeanFactory     : Creating shared instance of singleton bean 'org.springframework.boot.autoconfigure.data.web.SpringDataWebAutoConfiguration'
2023-11-15T17:20:11.089+05:30 DEBUG 7395 --- [           main] o.s.b.f.s.DefaultListableBeanFactory     : Creating shared instance of singleton bean 'spring.data.web-org.springframework.boot.autoconfigure.data.web.SpringDataWebProperties'
2023-11-15T17:20:11.090+05:30 DEBUG 7395 --- [           main] o.s.b.f.s.DefaultListableBeanFactory     : Autowiring by type from bean name 'org.springframework.boot.autoconfigure.data.web.SpringDataWebAutoConfiguration' via constructor to bean named 'spring.data.web-org.springframework.boot.autoconfigure.data.web.SpringDataWebProperties'
2023-11-15T17:20:11.091+05:30 DEBUG 7395 --- [           main] o.s.b.f.s.DefaultListableBeanFactory     : Creating shared instance of singleton bean 'pageableResolver'
2023-11-15T17:20:11.092+05:30 DEBUG 7395 --- [           main] o.s.b.f.s.DefaultListableBeanFactory     : Creating shared instance of singleton bean 'pageableCustomizer'
2023-11-15T17:20:11.094+05:30 DEBUG 7395 --- [           main] o.s.b.f.s.DefaultListableBeanFactory     : Creating shared instance of singleton bean 'applicationTaskExecutor'
2023-11-15T17:20:11.094+05:30 DEBUG 7395 --- [           main] o.s.b.f.s.DefaultListableBeanFactory     : Autowiring by type from bean name 'applicationTaskExecutor' via factory method to bean named 'taskExecutorBuilder'
2023-11-15T17:20:11.097+05:30 DEBUG 7395 --- [           main] o.s.s.concurrent.ThreadPoolTaskExecutor  : Initializing ExecutorService 'applicationTaskExecutor'
2023-11-15T17:20:11.106+05:30 DEBUG 7395 --- [           main] s.w.s.m.m.a.RequestMappingHandlerAdapter : ControllerAdvice beans: 0 @ModelAttribute, 0 @InitBinder, 1 RequestBodyAdvice, 1 ResponseBodyAdvice
2023-11-15T17:20:11.119+05:30 DEBUG 7395 --- [           main] o.s.b.f.s.DefaultListableBeanFactory     : Creating shared instance of singleton bean 'welcomePageHandlerMapping'
2023-11-15T17:20:11.120+05:30 DEBUG 7395 --- [           main] o.s.b.f.s.DefaultListableBeanFactory     : Creating shared instance of singleton bean 'mvcResourceUrlProvider'
2023-11-15T17:20:11.120+05:30 DEBUG 7395 --- [           main] o.s.b.f.s.DefaultListableBeanFactory     : Autowiring by type from bean name 'welcomePageHandlerMapping' via factory method to bean named 'org.springframework.web.context.support.GenericWebApplicationContext@37cd92d6'
2023-11-15T17:20:11.121+05:30 DEBUG 7395 --- [           main] o.s.b.f.s.DefaultListableBeanFactory     : Autowiring by type from bean name 'welcomePageHandlerMapping' via factory method to bean named 'mvcConversionService'
2023-11-15T17:20:11.121+05:30 DEBUG 7395 --- [           main] o.s.b.f.s.DefaultListableBeanFactory     : Autowiring by type from bean name 'welcomePageHandlerMapping' via factory method to bean named 'mvcResourceUrlProvider'
2023-11-15T17:20:11.130+05:30 DEBUG 7395 --- [           main] o.s.b.f.s.DefaultListableBeanFactory     : Creating shared instance of singleton bean 'welcomePageNotAcceptableHandlerMapping'
2023-11-15T17:20:11.130+05:30 DEBUG 7395 --- [           main] o.s.b.f.s.DefaultListableBeanFactory     : Autowiring by type from bean name 'welcomePageNotAcceptableHandlerMapping' via factory method to bean named 'org.springframework.web.context.support.GenericWebApplicationContext@37cd92d6'
2023-11-15T17:20:11.130+05:30 DEBUG 7395 --- [           main] o.s.b.f.s.DefaultListableBeanFactory     : Autowiring by type from bean name 'welcomePageNotAcceptableHandlerMapping' via factory method to bean named 'mvcConversionService'
2023-11-15T17:20:11.130+05:30 DEBUG 7395 --- [           main] o.s.b.f.s.DefaultListableBeanFactory     : Autowiring by type from bean name 'welcomePageNotAcceptableHandlerMapping' via factory method to bean named 'mvcResourceUrlProvider'
2023-11-15T17:20:11.132+05:30 DEBUG 7395 --- [           main] o.s.b.f.s.DefaultListableBeanFactory     : Creating shared instance of singleton bean 'localeResolver'
2023-11-15T17:20:11.133+05:30 DEBUG 7395 --- [           main] o.s.b.f.s.DefaultListableBeanFactory     : Creating shared instance of singleton bean 'themeResolver'
2023-11-15T17:20:11.134+05:30 DEBUG 7395 --- [           main] o.s.b.f.s.DefaultListableBeanFactory     : Creating shared instance of singleton bean 'flashMapManager'
2023-11-15T17:20:11.135+05:30 DEBUG 7395 --- [           main] o.s.b.f.s.DefaultListableBeanFactory     : Creating shared instance of singleton bean 'requestMappingHandlerMapping'
2023-11-15T17:20:11.136+05:30 DEBUG 7395 --- [           main] o.s.b.f.s.DefaultListableBeanFactory     : Autowiring by type from bean name 'requestMappingHandlerMapping' via factory method to bean named 'mvcContentNegotiationManager'
2023-11-15T17:20:11.136+05:30 DEBUG 7395 --- [           main] o.s.b.f.s.DefaultListableBeanFactory     : Autowiring by type from bean name 'requestMappingHandlerMapping' via factory method to bean named 'mvcConversionService'
2023-11-15T17:20:11.136+05:30 DEBUG 7395 --- [           main] o.s.b.f.s.DefaultListableBeanFactory     : Autowiring by type from bean name 'requestMappingHandlerMapping' via factory method to bean named 'mvcResourceUrlProvider'
2023-11-15T17:20:11.163+05:30 DEBUG 7395 --- [           main] s.w.s.m.m.a.RequestMappingHandlerMapping : 45 mappings in 'requestMappingHandlerMapping'
2023-11-15T17:20:11.165+05:30 DEBUG 7395 --- [           main] o.s.b.f.s.DefaultListableBeanFactory     : Creating shared instance of singleton bean 'mvcPatternParser'
2023-11-15T17:20:11.165+05:30 DEBUG 7395 --- [           main] o.s.b.f.s.DefaultListableBeanFactory     : Creating shared instance of singleton bean 'mvcUrlPathHelper'
2023-11-15T17:20:11.166+05:30 DEBUG 7395 --- [           main] o.s.b.f.s.DefaultListableBeanFactory     : Creating shared instance of singleton bean 'mvcPathMatcher'
2023-11-15T17:20:11.166+05:30 DEBUG 7395 --- [           main] o.s.b.f.s.DefaultListableBeanFactory     : Creating shared instance of singleton bean 'viewControllerHandlerMapping'
2023-11-15T17:20:11.166+05:30 DEBUG 7395 --- [           main] o.s.b.f.s.DefaultListableBeanFactory     : Autowiring by type from bean name 'viewControllerHandlerMapping' via factory method to bean named 'mvcConversionService'
2023-11-15T17:20:11.166+05:30 DEBUG 7395 --- [           main] o.s.b.f.s.DefaultListableBeanFactory     : Autowiring by type from bean name 'viewControllerHandlerMapping' via factory method to bean named 'mvcResourceUrlProvider'
2023-11-15T17:20:11.167+05:30 DEBUG 7395 --- [           main] o.s.b.f.s.DefaultListableBeanFactory     : Creating shared instance of singleton bean 'beanNameHandlerMapping'
2023-11-15T17:20:11.167+05:30 DEBUG 7395 --- [           main] o.s.b.f.s.DefaultListableBeanFactory     : Autowiring by type from bean name 'beanNameHandlerMapping' via factory method to bean named 'mvcConversionService'
2023-11-15T17:20:11.167+05:30 DEBUG 7395 --- [           main] o.s.b.f.s.DefaultListableBeanFactory     : Autowiring by type from bean name 'beanNameHandlerMapping' via factory method to bean named 'mvcResourceUrlProvider'
2023-11-15T17:20:11.169+05:30 DEBUG 7395 --- [           main] o.s.b.f.s.DefaultListableBeanFactory     : Creating shared instance of singleton bean 'routerFunctionMapping'
2023-11-15T17:20:11.169+05:30 DEBUG 7395 --- [           main] o.s.b.f.s.DefaultListableBeanFactory     : Autowiring by type from bean name 'routerFunctionMapping' via factory method to bean named 'mvcConversionService'
2023-11-15T17:20:11.169+05:30 DEBUG 7395 --- [           main] o.s.b.f.s.DefaultListableBeanFactory     : Autowiring by type from bean name 'routerFunctionMapping' via factory method to bean named 'mvcResourceUrlProvider'
2023-11-15T17:20:11.172+05:30 DEBUG 7395 --- [           main] o.s.b.f.s.DefaultListableBeanFactory     : Creating shared instance of singleton bean 'resourceHandlerMapping'
2023-11-15T17:20:11.172+05:30 DEBUG 7395 --- [           main] o.s.b.f.s.DefaultListableBeanFactory     : Autowiring by type from bean name 'resourceHandlerMapping' via factory method to bean named 'mvcContentNegotiationManager'
2023-11-15T17:20:11.172+05:30 DEBUG 7395 --- [           main] o.s.b.f.s.DefaultListableBeanFactory     : Autowiring by type from bean name 'resourceHandlerMapping' via factory method to bean named 'mvcConversionService'
2023-11-15T17:20:11.172+05:30 DEBUG 7395 --- [           main] o.s.b.f.s.DefaultListableBeanFactory     : Autowiring by type from bean name 'resourceHandlerMapping' via factory method to bean named 'mvcResourceUrlProvider'
2023-11-15T17:20:11.177+05:30 DEBUG 7395 --- [           main] o.s.w.s.handler.SimpleUrlHandlerMapping  : Patterns [/webjars/**, /**, /static/**] in 'resourceHandlerMapping'
2023-11-15T17:20:11.178+05:30 DEBUG 7395 --- [           main] o.s.b.f.s.DefaultListableBeanFactory     : Creating shared instance of singleton bean 'defaultServletHandlerMapping'
2023-11-15T17:20:11.178+05:30 DEBUG 7395 --- [           main] o.s.b.f.s.DefaultListableBeanFactory     : Creating shared instance of singleton bean 'handlerFunctionAdapter'
2023-11-15T17:20:11.179+05:30 DEBUG 7395 --- [           main] o.s.b.f.s.DefaultListableBeanFactory     : Creating shared instance of singleton bean 'mvcUriComponentsContributor'
2023-11-15T17:20:11.180+05:30 DEBUG 7395 --- [           main] o.s.b.f.s.DefaultListableBeanFactory     : Autowiring by type from bean name 'mvcUriComponentsContributor' via factory method to bean named 'mvcConversionService'
2023-11-15T17:20:11.180+05:30 DEBUG 7395 --- [           main] o.s.b.f.s.DefaultListableBeanFactory     : Autowiring by type from bean name 'mvcUriComponentsContributor' via factory method to bean named 'requestMappingHandlerAdapter'
2023-11-15T17:20:11.181+05:30 DEBUG 7395 --- [           main] o.s.b.f.s.DefaultListableBeanFactory     : Creating shared instance of singleton bean 'httpRequestHandlerAdapter'
2023-11-15T17:20:11.181+05:30 DEBUG 7395 --- [           main] o.s.b.f.s.DefaultListableBeanFactory     : Creating shared instance of singleton bean 'simpleControllerHandlerAdapter'
2023-11-15T17:20:11.181+05:30 DEBUG 7395 --- [           main] o.s.b.f.s.DefaultListableBeanFactory     : Creating shared instance of singleton bean 'handlerExceptionResolver'
2023-11-15T17:20:11.181+05:30 DEBUG 7395 --- [           main] o.s.b.f.s.DefaultListableBeanFactory     : Autowiring by type from bean name 'handlerExceptionResolver' via factory method to bean named 'mvcContentNegotiationManager'
2023-11-15T17:20:11.185+05:30 DEBUG 7395 --- [           main] .m.m.a.ExceptionHandlerExceptionResolver : ControllerAdvice beans: 5 @ExceptionHandler, 1 ResponseBodyAdvice
2023-11-15T17:20:11.186+05:30 DEBUG 7395 --- [           main] o.s.b.f.s.DefaultListableBeanFactory     : Creating shared instance of singleton bean 'mvcViewResolver'
2023-11-15T17:20:11.187+05:30 DEBUG 7395 --- [           main] o.s.b.f.s.DefaultListableBeanFactory     : Autowiring by type from bean name 'mvcViewResolver' via factory method to bean named 'mvcContentNegotiationManager'
2023-11-15T17:20:11.188+05:30 DEBUG 7395 --- [           main] o.s.b.f.s.DefaultListableBeanFactory     : Creating shared instance of singleton bean 'viewNameTranslator'
2023-11-15T17:20:11.189+05:30 DEBUG 7395 --- [           main] o.s.b.f.s.DefaultListableBeanFactory     : Creating shared instance of singleton bean 'defaultViewResolver'
2023-11-15T17:20:11.192+05:30 DEBUG 7395 --- [           main] o.s.b.f.s.DefaultListableBeanFactory     : Creating shared instance of singleton bean 'viewResolver'
2023-11-15T17:20:11.192+05:30 DEBUG 7395 --- [           main] o.s.b.f.s.DefaultListableBeanFactory     : Autowiring by type from bean name 'viewResolver' via factory method to bean named 'org.springframework.beans.factory.support.DefaultListableBeanFactory@584f5497'
2023-11-15T17:20:11.193+05:30 DEBUG 7395 --- [           main] o.s.b.f.s.DefaultListableBeanFactory     : Creating shared instance of singleton bean 'viewResolver'
2023-11-15T17:20:11.193+05:30 DEBUG 7395 --- [           main] o.s.b.f.s.DefaultListableBeanFactory     : Creating shared instance of singleton bean 'thymeleafViewResolver'
2023-11-15T17:20:11.193+05:30 DEBUG 7395 --- [           main] o.s.b.f.s.DefaultListableBeanFactory     : Creating shared instance of singleton bean 'org.springframework.boot.autoconfigure.thymeleaf.ThymeleafAutoConfiguration$ThymeleafWebMvcConfiguration$ThymeleafViewResolverConfiguration'
2023-11-15T17:20:11.194+05:30 DEBUG 7395 --- [           main] o.s.b.f.s.DefaultListableBeanFactory     : Creating shared instance of singleton bean 'spring.thymeleaf-org.springframework.boot.autoconfigure.thymeleaf.ThymeleafProperties'
2023-11-15T17:20:11.196+05:30 DEBUG 7395 --- [           main] o.s.b.f.s.DefaultListableBeanFactory     : Creating shared instance of singleton bean 'templateEngine'
2023-11-15T17:20:11.196+05:30 DEBUG 7395 --- [           main] o.s.b.f.s.DefaultListableBeanFactory     : Creating shared instance of singleton bean 'org.springframework.boot.autoconfigure.thymeleaf.TemplateEngineConfigurations$DefaultTemplateEngineConfiguration'
2023-11-15T17:20:11.196+05:30 DEBUG 7395 --- [           main] o.s.b.f.s.DefaultListableBeanFactory     : Autowiring by type from bean name 'templateEngine' via factory method to bean named 'spring.thymeleaf-org.springframework.boot.autoconfigure.thymeleaf.ThymeleafProperties'
2023-11-15T17:20:11.202+05:30 DEBUG 7395 --- [           main] o.s.b.f.s.DefaultListableBeanFactory     : Creating shared instance of singleton bean 'defaultTemplateResolver'
2023-11-15T17:20:11.203+05:30 DEBUG 7395 --- [           main] o.s.b.f.s.DefaultListableBeanFactory     : Creating shared instance of singleton bean 'org.springframework.boot.autoconfigure.thymeleaf.ThymeleafAutoConfiguration$DefaultTemplateResolverConfiguration'
2023-11-15T17:20:11.203+05:30 DEBUG 7395 --- [           main] o.s.b.f.s.DefaultListableBeanFactory     : Autowiring by type from bean name 'org.springframework.boot.autoconfigure.thymeleaf.ThymeleafAutoConfiguration$DefaultTemplateResolverConfiguration' via constructor to bean named 'spring.thymeleaf-org.springframework.boot.autoconfigure.thymeleaf.ThymeleafProperties'
2023-11-15T17:20:11.203+05:30 DEBUG 7395 --- [           main] o.s.b.f.s.DefaultListableBeanFactory     : Autowiring by type from bean name 'org.springframework.boot.autoconfigure.thymeleaf.ThymeleafAutoConfiguration$DefaultTemplateResolverConfiguration' via constructor to bean named 'org.springframework.web.context.support.GenericWebApplicationContext@37cd92d6'
2023-11-15T17:20:11.205+05:30 DEBUG 7395 --- [           main] o.s.b.f.s.DefaultListableBeanFactory     : Creating shared instance of singleton bean 'securityDialect'
2023-11-15T17:20:11.205+05:30 DEBUG 7395 --- [           main] o.s.b.f.s.DefaultListableBeanFactory     : Creating shared instance of singleton bean 'org.springframework.boot.autoconfigure.thymeleaf.ThymeleafAutoConfiguration$ThymeleafSecurityDialectConfiguration'
2023-11-15T17:20:11.207+05:30 DEBUG 7395 --- [           main] o.s.b.f.s.DefaultListableBeanFactory     : Autowiring by type from bean name 'thymeleafViewResolver' via factory method to bean named 'spring.thymeleaf-org.springframework.boot.autoconfigure.thymeleaf.ThymeleafProperties'
2023-11-15T17:20:11.207+05:30 DEBUG 7395 --- [           main] o.s.b.f.s.DefaultListableBeanFactory     : Autowiring by type from bean name 'thymeleafViewResolver' via factory method to bean named 'templateEngine'
2023-11-15T17:20:11.210+05:30 DEBUG 7395 --- [           main] o.s.b.f.s.DefaultListableBeanFactory     : Creating shared instance of singleton bean 'requestContextFilter'
2023-11-15T17:20:11.211+05:30 DEBUG 7395 --- [           main] o.s.b.f.s.DefaultListableBeanFactory     : Creating shared instance of singleton bean 'org.springframework.boot.autoconfigure.web.servlet.WebMvcAutoConfiguration'
2023-11-15T17:20:11.212+05:30 DEBUG 7395 --- [           main] o.s.b.f.s.DefaultListableBeanFactory     : Creating shared instance of singleton bean 'formContentFilter'
2023-11-15T17:20:11.213+05:30 DEBUG 7395 --- [           main] o.s.b.f.s.DefaultListableBeanFactory     : Creating shared instance of singleton bean 'org.springframework.boot.autoconfigure.aop.AopAutoConfiguration$AspectJAutoProxyingConfiguration$CglibAutoProxyConfiguration'
2023-11-15T17:20:11.213+05:30 DEBUG 7395 --- [           main] o.s.b.f.s.DefaultListableBeanFactory     : Creating shared instance of singleton bean 'org.springframework.boot.autoconfigure.aop.AopAutoConfiguration$AspectJAutoProxyingConfiguration'
2023-11-15T17:20:11.213+05:30 DEBUG 7395 --- [           main] o.s.b.f.s.DefaultListableBeanFactory     : Creating shared instance of singleton bean 'org.springframework.boot.autoconfigure.aop.AopAutoConfiguration'
2023-11-15T17:20:11.214+05:30 DEBUG 7395 --- [           main] o.s.b.f.s.DefaultListableBeanFactory     : Creating shared instance of singleton bean 'org.springframework.boot.autoconfigure.availability.ApplicationAvailabilityAutoConfiguration'
2023-11-15T17:20:11.214+05:30 DEBUG 7395 --- [           main] o.s.b.f.s.DefaultListableBeanFactory     : Creating shared instance of singleton bean 'applicationAvailability'
2023-11-15T17:20:11.215+05:30 DEBUG 7395 --- [           main] o.s.b.f.s.DefaultListableBeanFactory     : Creating shared instance of singleton bean 'org.springframework.boot.autoconfigure.transaction.jta.JtaAutoConfiguration'
2023-11-15T17:20:11.215+05:30 DEBUG 7395 --- [           main] o.s.b.f.s.DefaultListableBeanFactory     : Creating shared instance of singleton bean 'org.springframework.boot.autoconfigure.jdbc.metadata.DataSourcePoolMetadataProvidersConfiguration'
2023-11-15T17:20:11.215+05:30 DEBUG 7395 --- [           main] o.s.b.f.s.DefaultListableBeanFactory     : Creating shared instance of singleton bean 'org.springframework.boot.autoconfigure.jdbc.DataSourceAutoConfiguration'
2023-11-15T17:20:11.215+05:30 DEBUG 7395 --- [           main] o.s.b.f.s.DefaultListableBeanFactory     : Creating shared instance of singleton bean 'org.springframework.boot.autoconfigure.orm.jpa.JpaBaseConfiguration$PersistenceManagedTypesConfiguration'
2023-11-15T17:20:11.215+05:30 DEBUG 7395 --- [           main] o.s.b.f.s.DefaultListableBeanFactory     : Creating shared instance of singleton bean 'transactionManager'
2023-11-15T17:20:11.217+05:30 DEBUG 7395 --- [           main] o.s.b.f.s.DefaultListableBeanFactory     : Creating shared instance of singleton bean 'platformTransactionManagerCustomizers'
2023-11-15T17:20:11.217+05:30 DEBUG 7395 --- [           main] o.s.b.f.s.DefaultListableBeanFactory     : Creating shared instance of singleton bean 'org.springframework.boot.autoconfigure.transaction.TransactionAutoConfiguration'
2023-11-15T17:20:11.217+05:30 DEBUG 7395 --- [           main] o.s.b.f.s.DefaultListableBeanFactory     : Creating shared instance of singleton bean 'spring.transaction-org.springframework.boot.autoconfigure.transaction.TransactionProperties'
2023-11-15T17:20:11.221+05:30 DEBUG 7395 --- [           main] o.s.b.f.s.DefaultListableBeanFactory     : Creating shared instance of singleton bean 'org.springframework.boot.autoconfigure.orm.jpa.HibernateJpaAutoConfiguration'
2023-11-15T17:20:11.221+05:30 DEBUG 7395 --- [           main] o.s.b.f.s.DefaultListableBeanFactory     : Creating shared instance of singleton bean 'org.springframework.boot.autoconfigure.context.ConfigurationPropertiesAutoConfiguration'
2023-11-15T17:20:11.221+05:30 DEBUG 7395 --- [           main] o.s.b.f.s.DefaultListableBeanFactory     : Creating shared instance of singleton bean 'org.springframework.boot.autoconfigure.context.LifecycleAutoConfiguration'
2023-11-15T17:20:11.221+05:30 DEBUG 7395 --- [           main] o.s.b.f.s.DefaultListableBeanFactory     : Creating shared instance of singleton bean 'lifecycleProcessor'
2023-11-15T17:20:11.221+05:30 DEBUG 7395 --- [           main] o.s.b.f.s.DefaultListableBeanFactory     : Creating shared instance of singleton bean 'spring.lifecycle-org.springframework.boot.autoconfigure.context.LifecycleProperties'
2023-11-15T17:20:11.222+05:30 DEBUG 7395 --- [           main] o.s.b.f.s.DefaultListableBeanFactory     : Autowiring by type from bean name 'lifecycleProcessor' via factory method to bean named 'spring.lifecycle-org.springframework.boot.autoconfigure.context.LifecycleProperties'
2023-11-15T17:20:11.222+05:30 DEBUG 7395 --- [           main] o.s.b.f.s.DefaultListableBeanFactory     : Creating shared instance of singleton bean 'org.springframework.boot.autoconfigure.dao.PersistenceExceptionTranslationAutoConfiguration'
2023-11-15T17:20:11.222+05:30 DEBUG 7395 --- [           main] o.s.b.f.s.DefaultListableBeanFactory     : Creating shared instance of singleton bean 'org.springframework.boot.autoconfigure.http.JacksonHttpMessageConvertersConfiguration'
2023-11-15T17:20:11.222+05:30 DEBUG 7395 --- [           main] o.s.b.f.s.DefaultListableBeanFactory     : Creating shared instance of singleton bean 'org.springframework.data.web.config.ProjectingArgumentResolverRegistrar'
2023-11-15T17:20:11.223+05:30 DEBUG 7395 --- [           main] o.s.b.f.s.DefaultListableBeanFactory     : Creating shared instance of singleton bean 'org.springframework.boot.autoconfigure.info.ProjectInfoAutoConfiguration'
2023-11-15T17:20:11.223+05:30 DEBUG 7395 --- [           main] o.s.b.f.s.DefaultListableBeanFactory     : Creating shared instance of singleton bean 'spring.info-org.springframework.boot.autoconfigure.info.ProjectInfoProperties'
2023-11-15T17:20:11.224+05:30 DEBUG 7395 --- [           main] o.s.b.f.s.DefaultListableBeanFactory     : Autowiring by type from bean name 'org.springframework.boot.autoconfigure.info.ProjectInfoAutoConfiguration' via constructor to bean named 'spring.info-org.springframework.boot.autoconfigure.info.ProjectInfoProperties'
2023-11-15T17:20:11.224+05:30 DEBUG 7395 --- [           main] o.s.b.f.s.DefaultListableBeanFactory     : Creating shared instance of singleton bean 'org.springframework.boot.autoconfigure.jdbc.JdbcTemplateConfiguration'
2023-11-15T17:20:11.224+05:30 DEBUG 7395 --- [           main] o.s.b.f.s.DefaultListableBeanFactory     : Creating shared instance of singleton bean 'jdbcTemplate'
2023-11-15T17:20:11.224+05:30 DEBUG 7395 --- [           main] o.s.b.f.s.DefaultListableBeanFactory     : Creating shared instance of singleton bean 'spring.jdbc-org.springframework.boot.autoconfigure.jdbc.JdbcProperties'
2023-11-15T17:20:11.225+05:30 DEBUG 7395 --- [           main] o.s.b.f.s.DefaultListableBeanFactory     : Autowiring by type from bean name 'jdbcTemplate' via factory method to bean named 'dataSource'
2023-11-15T17:20:11.225+05:30 DEBUG 7395 --- [           main] o.s.b.f.s.DefaultListableBeanFactory     : Autowiring by type from bean name 'jdbcTemplate' via factory method to bean named 'spring.jdbc-org.springframework.boot.autoconfigure.jdbc.JdbcProperties'
2023-11-15T17:20:11.230+05:30 DEBUG 7395 --- [           main] o.s.b.f.s.DefaultListableBeanFactory     : Creating shared instance of singleton bean 'org.springframework.boot.autoconfigure.jdbc.NamedParameterJdbcTemplateConfiguration'
2023-11-15T17:20:11.231+05:30 DEBUG 7395 --- [           main] o.s.b.f.s.DefaultListableBeanFactory     : Creating shared instance of singleton bean 'namedParameterJdbcTemplate'
2023-11-15T17:20:11.231+05:30 DEBUG 7395 --- [           main] o.s.b.f.s.DefaultListableBeanFactory     : Autowiring by type from bean name 'namedParameterJdbcTemplate' via factory method to bean named 'jdbcTemplate'
2023-11-15T17:20:11.233+05:30 DEBUG 7395 --- [           main] o.s.b.f.s.DefaultListableBeanFactory     : Creating shared instance of singleton bean 'org.springframework.boot.autoconfigure.jdbc.JdbcTemplateAutoConfiguration'
2023-11-15T17:20:11.234+05:30 DEBUG 7395 --- [           main] o.s.b.f.s.DefaultListableBeanFactory     : Creating shared instance of singleton bean 'org.springframework.boot.autoconfigure.security.oauth2.client.servlet.OAuth2ClientAutoConfiguration'
2023-11-15T17:20:11.234+05:30 DEBUG 7395 --- [           main] o.s.b.f.s.DefaultListableBeanFactory     : Creating shared instance of singleton bean 'org.springframework.boot.autoconfigure.security.servlet.SpringBootWebSecurityConfiguration'
2023-11-15T17:20:11.234+05:30 DEBUG 7395 --- [           main] o.s.b.f.s.DefaultListableBeanFactory     : Creating shared instance of singleton bean 'spring.security-org.springframework.boot.autoconfigure.security.SecurityProperties'
2023-11-15T17:20:11.234+05:30 DEBUG 7395 --- [           main] o.s.b.f.s.DefaultListableBeanFactory     : Creating shared instance of singleton bean 'org.springframework.boot.autoconfigure.security.servlet.SecurityFilterAutoConfiguration'
2023-11-15T17:20:11.235+05:30 DEBUG 7395 --- [           main] o.s.b.f.s.DefaultListableBeanFactory     : Creating shared instance of singleton bean 'securityFilterChainRegistration'
2023-11-15T17:20:11.235+05:30 DEBUG 7395 --- [           main] o.s.b.f.s.DefaultListableBeanFactory     : Autowiring by type from bean name 'securityFilterChainRegistration' via factory method to bean named 'spring.security-org.springframework.boot.autoconfigure.security.SecurityProperties'
2023-11-15T17:20:11.237+05:30 DEBUG 7395 --- [           main] o.s.b.f.s.DefaultListableBeanFactory     : Creating shared instance of singleton bean 'org.springframework.boot.autoconfigure.sql.init.SqlInitializationAutoConfiguration'
2023-11-15T17:20:11.237+05:30 DEBUG 7395 --- [           main] o.s.b.f.s.DefaultListableBeanFactory     : Creating shared instance of singleton bean 'org.springframework.boot.autoconfigure.task.TaskSchedulingAutoConfiguration'
2023-11-15T17:20:11.237+05:30 DEBUG 7395 --- [           main] o.s.b.f.s.DefaultListableBeanFactory     : Creating shared instance of singleton bean 'taskSchedulerBuilder'
2023-11-15T17:20:11.238+05:30 DEBUG 7395 --- [           main] o.s.b.f.s.DefaultListableBeanFactory     : Creating shared instance of singleton bean 'spring.task.scheduling-org.springframework.boot.autoconfigure.task.TaskSchedulingProperties'
2023-11-15T17:20:11.238+05:30 DEBUG 7395 --- [           main] o.s.b.f.s.DefaultListableBeanFactory     : Autowiring by type from bean name 'taskSchedulerBuilder' via factory method to bean named 'spring.task.scheduling-org.springframework.boot.autoconfigure.task.TaskSchedulingProperties'
2023-11-15T17:20:11.239+05:30 DEBUG 7395 --- [           main] o.s.b.f.s.DefaultListableBeanFactory     : Creating shared instance of singleton bean 'org.springframework.boot.autoconfigure.thymeleaf.ThymeleafAutoConfiguration$ThymeleafWebMvcConfiguration'
2023-11-15T17:20:11.239+05:30 DEBUG 7395 --- [           main] o.s.b.f.s.DefaultListableBeanFactory     : Creating shared instance of singleton bean 'org.springframework.boot.autoconfigure.thymeleaf.ThymeleafAutoConfiguration'
2023-11-15T17:20:11.240+05:30 DEBUG 7395 --- [           main] o.s.b.f.s.DefaultListableBeanFactory     : Creating shared instance of singleton bean 'org.springframework.boot.autoconfigure.jdbc.DataSourceTransactionManagerAutoConfiguration$JdbcTransactionManagerConfiguration'
2023-11-15T17:20:11.240+05:30 DEBUG 7395 --- [           main] o.s.b.f.s.DefaultListableBeanFactory     : Creating shared instance of singleton bean 'org.springframework.boot.autoconfigure.jdbc.DataSourceTransactionManagerAutoConfiguration'
2023-11-15T17:20:11.240+05:30 DEBUG 7395 --- [           main] o.s.b.f.s.DefaultListableBeanFactory     : Creating shared instance of singleton bean 'org.springframework.boot.autoconfigure.transaction.TransactionAutoConfiguration$EnableTransactionManagementConfiguration$CglibAutoProxyConfiguration'
2023-11-15T17:20:11.240+05:30 DEBUG 7395 --- [           main] o.s.b.f.s.DefaultListableBeanFactory     : Creating shared instance of singleton bean 'org.springframework.boot.autoconfigure.transaction.TransactionAutoConfiguration$EnableTransactionManagementConfiguration'
2023-11-15T17:20:11.240+05:30 DEBUG 7395 --- [           main] o.s.b.f.s.DefaultListableBeanFactory     : Creating shared instance of singleton bean 'org.springframework.boot.autoconfigure.transaction.TransactionAutoConfiguration$TransactionTemplateConfiguration'
2023-11-15T17:20:11.240+05:30 DEBUG 7395 --- [           main] o.s.b.f.s.DefaultListableBeanFactory     : Creating shared instance of singleton bean 'transactionTemplate'
2023-11-15T17:20:11.240+05:30 DEBUG 7395 --- [           main] o.s.b.f.s.DefaultListableBeanFactory     : Autowiring by type from bean name 'transactionTemplate' via factory method to bean named 'transactionManager'
2023-11-15T17:20:11.241+05:30 DEBUG 7395 --- [           main] o.s.b.f.s.DefaultListableBeanFactory     : Creating shared instance of singleton bean 'org.springframework.boot.autoconfigure.web.client.RestTemplateAutoConfiguration'
2023-11-15T17:20:11.241+05:30 DEBUG 7395 --- [           main] o.s.b.f.s.DefaultListableBeanFactory     : Creating shared instance of singleton bean 'characterEncodingFilter'
2023-11-15T17:20:11.242+05:30 DEBUG 7395 --- [           main] o.s.b.f.s.DefaultListableBeanFactory     : Creating shared instance of singleton bean 'multipartResolver'
2023-11-15T17:20:11.252+05:30 DEBUG 7395 --- [           main] o.s.c.support.DefaultLifecycleProcessor  : Starting beans in phase -2147483647
2023-11-15T17:20:11.252+05:30 DEBUG 7395 --- [           main] o.s.c.support.DefaultLifecycleProcessor  : Successfully started bean 'springBootLoggingLifecycle'
2023-11-15T17:20:11.260+05:30 DEBUG 7395 --- [           main] .s.b.a.l.ConditionEvaluationReportLogger : 


============================
CONDITIONS EVALUATION REPORT
============================


Positive matches:
-----------------

   AopAutoConfiguration matched:
      - @ConditionalOnProperty (spring.aop.auto=true) matched (OnPropertyCondition)

   AopAutoConfiguration.AspectJAutoProxyingConfiguration matched:
      - @ConditionalOnClass found required class 'org.aspectj.weaver.Advice' (OnClassCondition)

   AopAutoConfiguration.AspectJAutoProxyingConfiguration.CglibAutoProxyConfiguration matched:
      - @ConditionalOnProperty (spring.aop.proxy-target-class=true) matched (OnPropertyCondition)

   ApplicationAvailabilityAutoConfiguration#applicationAvailability matched:
      - @ConditionalOnMissingBean (types: org.springframework.boot.availability.ApplicationAvailability; SearchStrategy: all) did not find any beans (OnBeanCondition)

   DataSourceAutoConfiguration matched:
      - @ConditionalOnClass found required classes 'javax.sql.DataSource', 'org.springframework.jdbc.datasource.embedded.EmbeddedDatabaseType' (OnClassCondition)
      - @ConditionalOnMissingBean (types: io.r2dbc.spi.ConnectionFactory; SearchStrategy: all) did not find any beans (OnBeanCondition)

   DataSourceAutoConfiguration.PooledDataSourceConfiguration matched:
      - AnyNestedCondition 1 matched 1 did not; NestedCondition on DataSourceAutoConfiguration.PooledDataSourceCondition.PooledDataSourceAvailable PooledDataSource found supported DataSource; NestedCondition on DataSourceAutoConfiguration.PooledDataSourceCondition.ExplicitType @ConditionalOnProperty (spring.datasource.type) did not find property 'type' (DataSourceAutoConfiguration.PooledDataSourceCondition)
      - @ConditionalOnMissingBean (types: javax.sql.DataSource,javax.sql.XADataSource; SearchStrategy: all) did not find any beans (OnBeanCondition)

   DataSourceAutoConfiguration.PooledDataSourceConfiguration#jdbcConnectionDetails matched:
      - @ConditionalOnMissingBean (types: org.springframework.boot.autoconfigure.jdbc.JdbcConnectionDetails; SearchStrategy: all) did not find any beans (OnBeanCondition)

   DataSourceConfiguration.Hikari matched:
      - @ConditionalOnClass found required class 'com.zaxxer.hikari.HikariDataSource' (OnClassCondition)
      - @ConditionalOnProperty (spring.datasource.type=com.zaxxer.hikari.HikariDataSource) matched (OnPropertyCondition)
      - @ConditionalOnMissingBean (types: javax.sql.DataSource; SearchStrategy: all) did not find any beans (OnBeanCondition)

   DataSourceInitializationConfiguration matched:
      - @ConditionalOnClass found required class 'org.springframework.jdbc.datasource.init.DatabasePopulator' (OnClassCondition)
      - @ConditionalOnSingleCandidate (types: javax.sql.DataSource; SearchStrategy: all) found a single bean 'dataSource'; @ConditionalOnMissingBean (types: org.springframework.boot.autoconfigure.sql.init.SqlDataSourceScriptDatabaseInitializer,org.springframework.boot.autoconfigure.sql.init.SqlR2dbcScriptDatabaseInitializer; SearchStrategy: all) did not find any beans (OnBeanCondition)

   DataSourcePoolMetadataProvidersConfiguration.HikariPoolDataSourceMetadataProviderConfiguration matched:
      - @ConditionalOnClass found required class 'com.zaxxer.hikari.HikariDataSource' (OnClassCondition)

   DataSourceTransactionManagerAutoConfiguration matched:
      - @ConditionalOnClass found required classes 'org.springframework.jdbc.core.JdbcTemplate', 'org.springframework.transaction.TransactionManager' (OnClassCondition)

   DataSourceTransactionManagerAutoConfiguration.JdbcTransactionManagerConfiguration matched:
      - @ConditionalOnSingleCandidate (types: javax.sql.DataSource; SearchStrategy: all) found a single bean 'dataSource' (OnBeanCondition)

   DispatcherServletAutoConfiguration matched:
      - @ConditionalOnClass found required class 'org.springframework.web.servlet.DispatcherServlet' (OnClassCondition)
      - found 'session' scope (OnWebApplicationCondition)

   DispatcherServletAutoConfiguration.DispatcherServletConfiguration matched:
      - @ConditionalOnClass found required class 'jakarta.servlet.ServletRegistration' (OnClassCondition)
      - Default DispatcherServlet did not find dispatcher servlet beans (DispatcherServletAutoConfiguration.DefaultDispatcherServletCondition)

   DispatcherServletAutoConfiguration.DispatcherServletRegistrationConfiguration matched:
      - @ConditionalOnClass found required class 'jakarta.servlet.ServletRegistration' (OnClassCondition)
      - DispatcherServlet Registration did not find servlet registration bean (DispatcherServletAutoConfiguration.DispatcherServletRegistrationCondition)

   DispatcherServletAutoConfiguration.DispatcherServletRegistrationConfiguration#dispatcherServletRegistration matched:
      - @ConditionalOnBean (names: dispatcherServlet types: org.springframework.web.servlet.DispatcherServlet; SearchStrategy: all) found bean 'dispatcherServlet' (OnBeanCondition)

   ErrorMvcAutoConfiguration matched:
      - @ConditionalOnClass found required classes 'jakarta.servlet.Servlet', 'org.springframework.web.servlet.DispatcherServlet' (OnClassCondition)
      - found 'session' scope (OnWebApplicationCondition)

   ErrorMvcAutoConfiguration#basicErrorController matched:
      - @ConditionalOnMissingBean (types: org.springframework.boot.web.servlet.error.ErrorController; SearchStrategy: current) did not find any beans (OnBeanCondition)

   ErrorMvcAutoConfiguration#errorAttributes matched:
      - @ConditionalOnMissingBean (types: org.springframework.boot.web.servlet.error.ErrorAttributes; SearchStrategy: current) did not find any beans (OnBeanCondition)

   ErrorMvcAutoConfiguration.DefaultErrorViewResolverConfiguration#conventionErrorViewResolver matched:
      - @ConditionalOnBean (types: org.springframework.web.servlet.DispatcherServlet; SearchStrategy: all) found bean 'dispatcherServlet'; @ConditionalOnMissingBean (types: org.springframework.boot.autoconfigure.web.servlet.error.ErrorViewResolver; SearchStrategy: all) did not find any beans (OnBeanCondition)

   ErrorMvcAutoConfiguration.WhitelabelErrorViewConfiguration matched:
      - @ConditionalOnProperty (server.error.whitelabel.enabled) matched (OnPropertyCondition)
      - ErrorTemplate Missing did not find error template view (ErrorMvcAutoConfiguration.ErrorTemplateMissingCondition)

   ErrorMvcAutoConfiguration.WhitelabelErrorViewConfiguration#beanNameViewResolver matched:
      - @ConditionalOnMissingBean (types: org.springframework.web.servlet.view.BeanNameViewResolver; SearchStrategy: all) did not find any beans (OnBeanCondition)

   ErrorMvcAutoConfiguration.WhitelabelErrorViewConfiguration#defaultErrorView matched:
      - @ConditionalOnMissingBean (names: error; SearchStrategy: all) did not find any beans (OnBeanCondition)

   GenericCacheConfiguration matched:
      - Cache org.springframework.boot.autoconfigure.cache.GenericCacheConfiguration automatic cache type (CacheCondition)

   HibernateJpaAutoConfiguration matched:
      - @ConditionalOnClass found required classes 'org.springframework.orm.jpa.LocalContainerEntityManagerFactoryBean', 'jakarta.persistence.EntityManager', 'org.hibernate.engine.spi.SessionImplementor' (OnClassCondition)

   HibernateJpaConfiguration matched:
      - @ConditionalOnSingleCandidate (types: javax.sql.DataSource; SearchStrategy: all) found a single bean 'dataSource' (OnBeanCondition)

   HttpEncodingAutoConfiguration matched:
      - @ConditionalOnClass found required class 'org.springframework.web.filter.CharacterEncodingFilter' (OnClassCondition)
      - found 'session' scope (OnWebApplicationCondition)
      - @ConditionalOnProperty (server.servlet.encoding.enabled) matched (OnPropertyCondition)

   HttpEncodingAutoConfiguration#characterEncodingFilter matched:
      - @ConditionalOnMissingBean (types: org.springframework.web.filter.CharacterEncodingFilter; SearchStrategy: all) did not find any beans (OnBeanCondition)

   HttpMessageConvertersAutoConfiguration matched:
      - @ConditionalOnClass found required class 'org.springframework.http.converter.HttpMessageConverter' (OnClassCondition)
      - NoneNestedConditions 0 matched 1 did not; NestedCondition on HttpMessageConvertersAutoConfiguration.NotReactiveWebApplicationCondition.ReactiveWebApplication did not find reactive web application classes (HttpMessageConvertersAutoConfiguration.NotReactiveWebApplicationCondition)

   HttpMessageConvertersAutoConfiguration#messageConverters matched:
      - @ConditionalOnMissingBean (types: org.springframework.boot.autoconfigure.http.HttpMessageConverters; SearchStrategy: all) did not find any beans (OnBeanCondition)

   HttpMessageConvertersAutoConfiguration.StringHttpMessageConverterConfiguration matched:
      - @ConditionalOnClass found required class 'org.springframework.http.converter.StringHttpMessageConverter' (OnClassCondition)

   HttpMessageConvertersAutoConfiguration.StringHttpMessageConverterConfiguration#stringHttpMessageConverter matched:
      - @ConditionalOnMissingBean (types: org.springframework.http.converter.StringHttpMessageConverter; SearchStrategy: all) did not find any beans (OnBeanCondition)

   JacksonAutoConfiguration matched:
      - @ConditionalOnClass found required class 'com.fasterxml.jackson.databind.ObjectMapper' (OnClassCondition)

   JacksonAutoConfiguration.Jackson2ObjectMapperBuilderCustomizerConfiguration matched:
      - @ConditionalOnClass found required class 'org.springframework.http.converter.json.Jackson2ObjectMapperBuilder' (OnClassCondition)

   JacksonAutoConfiguration.JacksonObjectMapperBuilderConfiguration matched:
      - @ConditionalOnClass found required class 'org.springframework.http.converter.json.Jackson2ObjectMapperBuilder' (OnClassCondition)

   JacksonAutoConfiguration.JacksonObjectMapperBuilderConfiguration#jacksonObjectMapperBuilder matched:
      - @ConditionalOnMissingBean (types: org.springframework.http.converter.json.Jackson2ObjectMapperBuilder; SearchStrategy: all) did not find any beans (OnBeanCondition)

   JacksonAutoConfiguration.JacksonObjectMapperConfiguration matched:
      - @ConditionalOnClass found required class 'org.springframework.http.converter.json.Jackson2ObjectMapperBuilder' (OnClassCondition)

   JacksonAutoConfiguration.JacksonObjectMapperConfiguration#jacksonObjectMapper matched:
      - @ConditionalOnMissingBean (types: com.fasterxml.jackson.databind.ObjectMapper; SearchStrategy: all) did not find any beans (OnBeanCondition)

   JacksonAutoConfiguration.ParameterNamesModuleConfiguration matched:
      - @ConditionalOnClass found required class 'com.fasterxml.jackson.module.paramnames.ParameterNamesModule' (OnClassCondition)

   JacksonAutoConfiguration.ParameterNamesModuleConfiguration#parameterNamesModule matched:
      - @ConditionalOnMissingBean (types: com.fasterxml.jackson.module.paramnames.ParameterNamesModule; SearchStrategy: all) did not find any beans (OnBeanCondition)

   JacksonHttpMessageConvertersConfiguration.MappingJackson2HttpMessageConverterConfiguration matched:
      - @ConditionalOnClass found required class 'com.fasterxml.jackson.databind.ObjectMapper' (OnClassCondition)
      - @ConditionalOnProperty (spring.mvc.converters.preferred-json-mapper=jackson) matched (OnPropertyCondition)
      - @ConditionalOnBean (types: com.fasterxml.jackson.databind.ObjectMapper; SearchStrategy: all) found bean 'jacksonObjectMapper' (OnBeanCondition)

   JacksonHttpMessageConvertersConfiguration.MappingJackson2HttpMessageConverterConfiguration#mappingJackson2HttpMessageConverter matched:
      - @ConditionalOnMissingBean (types: org.springframework.http.converter.json.MappingJackson2HttpMessageConverter ignored: org.springframework.hateoas.server.mvc.TypeConstrainedMappingJackson2HttpMessageConverter,org.springframework.data.rest.webmvc.alps.AlpsJsonHttpMessageConverter; SearchStrategy: all) did not find any beans (OnBeanCondition)

   JdbcTemplateAutoConfiguration matched:
      - @ConditionalOnClass found required classes 'javax.sql.DataSource', 'org.springframework.jdbc.core.JdbcTemplate' (OnClassCondition)
      - @ConditionalOnSingleCandidate (types: javax.sql.DataSource; SearchStrategy: all) found a single bean 'dataSource' (OnBeanCondition)

   JdbcTemplateConfiguration matched:
      - @ConditionalOnMissingBean (types: org.springframework.jdbc.core.JdbcOperations; SearchStrategy: all) did not find any beans (OnBeanCondition)

   JpaBaseConfiguration#entityManagerFactory matched:
      - @ConditionalOnMissingBean (types: org.springframework.orm.jpa.LocalContainerEntityManagerFactoryBean,jakarta.persistence.EntityManagerFactory; SearchStrategy: all) did not find any beans (OnBeanCondition)

   JpaBaseConfiguration#entityManagerFactoryBuilder matched:
      - @ConditionalOnMissingBean (types: org.springframework.boot.orm.jpa.EntityManagerFactoryBuilder; SearchStrategy: all) did not find any beans (OnBeanCondition)

   JpaBaseConfiguration#jpaVendorAdapter matched:
      - @ConditionalOnMissingBean (types: org.springframework.orm.jpa.JpaVendorAdapter; SearchStrategy: all) did not find any beans (OnBeanCondition)

   JpaBaseConfiguration#transactionManager matched:
      - @ConditionalOnMissingBean (types: org.springframework.transaction.TransactionManager; SearchStrategy: all) did not find any beans (OnBeanCondition)

   JpaBaseConfiguration.JpaWebConfiguration matched:
      - @ConditionalOnClass found required class 'org.springframework.web.servlet.config.annotation.WebMvcConfigurer' (OnClassCondition)
      - found 'session' scope (OnWebApplicationCondition)
      - @ConditionalOnProperty (spring.jpa.open-in-view=true) matched (OnPropertyCondition)
      - @ConditionalOnMissingBean (types: org.springframework.orm.jpa.support.OpenEntityManagerInViewInterceptor,org.springframework.orm.jpa.support.OpenEntityManagerInViewFilter; SearchStrategy: all) did not find any beans (OnBeanCondition)

   JpaBaseConfiguration.PersistenceManagedTypesConfiguration matched:
      - @ConditionalOnMissingBean (types: org.springframework.orm.jpa.LocalContainerEntityManagerFactoryBean,jakarta.persistence.EntityManagerFactory; SearchStrategy: all) did not find any beans (OnBeanCondition)

   JpaBaseConfiguration.PersistenceManagedTypesConfiguration#persistenceManagedTypes matched:
      - @ConditionalOnMissingBean (types: org.springframework.orm.jpa.persistenceunit.PersistenceManagedTypes; SearchStrategy: all) did not find any beans (OnBeanCondition)

   JtaAutoConfiguration matched:
      - @ConditionalOnClass found required class 'jakarta.transaction.Transaction' (OnClassCondition)
      - @ConditionalOnProperty (spring.jta.enabled) matched (OnPropertyCondition)

   LifecycleAutoConfiguration#defaultLifecycleProcessor matched:
      - @ConditionalOnMissingBean (names: lifecycleProcessor; SearchStrategy: current) did not find any beans (OnBeanCondition)

   MultipartAutoConfiguration matched:
      - @ConditionalOnClass found required classes 'jakarta.servlet.Servlet', 'org.springframework.web.multipart.support.StandardServletMultipartResolver', 'jakarta.servlet.MultipartConfigElement' (OnClassCondition)
      - found 'session' scope (OnWebApplicationCondition)
      - @ConditionalOnProperty (spring.servlet.multipart.enabled) matched (OnPropertyCondition)

   MultipartAutoConfiguration#multipartConfigElement matched:
      - @ConditionalOnMissingBean (types: jakarta.servlet.MultipartConfigElement; SearchStrategy: all) did not find any beans (OnBeanCondition)

   MultipartAutoConfiguration#multipartResolver matched:
      - @ConditionalOnMissingBean (types: org.springframework.web.multipart.MultipartResolver; SearchStrategy: all) did not find any beans (OnBeanCondition)

   NamedParameterJdbcTemplateConfiguration matched:
      - @ConditionalOnSingleCandidate (types: org.springframework.jdbc.core.JdbcTemplate; SearchStrategy: all) found a single bean 'jdbcTemplate'; @ConditionalOnMissingBean (types: org.springframework.jdbc.core.namedparam.NamedParameterJdbcOperations; SearchStrategy: all) did not find any beans (OnBeanCondition)

   NoOpCacheConfiguration matched:
      - Cache org.springframework.boot.autoconfigure.cache.NoOpCacheConfiguration automatic cache type (CacheCondition)

   OAuth2ClientAutoConfiguration matched:
      - @ConditionalOnClass found required classes 'org.springframework.security.config.annotation.web.configuration.EnableWebSecurity', 'org.springframework.security.oauth2.client.registration.ClientRegistration' (OnClassCondition)
      - found 'session' scope (OnWebApplicationCondition)

   PersistenceExceptionTranslationAutoConfiguration matched:
      - @ConditionalOnClass found required class 'org.springframework.dao.annotation.PersistenceExceptionTranslationPostProcessor' (OnClassCondition)

   PersistenceExceptionTranslationAutoConfiguration#persistenceExceptionTranslationPostProcessor matched:
      - @ConditionalOnProperty (spring.dao.exceptiontranslation.enabled) matched (OnPropertyCondition)
      - @ConditionalOnMissingBean (types: org.springframework.dao.annotation.PersistenceExceptionTranslationPostProcessor; SearchStrategy: all) did not find any beans (OnBeanCondition)

   PropertyPlaceholderAutoConfiguration#propertySourcesPlaceholderConfigurer matched:
      - @ConditionalOnMissingBean (types: org.springframework.context.support.PropertySourcesPlaceholderConfigurer; SearchStrategy: current) did not find any beans (OnBeanCondition)

   RestTemplateAutoConfiguration matched:
      - @ConditionalOnClass found required class 'org.springframework.web.client.RestTemplate' (OnClassCondition)
      - NoneNestedConditions 0 matched 1 did not; NestedCondition on RestTemplateAutoConfiguration.NotReactiveWebApplicationCondition.ReactiveWebApplication did not find reactive web application classes (RestTemplateAutoConfiguration.NotReactiveWebApplicationCondition)

   RestTemplateAutoConfiguration#restTemplateBuilder matched:
      - @ConditionalOnMissingBean (types: org.springframework.boot.web.client.RestTemplateBuilder; SearchStrategy: all) did not find any beans (OnBeanCondition)

   RestTemplateAutoConfiguration#restTemplateBuilderConfigurer matched:
      - @ConditionalOnMissingBean (types: org.springframework.boot.autoconfigure.web.client.RestTemplateBuilderConfigurer; SearchStrategy: all) did not find any beans (OnBeanCondition)

   SecurityAutoConfiguration matched:
      - @ConditionalOnClass found required class 'org.springframework.security.authentication.DefaultAuthenticationEventPublisher' (OnClassCondition)

   SecurityAutoConfiguration#authenticationEventPublisher matched:
      - @ConditionalOnMissingBean (types: org.springframework.security.authentication.AuthenticationEventPublisher; SearchStrategy: all) did not find any beans (OnBeanCondition)

   SecurityFilterAutoConfiguration matched:
      - @ConditionalOnClass found required classes 'org.springframework.security.web.context.AbstractSecurityWebApplicationInitializer', 'org.springframework.security.config.http.SessionCreationPolicy' (OnClassCondition)
      - found 'session' scope (OnWebApplicationCondition)

   SecurityFilterAutoConfiguration#securityFilterChainRegistration matched:
      - @ConditionalOnBean (names: springSecurityFilterChain; SearchStrategy: all) found bean 'springSecurityFilterChain' (OnBeanCondition)

   ServletWebServerFactoryAutoConfiguration matched:
      - @ConditionalOnClass found required class 'jakarta.servlet.ServletRequest' (OnClassCondition)
      - found 'session' scope (OnWebApplicationCondition)

   ServletWebServerFactoryAutoConfiguration#tomcatServletWebServerFactoryCustomizer matched:
      - @ConditionalOnClass found required class 'org.apache.catalina.startup.Tomcat' (OnClassCondition)

   ServletWebServerFactoryConfiguration.EmbeddedTomcat matched:
      - @ConditionalOnClass found required classes 'jakarta.servlet.Servlet', 'org.apache.catalina.startup.Tomcat', 'org.apache.coyote.UpgradeProtocol' (OnClassCondition)
      - @ConditionalOnMissingBean (types: org.springframework.boot.web.servlet.server.ServletWebServerFactory; SearchStrategy: current) did not find any beans (OnBeanCondition)

   SimpleCacheConfiguration matched:
      - Cache org.springframework.boot.autoconfigure.cache.SimpleCacheConfiguration automatic cache type (CacheCondition)

   SpringBootWebSecurityConfiguration matched:
      - found 'session' scope (OnWebApplicationCondition)

   SpringDataWebAutoConfiguration matched:
      - @ConditionalOnClass found required classes 'org.springframework.data.web.PageableHandlerMethodArgumentResolver', 'org.springframework.web.servlet.config.annotation.WebMvcConfigurer' (OnClassCondition)
      - found 'session' scope (OnWebApplicationCondition)
      - @ConditionalOnMissingBean (types: org.springframework.data.web.PageableHandlerMethodArgumentResolver; SearchStrategy: all) did not find any beans (OnBeanCondition)

   SpringDataWebAutoConfiguration#pageableCustomizer matched:
      - @ConditionalOnMissingBean (types: org.springframework.data.web.config.PageableHandlerMethodArgumentResolverCustomizer; SearchStrategy: all) did not find any beans (OnBeanCondition)

   SpringDataWebAutoConfiguration#sortCustomizer matched:
      - @ConditionalOnMissingBean (types: org.springframework.data.web.config.SortHandlerMethodArgumentResolverCustomizer; SearchStrategy: all) did not find any beans (OnBeanCondition)

   SqlInitializationAutoConfiguration matched:
      - @ConditionalOnProperty (spring.sql.init.enabled) matched (OnPropertyCondition)
      - NoneNestedConditions 0 matched 1 did not; NestedCondition on SqlInitializationAutoConfiguration.SqlInitializationModeCondition.ModeIsNever @ConditionalOnProperty (spring.sql.init.mode=never) did not find property 'mode' (SqlInitializationAutoConfiguration.SqlInitializationModeCondition)

   SslAutoConfiguration#sslBundleRegistry matched:
      - @ConditionalOnMissingBean (types: org.springframework.boot.ssl.SslBundleRegistry,org.springframework.boot.ssl.SslBundles; SearchStrategy: all) did not find any beans (OnBeanCondition)

   TaskExecutionAutoConfiguration matched:
      - @ConditionalOnClass found required class 'org.springframework.scheduling.concurrent.ThreadPoolTaskExecutor' (OnClassCondition)

   TaskExecutionAutoConfiguration#applicationTaskExecutor matched:
      - @ConditionalOnMissingBean (types: java.util.concurrent.Executor; SearchStrategy: all) did not find any beans (OnBeanCondition)

   TaskExecutionAutoConfiguration#taskExecutorBuilder matched:
      - @ConditionalOnMissingBean (types: org.springframework.boot.task.TaskExecutorBuilder; SearchStrategy: all) did not find any beans (OnBeanCondition)

   TaskSchedulingAutoConfiguration matched:
      - @ConditionalOnClass found required class 'org.springframework.scheduling.concurrent.ThreadPoolTaskScheduler' (OnClassCondition)

   TaskSchedulingAutoConfiguration#taskSchedulerBuilder matched:
      - @ConditionalOnMissingBean (types: org.springframework.boot.task.TaskSchedulerBuilder; SearchStrategy: all) did not find any beans (OnBeanCondition)

   TemplateEngineConfigurations.DefaultTemplateEngineConfiguration#templateEngine matched:
      - @ConditionalOnMissingBean (types: org.thymeleaf.spring6.ISpringTemplateEngine; SearchStrategy: all) did not find any beans (OnBeanCondition)

   ThymeleafAutoConfiguration matched:
      - @ConditionalOnClass found required classes 'org.thymeleaf.templatemode.TemplateMode', 'org.thymeleaf.spring6.SpringTemplateEngine' (OnClassCondition)

   ThymeleafAutoConfiguration.DefaultTemplateResolverConfiguration matched:
      - @ConditionalOnMissingBean (names: defaultTemplateResolver; SearchStrategy: all) did not find any beans (OnBeanCondition)

   ThymeleafAutoConfiguration.ThymeleafSecurityDialectConfiguration matched:
      - @ConditionalOnClass found required classes 'org.thymeleaf.extras.springsecurity6.dialect.SpringSecurityDialect', 'org.springframework.security.web.server.csrf.CsrfToken' (OnClassCondition)

   ThymeleafAutoConfiguration.ThymeleafSecurityDialectConfiguration#securityDialect matched:
      - @ConditionalOnMissingBean (types: org.thymeleaf.extras.springsecurity6.dialect.SpringSecurityDialect; SearchStrategy: all) did not find any beans (OnBeanCondition)

   ThymeleafAutoConfiguration.ThymeleafWebMvcConfiguration matched:
      - found 'session' scope (OnWebApplicationCondition)
      - @ConditionalOnProperty (spring.thymeleaf.enabled) matched (OnPropertyCondition)

   ThymeleafAutoConfiguration.ThymeleafWebMvcConfiguration.ThymeleafViewResolverConfiguration#thymeleafViewResolver matched:
      - @ConditionalOnMissingBean (names: thymeleafViewResolver; SearchStrategy: all) did not find any beans (OnBeanCondition)

   TransactionAutoConfiguration matched:
      - @ConditionalOnClass found required class 'org.springframework.transaction.PlatformTransactionManager' (OnClassCondition)

   TransactionAutoConfiguration#platformTransactionManagerCustomizers matched:
      - @ConditionalOnMissingBean (types: org.springframework.boot.autoconfigure.transaction.TransactionManagerCustomizers; SearchStrategy: all) did not find any beans (OnBeanCondition)

   TransactionAutoConfiguration.EnableTransactionManagementConfiguration matched:
      - @ConditionalOnBean (types: org.springframework.transaction.TransactionManager; SearchStrategy: all) found bean 'transactionManager'; @ConditionalOnMissingBean (types: org.springframework.transaction.annotation.AbstractTransactionManagementConfiguration; SearchStrategy: all) did not find any beans (OnBeanCondition)

   TransactionAutoConfiguration.EnableTransactionManagementConfiguration.CglibAutoProxyConfiguration matched:
      - @ConditionalOnProperty (spring.aop.proxy-target-class=true) matched (OnPropertyCondition)

   TransactionAutoConfiguration.TransactionTemplateConfiguration matched:
      - @ConditionalOnSingleCandidate (types: org.springframework.transaction.PlatformTransactionManager; SearchStrategy: all) found a single bean 'transactionManager' (OnBeanCondition)

   TransactionAutoConfiguration.TransactionTemplateConfiguration#transactionTemplate matched:
      - @ConditionalOnMissingBean (types: org.springframework.transaction.support.TransactionOperations; SearchStrategy: all) did not find any beans (OnBeanCondition)

   ValidationAutoConfiguration matched:
      - @ConditionalOnClass found required class 'jakarta.validation.executable.ExecutableValidator' (OnClassCondition)
      - @ConditionalOnResource found location classpath:META-INF/services/jakarta.validation.spi.ValidationProvider (OnResourceCondition)

   ValidationAutoConfiguration#defaultValidator matched:
      - @ConditionalOnMissingBean (types: jakarta.validation.Validator; SearchStrategy: all) did not find any beans (OnBeanCondition)

   ValidationAutoConfiguration#methodValidationPostProcessor matched:
      - @ConditionalOnMissingBean (types: org.springframework.validation.beanvalidation.MethodValidationPostProcessor; SearchStrategy: current) did not find any beans (OnBeanCondition)

   WebMvcAutoConfiguration matched:
      - @ConditionalOnClass found required classes 'jakarta.servlet.Servlet', 'org.springframework.web.servlet.DispatcherServlet', 'org.springframework.web.servlet.config.annotation.WebMvcConfigurer' (OnClassCondition)
      - found 'session' scope (OnWebApplicationCondition)
      - @ConditionalOnMissingBean (types: org.springframework.web.servlet.config.annotation.WebMvcConfigurationSupport; SearchStrategy: all) did not find any beans (OnBeanCondition)

   WebMvcAutoConfiguration#formContentFilter matched:
      - @ConditionalOnProperty (spring.mvc.formcontent.filter.enabled) matched (OnPropertyCondition)
      - @ConditionalOnMissingBean (types: org.springframework.web.filter.FormContentFilter; SearchStrategy: all) did not find any beans (OnBeanCondition)

   WebMvcAutoConfiguration.EnableWebMvcConfiguration#flashMapManager matched:
      - @ConditionalOnMissingBean (names: flashMapManager; SearchStrategy: all) did not find any beans (OnBeanCondition)

   WebMvcAutoConfiguration.EnableWebMvcConfiguration#localeResolver matched:
      - @ConditionalOnMissingBean (names: localeResolver; SearchStrategy: all) did not find any beans (OnBeanCondition)

   WebMvcAutoConfiguration.EnableWebMvcConfiguration#themeResolver matched:
      - @ConditionalOnMissingBean (names: themeResolver; SearchStrategy: all) did not find any beans (OnBeanCondition)

   WebMvcAutoConfiguration.WebMvcAutoConfigurationAdapter#defaultViewResolver matched:
      - @ConditionalOnMissingBean (types: org.springframework.web.servlet.view.InternalResourceViewResolver; SearchStrategy: all) did not find any beans (OnBeanCondition)

   WebMvcAutoConfiguration.WebMvcAutoConfigurationAdapter#requestContextFilter matched:
      - @ConditionalOnMissingBean (types: org.springframework.web.context.request.RequestContextListener,org.springframework.web.filter.RequestContextFilter; SearchStrategy: all) did not find any beans (OnBeanCondition)

   WebMvcAutoConfiguration.WebMvcAutoConfigurationAdapter#viewResolver matched:
      - @ConditionalOnBean (types: org.springframework.web.servlet.ViewResolver; SearchStrategy: all) found beans 'defaultViewResolver', 'beanNameViewResolver', 'mvcViewResolver'; @ConditionalOnMissingBean (names: viewResolver types: org.springframework.web.servlet.view.ContentNegotiatingViewResolver; SearchStrategy: all) did not find any beans (OnBeanCondition)

   WebSocketServletAutoConfiguration matched:
      - @ConditionalOnClass found required classes 'jakarta.servlet.Servlet', 'jakarta.websocket.server.ServerContainer' (OnClassCondition)
      - found 'session' scope (OnWebApplicationCondition)

   WebSocketServletAutoConfiguration.TomcatWebSocketConfiguration matched:
      - @ConditionalOnClass found required classes 'org.apache.catalina.startup.Tomcat', 'org.apache.tomcat.websocket.server.WsSci' (OnClassCondition)

   WebSocketServletAutoConfiguration.TomcatWebSocketConfiguration#websocketServletWebServerCustomizer matched:
      - @ConditionalOnMissingBean (names: websocketServletWebServerCustomizer; SearchStrategy: all) did not find any beans (OnBeanCondition)


Negative matches:
-----------------

   ActiveMQAutoConfiguration:
      Did not match:
         - @ConditionalOnClass did not find required class 'jakarta.jms.ConnectionFactory' (OnClassCondition)

   AopAutoConfiguration.AspectJAutoProxyingConfiguration.JdkDynamicAutoProxyConfiguration:
      Did not match:
         - @ConditionalOnProperty (spring.aop.proxy-target-class=false) did not find property 'proxy-target-class' (OnPropertyCondition)

   AopAutoConfiguration.ClassProxyingConfiguration:
      Did not match:
         - @ConditionalOnMissingClass found unwanted class 'org.aspectj.weaver.Advice' (OnClassCondition)

   ArtemisAutoConfiguration:
      Did not match:
         - @ConditionalOnClass did not find required class 'jakarta.jms.ConnectionFactory' (OnClassCondition)

   BatchAutoConfiguration:
      Did not match:
         - @ConditionalOnClass did not find required class 'org.springframework.batch.core.launch.JobLauncher' (OnClassCondition)

   Cache2kCacheConfiguration:
      Did not match:
         - @ConditionalOnClass did not find required class 'org.cache2k.Cache2kBuilder' (OnClassCondition)

   CacheAutoConfiguration:
      Did not match:
         - @ConditionalOnBean (types: org.springframework.cache.interceptor.CacheAspectSupport; SearchStrategy: all) did not find any beans of type org.springframework.cache.interceptor.CacheAspectSupport (OnBeanCondition)
      Matched:
         - @ConditionalOnClass found required class 'org.springframework.cache.CacheManager' (OnClassCondition)

   CacheAutoConfiguration.CacheManagerEntityManagerFactoryDependsOnPostProcessor:
      Did not match:
         - Ancestor org.springframework.boot.autoconfigure.cache.CacheAutoConfiguration did not match (ConditionEvaluationReport.AncestorsMatchedCondition)
      Matched:
         - @ConditionalOnClass found required class 'org.springframework.orm.jpa.LocalContainerEntityManagerFactoryBean' (OnClassCondition)

   CaffeineCacheConfiguration:
      Did not match:
         - @ConditionalOnClass did not find required class 'com.github.benmanes.caffeine.cache.Caffeine' (OnClassCondition)

   CassandraAutoConfiguration:
      Did not match:
         - @ConditionalOnClass did not find required class 'com.datastax.oss.driver.api.core.CqlSession' (OnClassCondition)

   CassandraDataAutoConfiguration:
      Did not match:
         - @ConditionalOnClass did not find required class 'com.datastax.oss.driver.api.core.CqlSession' (OnClassCondition)

   CassandraReactiveDataAutoConfiguration:
      Did not match:
         - @ConditionalOnClass did not find required class 'com.datastax.oss.driver.api.core.CqlSession' (OnClassCondition)

   CassandraReactiveRepositoriesAutoConfiguration:
      Did not match:
         - @ConditionalOnClass did not find required class 'org.springframework.data.cassandra.ReactiveSession' (OnClassCondition)

   CassandraRepositoriesAutoConfiguration:
      Did not match:
         - @ConditionalOnClass did not find required class 'com.datastax.oss.driver.api.core.CqlSession' (OnClassCondition)

   ClientHttpConnectorAutoConfiguration:
      Did not match:
         - @ConditionalOnClass did not find required class 'org.springframework.web.reactive.function.client.WebClient' (OnClassCondition)

   CodecsAutoConfiguration:
      Did not match:
         - @ConditionalOnClass did not find required class 'org.springframework.web.reactive.function.client.WebClient' (OnClassCondition)

   CouchbaseAutoConfiguration:
      Did not match:
         - @ConditionalOnClass did not find required class 'com.couchbase.client.java.Cluster' (OnClassCondition)

   CouchbaseCacheConfiguration:
      Did not match:
         - @ConditionalOnClass did not find required class 'com.couchbase.client.java.Cluster' (OnClassCondition)

   CouchbaseDataAutoConfiguration:
      Did not match:
         - @ConditionalOnClass did not find required class 'com.couchbase.client.java.Bucket' (OnClassCondition)

   CouchbaseReactiveDataAutoConfiguration:
      Did not match:
         - @ConditionalOnClass did not find required class 'com.couchbase.client.java.Cluster' (OnClassCondition)

   CouchbaseReactiveRepositoriesAutoConfiguration:
      Did not match:
         - @ConditionalOnClass did not find required class 'com.couchbase.client.java.Cluster' (OnClassCondition)

   CouchbaseRepositoriesAutoConfiguration:
      Did not match:
         - @ConditionalOnClass did not find required class 'com.couchbase.client.java.Bucket' (OnClassCondition)

   DataSourceAutoConfiguration.EmbeddedDatabaseConfiguration:
      Did not match:
         - EmbeddedDataSource spring.datasource.url is set (DataSourceAutoConfiguration.EmbeddedDatabaseCondition)

   DataSourceConfiguration.Dbcp2:
      Did not match:
         - @ConditionalOnClass did not find required class 'org.apache.commons.dbcp2.BasicDataSource' (OnClassCondition)

   DataSourceConfiguration.Generic:
      Did not match:
         - @ConditionalOnProperty (spring.datasource.type) did not find property 'spring.datasource.type' (OnPropertyCondition)

   DataSourceConfiguration.OracleUcp:
      Did not match:
         - @ConditionalOnClass did not find required classes 'oracle.ucp.jdbc.PoolDataSourceImpl', 'oracle.jdbc.OracleConnection' (OnClassCondition)

   DataSourceConfiguration.Tomcat:
      Did not match:
         - @ConditionalOnClass did not find required class 'org.apache.tomcat.jdbc.pool.DataSource' (OnClassCondition)

   DataSourceJmxConfiguration:
      Did not match:
         - @ConditionalOnProperty (spring.jmx.enabled=true) found different value in property 'enabled' (OnPropertyCondition)

   DataSourcePoolMetadataProvidersConfiguration.CommonsDbcp2PoolDataSourceMetadataProviderConfiguration:
      Did not match:
         - @ConditionalOnClass did not find required class 'org.apache.commons.dbcp2.BasicDataSource' (OnClassCondition)

   DataSourcePoolMetadataProvidersConfiguration.OracleUcpPoolDataSourceMetadataProviderConfiguration:
      Did not match:
         - @ConditionalOnClass did not find required classes 'oracle.ucp.jdbc.PoolDataSource', 'oracle.jdbc.OracleConnection' (OnClassCondition)

   DataSourcePoolMetadataProvidersConfiguration.TomcatDataSourcePoolMetadataProviderConfiguration:
      Did not match:
         - @ConditionalOnClass did not find required class 'org.apache.tomcat.jdbc.pool.DataSource' (OnClassCondition)

   DataSourceTransactionManagerAutoConfiguration.JdbcTransactionManagerConfiguration#transactionManager:
      Did not match:
         - @ConditionalOnMissingBean (types: org.springframework.transaction.TransactionManager; SearchStrategy: all) found beans of type 'org.springframework.transaction.TransactionManager' transactionManager (OnBeanCondition)

   DevToolsDataSourceAutoConfiguration:
      Did not match:
         - Devtools devtools is disabled for current context. (OnEnabledDevToolsCondition)

   DevToolsR2dbcAutoConfiguration:
      Did not match:
         - @ConditionalOnClass did not find required class 'io.r2dbc.spi.ConnectionFactory' (OnClassCondition)

   DispatcherServletAutoConfiguration.DispatcherServletConfiguration#multipartResolver:
      Did not match:
         - @ConditionalOnBean (types: org.springframework.web.multipart.MultipartResolver; SearchStrategy: all) did not find any beans of type org.springframework.web.multipart.MultipartResolver (OnBeanCondition)

   ElasticsearchClientAutoConfiguration:
      Did not match:
         - @ConditionalOnClass did not find required class 'co.elastic.clients.elasticsearch.ElasticsearchClient' (OnClassCondition)

   ElasticsearchDataAutoConfiguration:
      Did not match:
         - @ConditionalOnClass did not find required class 'org.springframework.data.elasticsearch.client.elc.ElasticsearchTemplate' (OnClassCondition)

   ElasticsearchRepositoriesAutoConfiguration:
      Did not match:
         - @ConditionalOnClass did not find required class 'org.springframework.data.elasticsearch.repository.ElasticsearchRepository' (OnClassCondition)

   ElasticsearchRestClientAutoConfiguration:
      Did not match:
         - @ConditionalOnClass did not find required class 'org.elasticsearch.client.RestClientBuilder' (OnClassCondition)

   EmbeddedLdapAutoConfiguration:
      Did not match:
         - @ConditionalOnClass did not find required class 'com.unboundid.ldap.listener.InMemoryDirectoryServer' (OnClassCondition)

   EmbeddedWebServerFactoryCustomizerAutoConfiguration:
      Did not match:
         - Application is deployed as a WAR file. (OnWarDeploymentCondition)
      Matched:
         - @ConditionalOnWebApplication (required) found 'session' scope (OnWebApplicationCondition)

   ErrorWebFluxAutoConfiguration:
      Did not match:
         - @ConditionalOnClass did not find required class 'org.springframework.web.reactive.config.WebFluxConfigurer' (OnClassCondition)

   FlywayAutoConfiguration:
      Did not match:
         - @ConditionalOnClass did not find required class 'org.flywaydb.core.Flyway' (OnClassCondition)

   FreeMarkerAutoConfiguration:
      Did not match:
         - @ConditionalOnClass did not find required class 'freemarker.template.Configuration' (OnClassCondition)

   GraphQlAutoConfiguration:
      Did not match:
         - @ConditionalOnClass did not find required class 'graphql.GraphQL' (OnClassCondition)

   GraphQlQueryByExampleAutoConfiguration:
      Did not match:
         - @ConditionalOnClass did not find required class 'graphql.GraphQL' (OnClassCondition)

   GraphQlQuerydslAutoConfiguration:
      Did not match:
         - @ConditionalOnClass did not find required class 'graphql.GraphQL' (OnClassCondition)

   GraphQlRSocketAutoConfiguration:
      Did not match:
         - @ConditionalOnClass did not find required class 'graphql.GraphQL' (OnClassCondition)

   GraphQlReactiveQueryByExampleAutoConfiguration:
      Did not match:
         - @ConditionalOnClass did not find required class 'graphql.GraphQL' (OnClassCondition)

   GraphQlReactiveQuerydslAutoConfiguration:
      Did not match:
         - @ConditionalOnClass did not find required class 'graphql.GraphQL' (OnClassCondition)

   GraphQlWebFluxAutoConfiguration:
      Did not match:
         - @ConditionalOnClass did not find required class 'graphql.GraphQL' (OnClassCondition)

   GraphQlWebFluxSecurityAutoConfiguration:
      Did not match:
         - @ConditionalOnClass did not find required class 'graphql.GraphQL' (OnClassCondition)

   GraphQlWebMvcAutoConfiguration:
      Did not match:
         - @ConditionalOnClass did not find required class 'graphql.GraphQL' (OnClassCondition)

   GraphQlWebMvcSecurityAutoConfiguration:
      Did not match:
         - @ConditionalOnClass did not find required class 'graphql.GraphQL' (OnClassCondition)

   GroovyTemplateAutoConfiguration:
      Did not match:
         - @ConditionalOnClass did not find required class 'groovy.text.markup.MarkupTemplateEngine' (OnClassCondition)

   GsonAutoConfiguration:
      Did not match:
         - @ConditionalOnClass did not find required class 'com.google.gson.Gson' (OnClassCondition)

   GsonHttpMessageConvertersConfiguration:
      Did not match:
         - @ConditionalOnClass did not find required class 'com.google.gson.Gson' (OnClassCondition)

   H2ConsoleAutoConfiguration:
      Did not match:
         - @ConditionalOnClass did not find required class 'org.h2.server.web.JakartaWebServlet' (OnClassCondition)

   HazelcastAutoConfiguration:
      Did not match:
         - @ConditionalOnClass did not find required class 'com.hazelcast.core.HazelcastInstance' (OnClassCondition)

   HazelcastCacheConfiguration:
      Did not match:
         - @ConditionalOnClass did not find required class 'com.hazelcast.core.HazelcastInstance' (OnClassCondition)

   HazelcastJpaDependencyAutoConfiguration:
      Did not match:
         - @ConditionalOnClass did not find required class 'com.hazelcast.core.HazelcastInstance' (OnClassCondition)

   HttpHandlerAutoConfiguration:
      Did not match:
         - @ConditionalOnClass did not find required class 'org.springframework.web.reactive.DispatcherHandler' (OnClassCondition)

   HypermediaAutoConfiguration:
      Did not match:
         - @ConditionalOnClass did not find required class 'org.springframework.hateoas.EntityModel' (OnClassCondition)

   InfinispanCacheConfiguration:
      Did not match:
         - @ConditionalOnClass did not find required class 'org.infinispan.spring.embedded.provider.SpringEmbeddedCacheManager' (OnClassCondition)

   InfluxDbAutoConfiguration:
      Did not match:
         - @ConditionalOnClass did not find required class 'org.influxdb.InfluxDB' (OnClassCondition)

   IntegrationAutoConfiguration:
      Did not match:
         - @ConditionalOnClass did not find required class 'org.springframework.integration.config.EnableIntegration' (OnClassCondition)

   JCacheCacheConfiguration:
      Did not match:
         - @ConditionalOnClass did not find required class 'javax.cache.Caching' (OnClassCondition)

   JacksonHttpMessageConvertersConfiguration.MappingJackson2XmlHttpMessageConverterConfiguration:
      Did not match:
         - @ConditionalOnClass did not find required class 'com.fasterxml.jackson.dataformat.xml.XmlMapper' (OnClassCondition)

   JdbcRepositoriesAutoConfiguration:
      Did not match:
         - @ConditionalOnClass did not find required class 'org.springframework.data.jdbc.repository.config.AbstractJdbcConfiguration' (OnClassCondition)

   JerseyAutoConfiguration:
      Did not match:
         - @ConditionalOnClass did not find required class 'org.glassfish.jersey.server.spring.SpringComponentProvider' (OnClassCondition)

   JmsAutoConfiguration:
      Did not match:
         - @ConditionalOnClass did not find required class 'jakarta.jms.Message' (OnClassCondition)

   JmxAutoConfiguration:
      Did not match:
         - @ConditionalOnProperty (spring.jmx.enabled=true) found different value in property 'enabled' (OnPropertyCondition)
      Matched:
         - @ConditionalOnClass found required class 'org.springframework.jmx.export.MBeanExporter' (OnClassCondition)

   JndiConnectionFactoryAutoConfiguration:
      Did not match:
         - @ConditionalOnClass did not find required class 'org.springframework.jms.core.JmsTemplate' (OnClassCondition)

   JndiDataSourceAutoConfiguration:
      Did not match:
         - @ConditionalOnProperty (spring.datasource.jndi-name) did not find property 'jndi-name' (OnPropertyCondition)
      Matched:
         - @ConditionalOnClass found required classes 'javax.sql.DataSource', 'org.springframework.jdbc.datasource.embedded.EmbeddedDatabaseType' (OnClassCondition)

   JndiJtaConfiguration:
      Did not match:
         - @ConditionalOnJndi JNDI environment is not available (OnJndiCondition)
      Matched:
         - @ConditionalOnClass found required class 'org.springframework.transaction.jta.JtaTransactionManager' (OnClassCondition)

   JooqAutoConfiguration:
      Did not match:
         - @ConditionalOnClass did not find required class 'org.jooq.DSLContext' (OnClassCondition)

   JpaRepositoriesAutoConfiguration:
      Did not match:
         - @ConditionalOnMissingBean (types: org.springframework.data.jpa.repository.support.JpaRepositoryFactoryBean,org.springframework.data.jpa.repository.config.JpaRepositoryConfigExtension; SearchStrategy: all) found beans of type 'org.springframework.data.jpa.repository.support.JpaRepositoryFactoryBean' &couponRepo, &tokenRepo, &returnRequestRepo, &taskOffersRepo, &customerRepository, &cartItemRepo, &walletRepo, &orderItemRepo, &productRepo, &wishlistRepo, &cartRepo, &adminRepository, &otpRepo, &orderRepo, &roleRepository, &paymentRepo, &orderAddressRepo, &categoryRepo, &addressRepo and found beans of type 'org.springframework.data.jpa.repository.config.JpaRepositoryConfigExtension' org.springframework.data.jpa.repository.config.JpaRepositoryConfigExtension#0 (OnBeanCondition)
      Matched:
         - @ConditionalOnClass found required class 'org.springframework.data.jpa.repository.JpaRepository' (OnClassCondition)
         - @ConditionalOnProperty (spring.data.jpa.repositories.enabled=true) matched (OnPropertyCondition)

   JsonbAutoConfiguration:
      Did not match:
         - @ConditionalOnClass did not find required class 'jakarta.json.bind.Jsonb' (OnClassCondition)

   JsonbHttpMessageConvertersConfiguration:
      Did not match:
         - @ConditionalOnClass did not find required class 'jakarta.json.bind.Jsonb' (OnClassCondition)

   KafkaAutoConfiguration:
      Did not match:
         - @ConditionalOnClass did not find required class 'org.springframework.kafka.core.KafkaTemplate' (OnClassCondition)

   LdapAutoConfiguration:
      Did not match:
         - @ConditionalOnClass did not find required class 'org.springframework.ldap.core.ContextSource' (OnClassCondition)

   LdapRepositoriesAutoConfiguration:
      Did not match:
         - @ConditionalOnClass did not find required class 'org.springframework.data.ldap.repository.LdapRepository' (OnClassCondition)

   LiquibaseAutoConfiguration:
      Did not match:
         - @ConditionalOnClass did not find required class 'liquibase.change.DatabaseChange' (OnClassCondition)

   LocalDevToolsAutoConfiguration:
      Did not match:
         - Initialized Restarter Condition initialized without URLs (OnInitializedRestarterCondition)

   MailSenderAutoConfiguration:
      Did not match:
         - AnyNestedCondition 0 matched 2 did not; NestedCondition on MailSenderAutoConfiguration.MailSenderCondition.JndiNameProperty @ConditionalOnProperty (spring.mail.jndi-name) did not find property 'jndi-name'; NestedCondition on MailSenderAutoConfiguration.MailSenderCondition.HostProperty @ConditionalOnProperty (spring.mail.host) did not find property 'host' (MailSenderAutoConfiguration.MailSenderCondition)
      Matched:
         - @ConditionalOnClass found required classes 'jakarta.mail.internet.MimeMessage', 'jakarta.activation.MimeType', 'org.springframework.mail.MailSender' (OnClassCondition)

   MailSenderValidatorAutoConfiguration:
      Did not match:
         - @ConditionalOnProperty (spring.mail.test-connection) did not find property 'test-connection' (OnPropertyCondition)

   MessageSourceAutoConfiguration:
      Did not match:
         - ResourceBundle did not find bundle with basename messages (MessageSourceAutoConfiguration.ResourceBundleCondition)

   MongoAutoConfiguration:
      Did not match:
         - @ConditionalOnClass did not find required class 'com.mongodb.client.MongoClient' (OnClassCondition)

   MongoDataAutoConfiguration:
      Did not match:
         - @ConditionalOnClass did not find required class 'com.mongodb.client.MongoClient' (OnClassCondition)

   MongoReactiveAutoConfiguration:
      Did not match:
         - @ConditionalOnClass did not find required class 'com.mongodb.reactivestreams.client.MongoClient' (OnClassCondition)

   MongoReactiveDataAutoConfiguration:
      Did not match:
         - @ConditionalOnClass did not find required class 'com.mongodb.reactivestreams.client.MongoClient' (OnClassCondition)

   MongoReactiveRepositoriesAutoConfiguration:
      Did not match:
         - @ConditionalOnClass did not find required class 'com.mongodb.reactivestreams.client.MongoClient' (OnClassCondition)

   MongoRepositoriesAutoConfiguration:
      Did not match:
         - @ConditionalOnClass did not find required class 'com.mongodb.client.MongoClient' (OnClassCondition)

   MustacheAutoConfiguration:
      Did not match:
         - @ConditionalOnClass did not find required class 'com.samskivert.mustache.Mustache' (OnClassCondition)

   Neo4jAutoConfiguration:
      Did not match:
         - @ConditionalOnClass did not find required class 'org.neo4j.driver.Driver' (OnClassCondition)

   Neo4jDataAutoConfiguration:
      Did not match:
         - @ConditionalOnClass did not find required class 'org.neo4j.driver.Driver' (OnClassCondition)

   Neo4jReactiveDataAutoConfiguration:
      Did not match:
         - @ConditionalOnClass did not find required class 'org.neo4j.driver.Driver' (OnClassCondition)

   Neo4jReactiveRepositoriesAutoConfiguration:
      Did not match:
         - @ConditionalOnClass did not find required class 'org.neo4j.driver.Driver' (OnClassCondition)

   Neo4jRepositoriesAutoConfiguration:
      Did not match:
         - @ConditionalOnClass did not find required class 'org.neo4j.driver.Driver' (OnClassCondition)

   NettyAutoConfiguration:
      Did not match:
         - @ConditionalOnClass did not find required class 'io.netty.util.NettyRuntime' (OnClassCondition)

   OAuth2AuthorizationServerAutoConfiguration:
      Did not match:
         - @ConditionalOnClass did not find required class 'org.springframework.security.oauth2.server.authorization.OAuth2Authorization' (OnClassCondition)

   OAuth2AuthorizationServerJwtAutoConfiguration:
      Did not match:
         - @ConditionalOnClass did not find required class 'org.springframework.security.oauth2.server.authorization.OAuth2Authorization' (OnClassCondition)

   OAuth2ClientRegistrationRepositoryConfiguration:
      Did not match:
         - OAuth2 Clients Configured Condition registered clients is not available (ClientsConfiguredCondition)

   OAuth2ResourceServerAutoConfiguration:
      Did not match:
         - @ConditionalOnClass did not find required class 'org.springframework.security.oauth2.server.resource.authentication.BearerTokenAuthenticationToken' (OnClassCondition)

   OAuth2WebSecurityConfiguration:
      Did not match:
         - @ConditionalOnBean (types: org.springframework.security.oauth2.client.registration.ClientRegistrationRepository; SearchStrategy: all) did not find any beans of type org.springframework.security.oauth2.client.registration.ClientRegistrationRepository (OnBeanCondition)

   ProjectInfoAutoConfiguration#buildProperties:
      Did not match:
         - @ConditionalOnResource did not find resource '${spring.info.build.location:classpath:META-INF/build-info.properties}' (OnResourceCondition)

   ProjectInfoAutoConfiguration#gitProperties:
      Did not match:
         - GitResource did not find git info at classpath:git.properties (ProjectInfoAutoConfiguration.GitResourceAvailableCondition)

   QuartzAutoConfiguration:
      Did not match:
         - @ConditionalOnClass did not find required class 'org.quartz.Scheduler' (OnClassCondition)

   R2dbcAutoConfiguration:
      Did not match:
         - @ConditionalOnClass did not find required class 'io.r2dbc.spi.ConnectionFactory' (OnClassCondition)

   R2dbcDataAutoConfiguration:
      Did not match:
         - @ConditionalOnClass did not find required class 'org.springframework.data.r2dbc.core.R2dbcEntityTemplate' (OnClassCondition)

   R2dbcInitializationConfiguration:
      Did not match:
         - @ConditionalOnClass did not find required classes 'io.r2dbc.spi.ConnectionFactory', 'org.springframework.r2dbc.connection.init.DatabasePopulator' (OnClassCondition)

   R2dbcRepositoriesAutoConfiguration:
      Did not match:
         - @ConditionalOnClass did not find required class 'io.r2dbc.spi.ConnectionFactory' (OnClassCondition)

   R2dbcTransactionManagerAutoConfiguration:
      Did not match:
         - @ConditionalOnClass did not find required class 'org.springframework.r2dbc.connection.R2dbcTransactionManager' (OnClassCondition)

   RSocketGraphQlClientAutoConfiguration:
      Did not match:
         - @ConditionalOnClass did not find required class 'graphql.GraphQL' (OnClassCondition)

   RSocketMessagingAutoConfiguration:
      Did not match:
         - @ConditionalOnClass did not find required class 'io.rsocket.RSocket' (OnClassCondition)

   RSocketRequesterAutoConfiguration:
      Did not match:
         - @ConditionalOnClass did not find required class 'io.rsocket.RSocket' (OnClassCondition)

   RSocketSecurityAutoConfiguration:
      Did not match:
         - @ConditionalOnClass did not find required class 'org.springframework.security.rsocket.core.SecuritySocketAcceptorInterceptor' (OnClassCondition)

   RSocketServerAutoConfiguration:
      Did not match:
         - @ConditionalOnClass did not find required class 'io.rsocket.core.RSocketServer' (OnClassCondition)

   RSocketStrategiesAutoConfiguration:
      Did not match:
         - @ConditionalOnClass did not find required class 'io.netty.buffer.PooledByteBufAllocator' (OnClassCondition)

   RabbitAutoConfiguration:
      Did not match:
         - @ConditionalOnClass did not find required class 'com.rabbitmq.client.Channel' (OnClassCondition)

   ReactiveElasticsearchClientAutoConfiguration:
      Did not match:
         - @ConditionalOnClass did not find required class 'co.elastic.clients.transport.ElasticsearchTransport' (OnClassCondition)

   ReactiveElasticsearchRepositoriesAutoConfiguration:
      Did not match:
         - @ConditionalOnClass did not find required class 'org.springframework.data.elasticsearch.client.elc.ReactiveElasticsearchClient' (OnClassCondition)

   ReactiveMultipartAutoConfiguration:
      Did not match:
         - @ConditionalOnClass did not find required class 'org.springframework.web.reactive.config.WebFluxConfigurer' (OnClassCondition)

   ReactiveOAuth2ClientAutoConfiguration:
      Did not match:
         - @ConditionalOnClass did not find required class 'reactor.core.publisher.Flux' (OnClassCondition)

   ReactiveOAuth2ResourceServerAutoConfiguration:
      Did not match:
         - @ConditionalOnWebApplication did not find reactive web application classes (OnWebApplicationCondition)

   ReactiveSecurityAutoConfiguration:
      Did not match:
         - @ConditionalOnClass did not find required class 'reactor.core.publisher.Flux' (OnClassCondition)

   ReactiveUserDetailsServiceAutoConfiguration:
      Did not match:
         - AnyNestedCondition 0 matched 2 did not; NestedCondition on ReactiveUserDetailsServiceAutoConfiguration.ReactiveUserDetailsServiceCondition.ReactiveWebApplicationCondition did not find reactive web application classes; NestedCondition on ReactiveUserDetailsServiceAutoConfiguration.ReactiveUserDetailsServiceCondition.RSocketSecurityEnabledCondition @ConditionalOnBean (types: org.springframework.messaging.rsocket.annotation.support.RSocketMessageHandler; SearchStrategy: all) did not find any beans of type org.springframework.messaging.rsocket.annotation.support.RSocketMessageHandler (ReactiveUserDetailsServiceAutoConfiguration.ReactiveUserDetailsServiceCondition)
      Matched:
         - @ConditionalOnClass found required class 'org.springframework.security.authentication.ReactiveAuthenticationManager' (OnClassCondition)

   ReactiveWebServerFactoryAutoConfiguration:
      Did not match:
         - @ConditionalOnWebApplication did not find reactive web application classes (OnWebApplicationCondition)

   RedisAutoConfiguration:
      Did not match:
         - @ConditionalOnClass did not find required class 'org.springframework.data.redis.core.RedisOperations' (OnClassCondition)

   RedisCacheConfiguration:
      Did not match:
         - @ConditionalOnClass did not find required class 'org.springframework.data.redis.connection.RedisConnectionFactory' (OnClassCondition)

   RedisReactiveAutoConfiguration:
      Did not match:
         - @ConditionalOnClass did not find required class 'reactor.core.publisher.Flux' (OnClassCondition)

   RedisRepositoriesAutoConfiguration:
      Did not match:
         - @ConditionalOnClass did not find required class 'org.springframework.data.redis.repository.configuration.EnableRedisRepositories' (OnClassCondition)

   RemoteDevToolsAutoConfiguration:
      Did not match:
         - @ConditionalOnProperty (spring.devtools.remote.secret) did not find property 'secret' (OnPropertyCondition)
      Matched:
         - @ConditionalOnClass found required classes 'jakarta.servlet.Filter', 'org.springframework.http.server.ServerHttpRequest' (OnClassCondition)

   RepositoryRestMvcAutoConfiguration:
      Did not match:
         - @ConditionalOnClass did not find required class 'org.springframework.data.rest.webmvc.config.RepositoryRestMvcConfiguration' (OnClassCondition)

   Saml2RelyingPartyAutoConfiguration:
      Did not match:
         - @ConditionalOnClass did not find required class 'org.springframework.security.saml2.provider.service.registration.RelyingPartyRegistrationRepository' (OnClassCondition)

   SecurityDataConfiguration:
      Did not match:
         - @ConditionalOnClass did not find required class 'org.springframework.security.data.repository.query.SecurityEvaluationContextExtension' (OnClassCondition)

   SendGridAutoConfiguration:
      Did not match:
         - @ConditionalOnClass did not find required class 'com.sendgrid.SendGrid' (OnClassCondition)

   ServletWebServerFactoryAutoConfiguration.ForwardedHeaderFilterConfiguration:
      Did not match:
         - @ConditionalOnProperty (server.forward-headers-strategy=framework) did not find property 'server.forward-headers-strategy' (OnPropertyCondition)

   ServletWebServerFactoryConfiguration.EmbeddedJetty:
      Did not match:
         - @ConditionalOnClass did not find required classes 'org.eclipse.jetty.server.Server', 'org.eclipse.jetty.util.Loader', 'org.eclipse.jetty.webapp.WebAppContext' (OnClassCondition)

   ServletWebServerFactoryConfiguration.EmbeddedUndertow:
      Did not match:
         - @ConditionalOnClass did not find required classes 'io.undertow.Undertow', 'org.xnio.SslClientAuthMode' (OnClassCondition)

   SessionAutoConfiguration:
      Did not match:
         - @ConditionalOnClass did not find required class 'org.springframework.session.Session' (OnClassCondition)

   SpringApplicationAdminJmxAutoConfiguration:
      Did not match:
         - @ConditionalOnProperty (spring.application.admin.enabled=true) did not find property 'enabled' (OnPropertyCondition)

   SpringBootWebSecurityConfiguration.SecurityFilterChainConfiguration:
      Did not match:
         - AllNestedConditions 1 matched 1 did not; NestedCondition on DefaultWebSecurityCondition.Beans @ConditionalOnMissingBean (types: org.springframework.security.web.SecurityFilterChain; SearchStrategy: all) found beans of type 'org.springframework.security.web.SecurityFilterChain' securityFilterChain; NestedCondition on DefaultWebSecurityCondition.Classes @ConditionalOnClass found required classes 'org.springframework.security.web.SecurityFilterChain', 'org.springframework.security.config.annotation.web.builders.HttpSecurity' (DefaultWebSecurityCondition)

   SpringBootWebSecurityConfiguration.WebSecurityEnablerConfiguration:
      Did not match:
         - @ConditionalOnMissingBean (names: springSecurityFilterChain; SearchStrategy: all) found beans named springSecurityFilterChain (OnBeanCondition)
      Matched:
         - @ConditionalOnClass found required class 'org.springframework.security.config.annotation.web.configuration.EnableWebSecurity' (OnClassCondition)

   TaskSchedulingAutoConfiguration#scheduledBeanLazyInitializationExcludeFilter:
      Did not match:
         - @ConditionalOnBean (names: org.springframework.context.annotation.internalScheduledAnnotationProcessor; SearchStrategy: all) did not find any beans named org.springframework.context.annotation.internalScheduledAnnotationProcessor (OnBeanCondition)

   TaskSchedulingAutoConfiguration#taskScheduler:
      Did not match:
         - @ConditionalOnBean (names: org.springframework.context.annotation.internalScheduledAnnotationProcessor; SearchStrategy: all) did not find any beans named org.springframework.context.annotation.internalScheduledAnnotationProcessor (OnBeanCondition)

   TemplateEngineConfigurations.ReactiveTemplateEngineConfiguration:
      Did not match:
         - did not find reactive web application classes (OnWebApplicationCondition)

   ThymeleafAutoConfiguration.DataAttributeDialectConfiguration:
      Did not match:
         - @ConditionalOnClass did not find required class 'com.github.mxab.thymeleaf.extras.dataattribute.dialect.DataAttributeDialect' (OnClassCondition)

   ThymeleafAutoConfiguration.ThymeleafWebFluxConfiguration:
      Did not match:
         - did not find reactive web application classes (OnWebApplicationCondition)

   ThymeleafAutoConfiguration.ThymeleafWebLayoutConfiguration:
      Did not match:
         - @ConditionalOnClass did not find required class 'nz.net.ultraq.thymeleaf.layoutdialect.LayoutDialect' (OnClassCondition)

   ThymeleafAutoConfiguration.ThymeleafWebMvcConfiguration#resourceUrlEncodingFilter:
      Did not match:
         - @ConditionalOnEnabledResourceChain did not find class org.webjars.WebJarAssetLocator (OnEnabledResourceChainCondition)

   TransactionAutoConfiguration#transactionalOperator:
      Did not match:
         - @ConditionalOnSingleCandidate (types: org.springframework.transaction.ReactiveTransactionManager; SearchStrategy: all) did not find any beans (OnBeanCondition)

   TransactionAutoConfiguration.EnableTransactionManagementConfiguration.JdkDynamicAutoProxyConfiguration:
      Did not match:
         - @ConditionalOnProperty (spring.aop.proxy-target-class=false) did not find property 'proxy-target-class' (OnPropertyCondition)

   UserDetailsServiceAutoConfiguration:
      Did not match:
         - @ConditionalOnMissingBean (types: org.springframework.security.authentication.AuthenticationManager,org.springframework.security.authentication.AuthenticationProvider,org.springframework.security.core.userdetails.UserDetailsService,org.springframework.security.authentication.AuthenticationManagerResolver,org.springframework.security.oauth2.jwt.JwtDecoder,org.springframework.security.oauth2.server.resource.introspection.OpaqueTokenIntrospector,org.springframework.security.oauth2.client.registration.ClientRegistrationRepository,org.springframework.security.saml2.provider.service.registration.RelyingPartyRegistrationRepository; SearchStrategy: all) found beans of type 'org.springframework.security.core.userdetails.UserDetailsService' adminDetailsService and found beans of type 'org.springframework.security.authentication.AuthenticationProvider' customAuthenticationProvider (OnBeanCondition)
      Matched:
         - @ConditionalOnClass found required class 'org.springframework.security.authentication.AuthenticationManager' (OnClassCondition)

   WebClientAutoConfiguration:
      Did not match:
         - @ConditionalOnClass did not find required class 'org.springframework.web.reactive.function.client.WebClient' (OnClassCondition)

   WebFluxAutoConfiguration:
      Did not match:
         - @ConditionalOnClass did not find required class 'org.springframework.web.reactive.config.WebFluxConfigurer' (OnClassCondition)

   WebMvcAutoConfiguration#hiddenHttpMethodFilter:
      Did not match:
         - @ConditionalOnProperty (spring.mvc.hiddenmethod.filter.enabled) did not find property 'enabled' (OnPropertyCondition)

   WebMvcAutoConfiguration.ProblemDetailsErrorHandlingConfiguration:
      Did not match:
         - @ConditionalOnProperty (spring.mvc.problemdetails.enabled=true) did not find property 'enabled' (OnPropertyCondition)

   WebMvcAutoConfiguration.ResourceChainCustomizerConfiguration:
      Did not match:
         - @ConditionalOnEnabledResourceChain did not find class org.webjars.WebJarAssetLocator (OnEnabledResourceChainCondition)

   WebMvcAutoConfiguration.WebMvcAutoConfigurationAdapter#beanNameViewResolver:
      Did not match:
         - @ConditionalOnMissingBean (types: org.springframework.web.servlet.view.BeanNameViewResolver; SearchStrategy: all) found beans of type 'org.springframework.web.servlet.view.BeanNameViewResolver' beanNameViewResolver (OnBeanCondition)

   WebServiceTemplateAutoConfiguration:
      Did not match:
         - @ConditionalOnClass did not find required class 'org.springframework.oxm.Marshaller' (OnClassCondition)

   WebServicesAutoConfiguration:
      Did not match:
         - @ConditionalOnClass did not find required class 'org.springframework.ws.transport.http.MessageDispatcherServlet' (OnClassCondition)

   WebSessionIdResolverAutoConfiguration:
      Did not match:
         - @ConditionalOnClass did not find required class 'reactor.core.publisher.Mono' (OnClassCondition)

   WebSocketMessagingAutoConfiguration:
      Did not match:
         - @ConditionalOnClass did not find required class 'org.springframework.web.socket.config.annotation.WebSocketMessageBrokerConfigurer' (OnClassCondition)

   WebSocketReactiveAutoConfiguration:
      Did not match:
         - @ConditionalOnWebApplication did not find reactive web application classes (OnWebApplicationCondition)

   WebSocketServletAutoConfiguration.JettyWebSocketConfiguration:
      Did not match:
         - @ConditionalOnClass did not find required class 'org.eclipse.jetty.websocket.jakarta.server.config.JakartaWebSocketServletContainerInitializer' (OnClassCondition)

   WebSocketServletAutoConfiguration.UndertowWebSocketConfiguration:
      Did not match:
         - @ConditionalOnClass did not find required class 'io.undertow.websockets.jsr.Bootstrap' (OnClassCondition)

   XADataSourceAutoConfiguration:
      Did not match:
         - @ConditionalOnBean (types: org.springframework.boot.jdbc.XADataSourceWrapper; SearchStrategy: all) did not find any beans of type org.springframework.boot.jdbc.XADataSourceWrapper (OnBeanCondition)
      Matched:
         - @ConditionalOnClass found required classes 'javax.sql.DataSource', 'jakarta.transaction.TransactionManager', 'org.springframework.jdbc.datasource.embedded.EmbeddedDatabaseType' (OnClassCondition)


Exclusions:
-----------

    None


Unconditional classes:
----------------------

    org.springframework.boot.autoconfigure.context.ConfigurationPropertiesAutoConfiguration

    org.springframework.boot.autoconfigure.ssl.SslAutoConfiguration

    org.springframework.boot.autoconfigure.context.LifecycleAutoConfiguration

    org.springframework.boot.autoconfigure.context.PropertyPlaceholderAutoConfiguration

    org.springframework.boot.autoconfigure.availability.ApplicationAvailabilityAutoConfiguration

    org.springframework.boot.autoconfigure.info.ProjectInfoAutoConfiguration



2023-11-15T17:20:11.263+05:30  INFO 7395 --- [           main] c.ecommerce.admin.AdminApplicationTests  : Started AdminApplicationTests in 4.967 seconds (process running for 5.531)
2023-11-15T17:20:11.265+05:30 DEBUG 7395 --- [           main] o.s.b.a.ApplicationAvailabilityBean      : Application availability state LivenessState changed to CORRECT
2023-11-15T17:20:11.266+05:30 DEBUG 7395 --- [           main] o.s.boot.devtools.restart.Restarter      : Creating new Restarter for thread Thread[main,5,main]
2023-11-15T17:20:11.266+05:30 DEBUG 7395 --- [           main] o.s.b.a.ApplicationAvailabilityBean      : Application availability state ReadinessState changed to ACCEPTING_TRAFFIC
2023-11-15T17:20:11.267+05:30 DEBUG 7395 --- [           main] org.springframework.test.context.cache   : Spring test ApplicationContext cache statistics: [DefaultContextCache@569ac51e size = 1, maxSize = 32, parentContextCount = 0, hitCount = 0, missCount = 1]
2023-11-15T17:20:11.267+05:30 DEBUG 7395 --- [           main] o.s.t.c.w.ServletTestExecutionListener   : Setting up MockHttpServletRequest, MockHttpServletResponse, ServletWebRequest, and RequestContextHolder for test class com.ecommerce.admin.AdminApplicationTests
2023-11-15T17:20:11.275+05:30 DEBUG 7395 --- [           main] DependencyInjectionTestExecutionListener : Performing dependency injection for test class com.ecommerce.admin.AdminApplicationTests
2023-11-15T17:20:11.275+05:30 DEBUG 7395 --- [           main] org.springframework.test.context.cache   : Spring test ApplicationContext cache statistics: [DefaultContextCache@569ac51e size = 1, maxSize = 32, parentContextCount = 0, hitCount = 1, missCount = 1]
2023-11-15T17:20:11.275+05:30 DEBUG 7395 --- [           main] org.springframework.test.context.cache   : Spring test ApplicationContext cache statistics: [DefaultContextCache@569ac51e size = 1, maxSize = 32, parentContextCount = 0, hitCount = 2, missCount = 1]
2023-11-15T17:20:11.278+05:30 DEBUG 7395 --- [           main] sContextBeforeModesTestExecutionListener : Before test method: class [AdminApplicationTests], method [contextLoads], class annotated with @DirtiesContext [false] with mode [null], method annotated with @DirtiesContext [false] with mode [null]
2023-11-15T17:20:11.280+05:30 DEBUG 7395 --- [           main] org.springframework.test.context.cache   : Spring test ApplicationContext cache statistics: [DefaultContextCache@569ac51e size = 1, maxSize = 32, parentContextCount = 0, hitCount = 3, missCount = 1]
2023-11-15T17:20:11.281+05:30 DEBUG 7395 --- [           main] org.springframework.test.context.cache   : Spring test ApplicationContext cache statistics: [DefaultContextCache@569ac51e size = 1, maxSize = 32, parentContextCount = 0, hitCount = 4, missCount = 1]
2023-11-15T17:20:11.620+05:30 DEBUG 7395 --- [           main] org.springframework.test.context.cache   : Spring test ApplicationContext cache statistics: [DefaultContextCache@569ac51e size = 1, maxSize = 32, parentContextCount = 0, hitCount = 5, missCount = 1]
2023-11-15T17:20:11.623+05:30 DEBUG 7395 --- [           main] org.springframework.test.context.cache   : Spring test ApplicationContext cache statistics: [DefaultContextCache@569ac51e size = 1, maxSize = 32, parentContextCount = 0, hitCount = 6, missCount = 1]
2023-11-15T17:20:11.623+05:30 DEBUG 7395 --- [           main] org.springframework.test.context.cache   : Spring test ApplicationContext cache statistics: [DefaultContextCache@569ac51e size = 1, maxSize = 32, parentContextCount = 0, hitCount = 7, missCount = 1]
2023-11-15T17:20:11.623+05:30 DEBUG 7395 --- [           main] org.springframework.test.context.cache   : Spring test ApplicationContext cache statistics: [DefaultContextCache@569ac51e size = 1, maxSize = 32, parentContextCount = 0, hitCount = 8, missCount = 1]
2023-11-15T17:20:11.624+05:30 DEBUG 7395 --- [           main] org.springframework.test.context.cache   : Spring test ApplicationContext cache statistics: [DefaultContextCache@569ac51e size = 1, maxSize = 32, parentContextCount = 0, hitCount = 9, missCount = 1]
2023-11-15T17:20:11.625+05:30 DEBUG 7395 --- [           main] org.springframework.test.context.cache   : Spring test ApplicationContext cache statistics: [DefaultContextCache@569ac51e size = 1, maxSize = 32, parentContextCount = 0, hitCount = 10, missCount = 1]
2023-11-15T17:20:11.626+05:30 DEBUG 7395 --- [           main] org.springframework.test.context.cache   : Spring test ApplicationContext cache statistics: [DefaultContextCache@569ac51e size = 1, maxSize = 32, parentContextCount = 0, hitCount = 11, missCount = 1]
2023-11-15T17:20:11.626+05:30 DEBUG 7395 --- [           main] org.springframework.test.context.cache   : Spring test ApplicationContext cache statistics: [DefaultContextCache@569ac51e size = 1, maxSize = 32, parentContextCount = 0, hitCount = 12, missCount = 1]
2023-11-15T17:20:11.627+05:30 DEBUG 7395 --- [           main] .c.s.DirtiesContextTestExecutionListener : After test method: class [AdminApplicationTests], method [contextLoads], class annotated with @DirtiesContext [false] with mode [null], method annotated with @DirtiesContext [false] with mode [null]
2023-11-15T17:20:11.627+05:30 DEBUG 7395 --- [           main] o.s.t.c.w.ServletTestExecutionListener   : Resetting RequestContextHolder for test class com.ecommerce.admin.AdminApplicationTests
]]></system-out>
  </testcase>
</testsuite>